2025/08/07 15:05:53.47 ジョブID: NSBA130S020 の実行開始 
2025/08/07 15:05:53.47 STEP010 開始 
2025/08/07 15:05:53.48 STEP010 実行終了 
2025/08/07 15:05:53.48 STEP020 実行開始 
2025/08/07 15:05:53.53 STEP020 終了 
2025/08/07 15:05:53.53 STEP030 実行開始 
682  [main] INFO  com.informatica.saas.utilities.plugins.EncryptTextPlugin  - Keystore : key-store.txt
873  [main] INFO  com.informatica.saas.plugins.RestClientPlugin  - Welcome to Informatica CLI tool
881  [main] INFO  com.informatica.saas.plugins.RestClientPlugin  - Based on your configuration CLI tool will assume you are working in Florence(IICS) mode
https://dm1-ap.informaticacloud.com/ma/api/v3/InternalLogin
6445 [main] INFO  com.informatica.saas.delegate.florence.FlorenceUserDelegate  - SaaS URL was not set. Using SaaS URL: https://apne1.dm1-ap.informaticacloud.com/saas
6449 [main] INFO  com.informatica.saas.delegate.florence.FlorenceUserDelegate  - Logged IN, IDS-SESSION-ID=aM3t7htWDsIeifru4Ok7cR
6453 [main] INFO  com.informatica.saas.utilities.plugins.UserHandler  - Logged in at Thu Aug 07 15:06:00 JST 2025
6455 [main] INFO  com.informatica.saas.utilities.task.ICRTTask  - Thu Aug 07 15:06:00 JST 2025 Running the task: wf_NSB_A130_030
https://apne1.dm1-ap.informaticacloud.com/active-bpel/tf/wf_NSB_A130_030
7147 [main] INFO  com.informatica.saas.utilities.task.ICRTTask  - Submitted run of the task: taskUrl=wf_NSB_A130_030, taskRunId=1137990005992427520
https://apne1.dm1-ap.informaticacloud.com/active-bpel/services/tf/status/1137990005992427520
7205 [main] INFO  com.informatica.saas.utilities.task.ICRTTask  - Thu Aug 07 15:06:00 JST 2025 Task wf_NSB_A130_030 with run Id 1137990005992427520 found in activity log
7205 [main] INFO  com.informatica.saas.utilities.task.ICRTTask  - Job Status:  Running
https://apne1.dm1-ap.informaticacloud.com/active-bpel/services/tf/status/1137990005992427520
22325 [main] INFO  com.informatica.saas.utilities.task.ICRTTask  - Thu Aug 07 15:06:15 JST 2025 Task wf_NSB_A130_030 with run Id 1137990005992427520 found in activity log
22326 [main] INFO  com.informatica.saas.utilities.task.ICRTTask  - Job Status:  Running
https://apne1.dm1-ap.informaticacloud.com/active-bpel/services/tf/status/1137990005992427520
37431 [main] INFO  com.informatica.saas.utilities.task.ICRTTask  - Thu Aug 07 15:06:31 JST 2025 Task wf_NSB_A130_030 with run Id 1137990005992427520 found in activity log
37431 [main] INFO  com.informatica.saas.utilities.task.ICRTTask  - Job Status:  Success
37432 [main] INFO  com.informatica.saas.utilities.task.ICRTTask  - Details: ID: runId: 1137990005992427520 Start Time: 2025-08-07T06:06:01Z End Time: 2025-08-07T06:06:18Z Subtask Count: 1
37432 [main] INFO  com.informatica.saas.utilities.plugins.RunAJobPlugin  - Thu Aug 07 15:06:31 JST 2025 Task null with run Id 1137990005992427520 exited from activity monitor
https://dm1-ap.informaticacloud.com/ma/api/v3/Logout
37595 [main] INFO  com.informatica.saas.delegate.florence.FlorenceUserDelegate  - Logged OUT, IDS-SESSION-ID=aM3t7htWDsIeifru4Ok7cR
37595 [main] INFO  com.informatica.saas.utilities.plugins.UserHandler  - Logged out at Thu Aug 07 15:06:31 JST 2025
37595 [main] INFO  com.informatica.saas.utilities.plugins.RunAJobPlugin  - Main returning: 0
2025/08/07 15:06:31.31 STEP030 実行終了 
2025/08/07 15:06:31.31 STEP040 実行開始 
2025/08/07 15:06:31.32 STEP040 実行終了 
2025/08/07 15:06:31.32 ジョブID: NSBA130S020 の正常終了 
