08/07/2025 14:45:02 **** Connection: Conn_010PIX0B00000000001Tをインポートしています...
08/07/2025 14:45:02 **** Source Definition: NSBA050S02001をインポートしています...
08/07/2025 14:45:02 **** Source Definition: DUMMY_mplt_CMN_EDI送信DB_発注更新２_SQ_J_EDI_SND_DB_HACをインポートしています...
08/07/2025 14:45:02 **** Target Definition: NSBA0501をインポートしています...
08/07/2025 14:45:02 **** Target Definition: DEV3ITUSER_J_EDI_SND_DB_HACをインポートしています...
08/07/2025 14:45:02 **** SessionConfig: default_session_configをインポートしています...
    <警告> :エラーログDB接続の値には、プレフィックスとしてRelational:が必要です。
    <警告> :無効な値が属性Error Log DB Connectionに指定されました。デフォルト値を使用します
    Source Definition NSBA050S02001の検査しています...
    Source Definition DUMMY_mplt_CMN_EDI送信DB_発注更新２_SQ_J_EDI_SND_DB_HACの検査しています...
    Target Definition DEV3ITUSER_J_EDI_SND_DB_HACの検査しています...
    Target Definition NSBA0501の検査しています...
08/07/2025 14:45:03 **** Mapping: Mapping0をインポートしています...
    <警告> :transformation: SQ_f_RENKEI_DATA_FILE - 無効な値が属性Output is repeatableに指定されました。デフォルト値Neverを使用します    [transformation< SQ_f_RENKEI_DATA_FILE > ] 
    <警告> :テーブル属性が無効です: Thousand Separator    [transformation< SQ_f_RENKEI_DATA_FILE > ] 
    <警告> :テーブル属性が無効です: Decimal Separator    [transformation< SQ_f_RENKEI_DATA_FILE > ] 
    <警告> :テーブル属性が無効です: Datetime Format    [transformation< SQ_f_RENKEI_DATA_FILE > ] 
    <警告> :transformation: mplt_CMN_EDI送信DB_発注更新２_SQ_J_EDI_SND_DB_HAC - 無効な値が属性Output is repeatableに指定されました。デフォルト値Neverを使用します    [transformation< mplt_CMN_EDI送信DB_発注更新２_SQ_J_EDI_SND_DB_HAC > ] 
    <警告> :transformation: jnr_データ更新項目結合 - 無効な値Null is Higest Valueが属性Null ordering in detailに指定されました。デフォルト値Null Is Highest Valueを使用します    [transformation< jnr_データ更新項目結合 > ] 
マッピングMapping0のトランスフォーメーションを検査しています...
マッピング変数を検査しています。
08/07/2025 14:45:08 **** Workflow: wf_mtt_010PIX0Z00000000015Cをインポートしています...
    <警告> :無効な値Noneが属性Pushdown Optimization Contextに指定されました。デフォルト値None を使用します    [Session< s_mtt_010PIX0Z00000000015C > ] 
    <警告> :入力された値が正しい整数ではありません。
    <警告> :無効な値NOが属性Fail task after wait timeに指定されました。デフォルト値を使用します
Successfully extracted session instance [s_mtt_010PIX0Z00000000015C].  Starting repository sequence id is [2016734887]
