PETL_24036 [2025-06-16 16:50:01.123] セッションの準備段階を開始します。
TM_6721 [2025-06-16 16:50:01.124] [リポジトリへの接続]を開始しました。
TM_6722 [2025-06-16 16:50:01.294] [リポジトリへの接続]を完了しました。所要時間は[0.170001]秒でした。
TM_6721 [2025-06-16 16:50:01.294] [リポジトリからセッションを取り出します]を開始しました。
TM_6722 [2025-06-16 16:50:04.687] [リポジトリからセッションを取り出します]を完了しました。所要時間は[3.393]秒でした。
VAR_27085 [2025-06-16 16:50:04.690] パラメータファイル[C:\Program Files\Informatica Cloud Secure Agent\apps\Data_Integration_Server\data\parameters\s_mtt_010PIX0Z0000000000UL.param]が[セッション[wf_mtt_010PIX0Z0000000000UL.s_mtt_010PIX0Z0000000000UL]]に対して開かれました。
VAR_27062 [2025-06-16 16:50:04.693] 警告! worklet [wf_mtt_010PIX0Z0000000000UL]とフォルダ[]のセクションをパラメータファイル[C:\Program Files\Informatica Cloud Secure Agent\apps\Data_Integration_Server\data\parameters\s_mtt_010PIX0Z0000000000UL.param]で見つけることができません。
TM_6721 [2025-06-16 16:50:04.872] [パーティショングループフォーメーション]を開始しました。
TM_6722 [2025-06-16 16:50:04.874] [パーティショングループフォーメーション]を完了しました。所要時間は[0.00199986]秒でした。
PETL_24037 [2025-06-16 16:50:04.874] セッションの準備段階を完了しました。
DIRECTOR> TM_6228 [2025-06-16 16:50:04.874] セッションログを[C:\PROGRA~1\INFORM~1\apps\Data_Integration_Server\data\..\logs\NSBA130S020_sessionlog_20250616164949.log]に出力しています。
DIRECTOR> VAR_27085 [2025-06-16 16:50:04.883] パラメータファイル[C:\Program Files\Informatica Cloud Secure Agent\apps\Data_Integration_Server\data\parameters\s_mtt_010PIX0Z0000000000UL.param]が[セッション[wf_mtt_010PIX0Z0000000000UL.s_mtt_010PIX0Z0000000000UL]]に対して開かれました。
DIRECTOR> VAR_27062 [2025-06-16 16:50:04.886] 警告! worklet [wf_mtt_010PIX0Z0000000000UL]とフォルダ[]のセクションをパラメータファイル[C:\Program Files\Informatica Cloud Secure Agent\apps\Data_Integration_Server\data\parameters\s_mtt_010PIX0Z0000000000UL.param]で見つけることができません。
DIRECTOR> PETL_24093 [2025-06-16 16:50:04.888] User defined Parameter File Location [\\\J2SDE081\DEV\temp\wfparm\/p_t_NSB_請求確認_030.param].
DIRECTOR> TM_6014 [2025-06-16 16:50:04.888] セッション[s_mtt_010PIX0Z0000000000UL]を初期化しています: [Mon Jun 16 16:50:04 2025]。
DIRECTOR> TM_6683 [2025-06-16 16:50:04.888] リポジトリ名: [XMLRepository]
DIRECTOR> TM_6684 [2025-06-16 16:50:04.888] サーバー名: [rDTM]
DIRECTOR> TM_6686 [2025-06-16 16:50:04.888] フォルダ: []
DIRECTOR> TM_6685 [2025-06-16 16:50:04.888] ワークフロー: [wf_mtt_010PIX0Z0000000000UL] 実行インスタンス名: [] 実行ID: [0]
DIRECTOR> TM_6992 [2025-06-16 16:50:04.888] オペレーションシステムタイプ[NT]
DIRECTOR> TM_6101 [2025-06-16 16:50:04.888] マッピング名: Mapping0。
DIRECTOR> TM_6964 [2025-06-16 16:50:04.888] セッションの日付形式は[MM/DD/YYYY HH24:MI:SS.US]です。
DIRECTOR> TM_6703 [2025-06-16 16:50:04.890] セッション[s_mtt_010PIX0Z0000000000UL]は64-bit 統合サービス [] (バージョン[10.2.0 HotFix2]、ビルド[0321])で動作しています。
MANAGER> PETL_24091 [2025-06-16 16:50:05.911] スレッド[MANAGER]のIDは[1]です。
MANAGER> PETL_24058 [2025-06-16 16:50:05.911] パーティショングループ[1]を実行中です。
MANAGER> PETL_24000 [2025-06-16 16:50:05.911] Parallel Pipeline Engine 初期化中｡
MONITOR> PETL_24091 [2025-06-16 16:50:05.913] スレッド[MONITOR]のIDは[2]です。
MANAGER> PETL_24001 [2025-06-16 16:50:05.913] Parallel Pipeline Engine 実行中｡
MANAGER> PETL_24003 [2025-06-16 16:50:05.913] セッション実行の初期化｡
MAPPING> PETL_24091 [2025-06-16 16:50:05.914] スレッド[MAPPING]のIDは[3]です。
MAPPING> CMN_1569 [2025-06-16 16:50:05.918] Serverモード: [UNICODE]
MAPPING> CMN_1570 [2025-06-16 16:50:05.918] Serverコードページ: [UTF-8 encoding of Unicode]
MAPPING> TM_6151 [2025-06-16 16:50:05.918] セッションソート順は[Binary]です。
MAPPING> TM_6185 [2025-06-16 16:50:05.918] 警告。このセッションでは、コードページ検査機能が無効になっています。
MAPPING> CMN_65109 [2025-06-16 16:50:05.918] 現在のタイムゾーン:[UTC +9:0]
MAPPING> CMN_65111 [2025-06-16 16:50:05.918] 現在のプロセスID:[14028]
MAPPING> TM_6155 [2025-06-16 16:50:05.918] 高精度処理を使用しています。
MAPPING> TM_6180 [2025-06-16 16:50:05.918] デッドロック用再実行ロジックが実装されません。
MAPPING> TM_6181 [2025-06-16 16:50:05.918] セッションのソースベースコミット間隔は[2147483647]です。
MAPPING> VAR_27084 [2025-06-16 16:50:05.919] 警告: 変数またはパラメータ[$PMSessionName_error]の値を[$PMSessionName_error]の展開中に見つけることができません。一致する最も長い変数またはパラメータの値[$PMSessionName]を使用しています。
MAPPING> TM_6308 [2025-06-16 16:50:05.919] DTMエラーログはUTF-8コードページを使用しています｡
MAPPING> TM_6310 [2025-06-16 16:50:05.919] DTMエラーログはファイル[C:\PROGRA~1\INFORM~1\apps\Data_Integration_Server\data\error\s_mtt_010PIX0Z0000000000UL_error]で有効になっています｡
MAPPING> TM_6682 [2025-06-16 16:50:05.919] 警告: DTMエラーログが有効なので、行レベルのエラーはセッションログには書き込みません｡行レベルのエラーのDTMエラーログを確認ください。
MAPPING> CCM_9007 [2025-06-16 16:50:05.922] The DTM Error Log File Delimiter being used is [,].
MAPPING> TM_6701 [2025-06-16 16:50:05.922] 警告: DTMエラーログのデータ列の区切り文字とフラットファイルの区切り文字が同じ[',']です｡
MAPPING> TE_7022 [2025-06-16 16:50:05.963] TShmWriter: 初期化済み
MAPPING> DBG_21491 [2025-06-16 16:50:05.974] ソース修飾子 [SQ_f_T_SEIKYU_KAKUNIN_DATA_HENSHU]からの行に基づくソースベースコミットの間隔
MAPPING> DBG_21492 [2025-06-16 16:50:05.979] トランスフォーメーション[agg_送信対象データ件数]からの行に基づくソースベースコミットの間隔
MAPPING> DBG_21694 [2025-06-16 16:50:05.980] agg_送信対象データ件数パーティション[0]: インデックスキャッシュサイズ= [1000000]、データキャッシュサイズ= [2000000]
MAPPING> TE_7212 [2025-06-16 16:50:05.980] [インデックスキャッシュ]サイズ(トランスフォーメーション[agg_送信対象データ件数])を[1000000]から[1049760]に増やします。
MAPPING> TE_7212 [2025-06-16 16:50:05.980] [データキャッシュ]サイズ(トランスフォーメーション[agg_送信対象データ件数])を[2000000]から[2097368]に増やします。
MAPPING> TE_7029 [2025-06-16 16:50:05.980] 集計情報: 新しいインデックスファイルとデータファイルを作成しています
MAPPING> TE_7034 [2025-06-16 16:50:05.981] 集計情報: インデックスファイルは[C:\PROGRA~1\INFORM~1\apps\Data_Integration_Server\data\cache\PMAGG578229505_11_0_14028.idx]です
MAPPING> TE_7035 [2025-06-16 16:50:05.981] 集計情報: データファイルは[C:\PROGRA~1\INFORM~1\apps\Data_Integration_Server\data\cache\PMAGG578229505_11_0_14028.dat]です
MAPPING> DBG_21492 [2025-06-16 16:50:05.984] トランスフォーメーション[jnr_件数データ結合]からの行に基づくソースベースコミットの間隔
MAPPING> DBG_21492 [2025-06-16 16:50:05.988] トランスフォーメーション[jnr_件数データ結合]からの行に基づくソースベースコミットの間隔
MAPPING> DBG_21491 [2025-06-16 16:50:05.990] ソース修飾子 [mplt_CMN_EDI送信DB_請求確認更新２_SQ_J_EDI_SND_DB_SEIKYU_CHK]からの行に基づくソースベースコミットの間隔
MAPPING> DBG_21492 [2025-06-16 16:50:05.991] トランスフォーメーション[mplt_CMN_EDI送信DB_請求確認更新２_jnr_データ更新項目結合]からの行に基づくソースベースコミットの間隔
MAPPING> DBG_21694 [2025-06-16 16:50:05.991] mplt_CMN_EDI送信DB_請求確認更新２_jnr_データ更新項目結合パーティション[0]: インデックスキャッシュサイズ= [89478485]、データキャッシュサイズ= [178956970]
MAPPING> TT_11098 [2025-06-16 16:50:05.991] ジョイナトランスフォーメーション[mplt_CMN_EDI送信DB_請求確認更新２_jnr_データ更新項目結合]は、結合アルゴリズムで次のように設定されています: Nested-Loop。
MAPPING> DBG_21492 [2025-06-16 16:50:05.998] トランスフォーメーション[jnr_件数データ結合]からの行に基づくソースベースコミットの間隔
MAPPING> DBG_21694 [2025-06-16 16:50:06.000] jnr_件数データ結合パーティション[0]: インデックスキャッシュサイズ= [89478485]、データキャッシュサイズ= [178956970]
MAPPING> TT_11098 [2025-06-16 16:50:06.000] ジョイナトランスフォーメーション[jnr_件数データ結合]は、結合アルゴリズムで次のように設定されています: Sorted-Merge。
MAPPING> DBG_21077 [2025-06-16 16:50:06.000] マスタ関係にJoinerキャッシュを作成 : (Mon Jun 16 16:50:06 2025)
MAPPING> CMN_1690 [2025-06-16 16:50:06.022] 新しいデータファイル[C:\PROGRA~1\INFORM~1\apps\Data_Integration_Server\data\cache\PMJNR578229505_14_0_14028.dat]とインデックスファイル[C:\PROGRA~1\INFORM~1\apps\Data_Integration_Server\data\cache\PMJNR578229505_14_0_14028.idx]をジョイナ [jnr_件数データ結合]用に作成しました。
MAPPING> DBG_21691 [2025-06-16 16:50:06.023] 明細関係にジョイナキャッシュを作成 : (Mon Jun 16 16:50:06 2025)
MAPPING> CMN_1690 [2025-06-16 16:50:06.045] 新しいデータファイル[C:\PROGRA~1\INFORM~1\apps\Data_Integration_Server\data\cache\PMJNRD578229505_14_0_14028.dat]とインデックスファイル[C:\PROGRA~1\INFORM~1\apps\Data_Integration_Server\data\cache\PMJNRD578229505_14_0_14028.idx]をジョイナ [jnr_件数データ結合]用に作成しました。
MAPPING> DBG_21492 [2025-06-16 16:50:06.059] トランスフォーメーション[mplt_CMN_EDI送信DB_請求確認更新２_jnr_データ更新項目結合]からの行に基づくソースベースコミットの間隔
MAPPING> DBG_21244 [2025-06-16 16:50:06.063] ロード順グループ[1]を初期化しています。ソース修飾子は[SQ_f_T_SEIKYU_KAKUNIN_DATA_HENSHU]です
MAPPING> DBG_21244 [2025-06-16 16:50:06.063] ロード順グループ[1]を初期化しています。ソース修飾子は[mplt_CMN_EDI送信DB_請求確認更新２_SQ_J_EDI_SND_DB_SEIKYU_CHK]です
MAPPING> PMJVM_42020 [2025-06-16 16:50:06.074] [INFO] 次のライブラリをロードしました: C:\PROGRA~1\INFORM~1\apps\AGENTC~1\.\..\jdk\zulu8.82.0.22-sa-fx-jdk8.0.432\jre\bin\server\jvm.dll。
MAPPING> PMJVM_42009 [2025-06-16 16:50:06.142] [INFO] Java VM の作成が成功しました。
MAPPING> TM_6007 [2025-06-16 16:50:06.293] DTMはセッション[s_mtt_010PIX0Z0000000000UL]に対して正常に初期化されました
DIRECTOR> PETL_24033 [2025-06-16 16:50:06.293] すべてのDTM接続情報: [<NONE>]。
MANAGER> PETL_24004 [2025-06-16 16:50:06.293] プリセッションタスクの開始｡ : (Mon Jun 16 16:50:06 2025)
PRE-SESS> PETL_24091 [2025-06-16 16:50:06.295] スレッド[PRE-SESS]のIDは[4]です。
MANAGER> PETL_24027 [2025-06-16 16:50:06.361] セッション実行前のタスクは正常に終了しました。 : (Mon Jun 16 16:50:06 2025)
DIRECTOR> PETL_24006 [2025-06-16 16:50:06.361] データ移動の開始｡
MAPPING> TM_6660 [2025-06-16 16:50:06.361] バッファプールサイズの総計は101545840バイト、ブロックサイズは2254352バイトです。
READER_1_1_1> PETL_24091 [2025-06-16 16:50:06.366] スレッド[READER_1_1_1]のIDは[5]です。
READER_1_1_1> DBG_21437 [2025-06-16 16:50:06.368] リーダー: ソースはファイルベースのソースです｡
READER_1_1_1> FR_3118 [2025-06-16 16:50:06.369] ソース[SQ_f_T_SEIKYU_KAKUNIN_DATA_HENSHU]コードページ: [MS Windows Japanese, superset of Shift-JIS]
READER_1_1_1> FR_3071 [2025-06-16 16:50:06.374] 最大行順序ありバッファ長は4423です。
READER_1_1_1> CMN_1761 [2025-06-16 16:50:06.374] タイムスタンプイベント: [Mon Jun 16 16:50:06 2025]
READER_1_1_1> FR_3000 [2025-06-16 16:50:06.374] ファイル[d:\DEV\temp\NSBA130S02001]を開いているときにエラーが発生しました。オペレーティングシステムのエラーメッセージは[指定されたファイルが見つかりません。]です。
READER_1_1_1> CMN_1761 [2025-06-16 16:50:06.374] タイムスタンプイベント: [Mon Jun 16 16:50:06 2025]
READER_1_1_1> BLKR_16002 [2025-06-16 16:50:06.374] エラー: 初期化が失敗しました｡
MANAGER> PETL_24031 [2025-06-16 16:50:06.374] 
***** TGT LOAD ORDER GROUP [1], CONCURRENT SET [1]の実行情報*****
スレッド[READER_1_1_1]は[読み込みステージ] (パーティションポイント[SQ_f_T_SEIKYU_KAKUNIN_DATA_HENSHU])用に作成されたスレッドです。このスレッドが完了しました。合計実行時間は統計上意味を持つほど長くありませんでした。

MAPPING> CMN_1791 [2025-06-16 16:50:06.436] メモリ内で[0]集計グループ([agg_送信対象データ件数]の入力行)を保持するインデックスキャッシュサイズは[0]バイトです
MAPPING> CMN_1790 [2025-06-16 16:50:06.436] メモリ内で[0]集計グループ([agg_送信対象データ件数]の入力行)を保持するデータキャッシュサイズは[0]バイトです
MANAGER> PETL_24005 [2025-06-16 16:50:06.437] ポストセッションタスクの開始｡ : (Mon Jun 16 16:50:06 2025)
POST-SESS> PETL_24091 [2025-06-16 16:50:06.439] スレッド[POST-SESS]のIDは[6]です。
MANAGER> PETL_24029 [2025-06-16 16:50:06.501] セッション実行後のタスクは正常に終了しました。 : (Mon Jun 16 16:50:06 2025)
MAPPING> TM_6315 [2025-06-16 16:50:06.501] DTMエラーログ: ファイルログ[C:\PROGRA~1\INFORM~1\apps\Data_Integration_Server\data\error\s_mtt_010PIX0Z0000000000UL_error]、行挿入[0]｡
MAPPING> TM_6018 [2025-06-16 16:50:06.501] セッションが[0]の行トランスフォーメーションエラーで完了しました。
MANAGER> TE_7216 [2025-06-16 16:50:06.566] キャッシュファイル[C:\PROGRA~1\INFORM~1\apps\Data_Integration_Server\data\cache\PMAGG578229505_11_0_14028.idx] (トランスフォーメーション[agg_送信対象データ件数]用)を削除しています。
MANAGER> TE_7216 [2025-06-16 16:50:06.566] キャッシュファイル[C:\PROGRA~1\INFORM~1\apps\Data_Integration_Server\data\cache\PMAGG578229505_11_0_14028.dat] (トランスフォーメーション[agg_送信対象データ件数]用)を削除しています。
MANAGER> TE_7216 [2025-06-16 16:50:06.576] キャッシュファイル[C:\PROGRA~1\INFORM~1\apps\Data_Integration_Server\data\cache\PMJNR578229505_27_0_14028.dat] (トランスフォーメーション[mplt_CMN_EDI送信DB_請求確認更新２_jnr_データ更新項目結合]用)を削除しています。
MANAGER> TE_7216 [2025-06-16 16:50:06.576] キャッシュファイル[C:\PROGRA~1\INFORM~1\apps\Data_Integration_Server\data\cache\PMJNR578229505_27_0_14028.idx] (トランスフォーメーション[mplt_CMN_EDI送信DB_請求確認更新２_jnr_データ更新項目結合]用)を削除しています。
MANAGER> PETL_24002 [2025-06-16 16:50:06.976] Parallel Pipeline Engine 終了｡
DIRECTOR> PETL_24013 [2025-06-16 16:50:07.038] セッションの実行で障害が発生しました｡
DIRECTOR> TM_6022 [2025-06-16 16:50:07.038] 

セッションロード要約
================================================

DIRECTOR> TM_6252 [2025-06-16 16:50:07.038] ソースのロード要約
DIRECTOR> CMN_1740 [2025-06-16 16:50:07.038] テーブル: [SQ_f_T_SEIKYU_KAKUNIN_DATA_HENSHU] (インスタンス名: [SQ_f_T_SEIKYU_KAKUNIN_DATA_HENSHU]、インスタンスUI名: [SQ_f_T_SEIKYU_KAKUNIN_DATA_HENSHU])
	出力行数[0]、影響のあった行数[0]、適用された行数[0]、拒否された行数[0]
DIRECTOR> CMN_1740 [2025-06-16 16:50:07.038] テーブル: [mplt_CMN_EDI送信DB_請求確認更新２_SQ_J_EDI_SND_DB_SEIKYU_CHK] (インスタンス名: [mplt_CMN_EDI送信DB_請求確認更新２_SQ_J_EDI_SND_DB_SEIKYU_CHK]、インスタンスUI名: [mplt_CMN_EDI送信DB_請求確認更新２_SQ_J_EDI_SND_DB_SEIKYU_CHK])
	出力行数[0]、影響のあった行数[0]、適用された行数[0]、拒否された行数[0]
DIRECTOR> TM_6253 [2025-06-16 16:50:07.038] ターゲットのロード要約
DIRECTOR> CMN_1740 [2025-06-16 16:50:07.038] テーブル: [NSBA1301] (インスタンス名: [NSBA1301]、インスタンスUI名: [f_J_EDI_SND_SK_KAKUNIN])
	出力行数[0]、影響のあった行数[0]、適用された行数[0]、拒否された行数[0]
DIRECTOR> CMN_1740 [2025-06-16 16:50:07.038] テーブル: [J_EDI_SND_DB_SEIKYU_CHK] (インスタンス名: [J_EDI_SND_DB_SEIKYU_CHK]、インスタンスUI名: [mplt_CMN_EDI送信DB_請求確認更新２_J_EDI_SND_DB_SEIKYU_CHK])
	出力行数[0]、影響のあった行数[0]、適用された行数[0]、拒否された行数[0]
DIRECTOR> CMN_1740 [2025-06-16 16:50:07.038] テーブル: [J_EDI_RCV_DB_SUP] (インスタンス名: [J_EDI_RCV_DB_SUP]、インスタンスUI名: [mplt_CMN_EDI送信DB_請求確認更新２_J_EDI_RCV_DB_SUP])
	出力行数[0]、影響のあった行数[0]、適用された行数[0]、拒否された行数[0]
DIRECTOR> TM_6023 [2025-06-16 16:50:07.038] 
===================================================

DIRECTOR> TM_6020 [2025-06-16 16:50:07.038] セッション[s_mtt_010PIX0Z0000000000UL]が[Mon Jun 16 16:50:07 2025]で完了しました。
