06/16/2025 16:50:01 **** Connection: Conn_010PIX0B000000000010をインポートしています...
06/16/2025 16:50:01 **** Source Definition: NSBA130S02001をインポートしています...
06/16/2025 16:50:01 **** Source Definition: DUMMY_mplt_CMN_EDI送信DB_請求確認更新２_SQ_J_EDI_SND_DB_SEIKYU_CHKをインポートしています...
06/16/2025 16:50:01 **** Target Definition: J_EDI_SND_DB_SEIKYU_CHKをインポートしています...
06/16/2025 16:50:01 **** Target Definition: J_EDI_RCV_DB_SUPをインポートしています...
06/16/2025 16:50:01 **** Target Definition: NSBA1301をインポートしています...
06/16/2025 16:50:01 **** SessionConfig: default_session_configをインポートしています...
    <警告> :エラーログDB接続の値には、プレフィックスとしてRelational:が必要です。
    <警告> :無効な値が属性Error Log DB Connectionに指定されました。デフォルト値を使用します
    Source Definition NSBA130S02001の検査しています...
    Source Definition DUMMY_mplt_CMN_EDI送信DB_請求確認更新２_SQ_J_EDI_SND_DB_SEIKYU_CHKの検査しています...
    Target Definition NSBA1301の検査しています...
    Target Definition J_EDI_RCV_DB_SUPの検査しています...
    Target Definition J_EDI_SND_DB_SEIKYU_CHKの検査しています...
06/16/2025 16:50:02 **** Mapping: Mapping0をインポートしています...
    <警告> :transformation: SQ_f_T_SEIKYU_KAKUNIN_DATA_HENSHU - 無効な値が属性Output is repeatableに指定されました。デフォルト値Neverを使用します    [transformation< SQ_f_T_SEIKYU_KAKUNIN_DATA_HENSHU > ] 
    <警告> :テーブル属性が無効です: Thousand Separator    [transformation< SQ_f_T_SEIKYU_KAKUNIN_DATA_HENSHU > ] 
    <警告> :テーブル属性が無効です: Decimal Separator    [transformation< SQ_f_T_SEIKYU_KAKUNIN_DATA_HENSHU > ] 
    <警告> :テーブル属性が無効です: Datetime Format    [transformation< SQ_f_T_SEIKYU_KAKUNIN_DATA_HENSHU > ] 
    <警告> :transformation: mplt_CMN_EDI送信DB_請求確認更新２_SQ_J_EDI_SND_DB_SEIKYU_CHK - 無効な値が属性Output is repeatableに指定されました。デフォルト値Neverを使用します    [transformation< mplt_CMN_EDI送信DB_請求確認更新２_SQ_J_EDI_SND_DB_SEIKYU_CHK > ] 
    <警告> :transformation: jnr_件数データ結合 - 無効な値Null is Higest Valueが属性Null ordering in detailに指定されました。デフォルト値Null Is Highest Valueを使用します    [transformation< jnr_件数データ結合 > ] 
マッピングMapping0のトランスフォーメーションを検査しています...
マッピング変数を検査しています。
06/16/2025 16:50:04 **** Workflow: wf_mtt_010PIX0Z0000000000ULをインポートしています...
    <警告> :属性Owner Name (エレメントATTRIBUTE)が無効です    [Session< s_mtt_010PIX0Z0000000000UL >  --> Target< J_EDI_SND_DB_SEIKYU_CHK > ] 
    <警告> :属性Owner Name (エレメントATTRIBUTE)が無効です    [Session< s_mtt_010PIX0Z0000000000UL >  --> Target< J_EDI_RCV_DB_SUP > ] 
    <警告> :属性Table Name Prefix (エレメントATTRIBUTE)が無効です    [Session< s_mtt_010PIX0Z0000000000UL >  --> Source< DUMMY_mplt_CMN_EDI送信DB_請求確認更新２_SQ_J_EDI_SND_DB_SEIKYU_CHK > ] 
    <警告> :無効な値Noneが属性Pushdown Optimization Contextに指定されました。デフォルト値None を使用します    [Session< s_mtt_010PIX0Z0000000000UL > ] 
    <警告> :入力された値が正しい整数ではありません。
    <警告> :無効な値NOが属性Fail task after wait timeに指定されました。デフォルト値を使用します
[要約Joiner jnr_件数データ結合]
     新しいパーティションポイントです。
     パーティションのタイプがなしから自動ハッシュキーに変更されました。
Successfully extracted session instance [s_mtt_010PIX0Z0000000000UL].  Starting repository sequence id is [578227889]
