2025/07/30 19:33:42.51 ジョブID: DNKA130S010 の実行開始 
2025/07/30 19:33:42.51 STEP010 開始 
2025/07/30 19:33:42.62 STEP010 終了 
2025/07/30 19:33:42.63 STEP020 開始 
2025/07/30 19:33:42.67 STEP020 終了 
2025/07/30 19:33:42.68 STEP030 実行開始 
636  [main] INFO  com.informatica.saas.utilities.plugins.EncryptTextPlugin  - Keystore : key-store.txt
841  [main] INFO  com.informatica.saas.plugins.RestClientPlugin  - Welcome to Informatica CLI tool
846  [main] INFO  com.informatica.saas.plugins.RestClientPlugin  - Based on your configuration CLI tool will assume you are working in Florence(IICS) mode
https://dm1-ap.informaticacloud.com/ma/api/v3/InternalLogin
6524 [main] INFO  com.informatica.saas.delegate.florence.FlorenceUserDelegate  - SaaS URL was not set. Using SaaS URL: https://apne1.dm1-ap.informaticacloud.com/saas
6532 [main] INFO  com.informatica.saas.delegate.florence.FlorenceUserDelegate  - Logged IN, IDS-SESSION-ID=47GPFMg4gRIjS63qCNk2E2
6535 [main] INFO  com.informatica.saas.utilities.plugins.UserHandler  - Logged in at Wed Jul 30 19:33:49 JST 2025
6537 [main] INFO  com.informatica.saas.utilities.task.ICRTTask  - Wed Jul 30 19:33:49 JST 2025 Running the task: wf_DNK_A130_110
https://apne1.dm1-ap.informaticacloud.com/active-bpel/tf/wf_DNK_A130_110
7241 [main] INFO  com.informatica.saas.utilities.task.ICRTTask  - Submitted run of the task: taskUrl=wf_DNK_A130_110, taskRunId=1135158302659801088
https://apne1.dm1-ap.informaticacloud.com/active-bpel/services/tf/status/1135158302659801088
7330 [main] INFO  com.informatica.saas.utilities.task.ICRTTask  - Wed Jul 30 19:33:50 JST 2025 Task wf_DNK_A130_110 with run Id 1135158302659801088 found in activity log
7332 [main] INFO  com.informatica.saas.utilities.task.ICRTTask  - Job Status:  Running
https://apne1.dm1-ap.informaticacloud.com/active-bpel/services/tf/status/1135158302659801088
22436 [main] INFO  com.informatica.saas.utilities.task.ICRTTask  - Wed Jul 30 19:34:05 JST 2025 Task wf_DNK_A130_110 with run Id 1135158302659801088 found in activity log
22437 [main] INFO  com.informatica.saas.utilities.task.ICRTTask  - Job Status:  Running
https://apne1.dm1-ap.informaticacloud.com/active-bpel/services/tf/status/1135158302659801088
37546 [main] INFO  com.informatica.saas.utilities.task.ICRTTask  - Wed Jul 30 19:34:20 JST 2025 Task wf_DNK_A130_110 with run Id 1135158302659801088 found in activity log
37547 [main] INFO  com.informatica.saas.utilities.task.ICRTTask  - Job Status:  Success
37547 [main] INFO  com.informatica.saas.utilities.task.ICRTTask  - Details: ID: runId: 1135158302659801088 Start Time: 2025-07-30T10:33:50Z End Time: 2025-07-30T10:34:05Z Subtask Count: 1
37547 [main] INFO  com.informatica.saas.utilities.plugins.RunAJobPlugin  - Wed Jul 30 19:34:20 JST 2025 Task null with run Id 1135158302659801088 exited from activity monitor
https://dm1-ap.informaticacloud.com/ma/api/v3/Logout
37703 [main] INFO  com.informatica.saas.delegate.florence.FlorenceUserDelegate  - Logged OUT, IDS-SESSION-ID=47GPFMg4gRIjS63qCNk2E2
37703 [main] INFO  com.informatica.saas.utilities.plugins.UserHandler  - Logged out at Wed Jul 30 19:34:20 JST 2025
37703 [main] INFO  com.informatica.saas.utilities.plugins.RunAJobPlugin  - Main returning: 0
2025/07/30 19:34:20.50 STEP030 実行終了 
2025/07/30 19:34:20.51 STEP040 実行開始 
2025/07/30 19:34:20.51 STEP040 ファイルサイズ=0 により終了コード10を返却 
