2025/07/30 12:05:06.25 ジョブID: TUGA050S030 の実行開始 
2025/07/30 12:05:06.25 STEP010 開始 
2025/07/30 12:05:06.30 STEP010 実行終了 
2025/07/30 12:05:06.30 STEP020 実行開始 
2025/07/30 12:05:06.34 STEP020 終了 
2025/07/30 12:05:06.35 STEP030 実行開始 
1728 [main] INFO  com.informatica.saas.utilities.plugins.EncryptTextPlugin  - Keystore : key-store.txt
1931 [main] INFO  com.informatica.saas.plugins.RestClientPlugin  - Welcome to Informatica CLI tool
1936 [main] INFO  com.informatica.saas.plugins.RestClientPlugin  - Based on your configuration CLI tool will assume you are working in Florence(IICS) mode
https://dm1-ap.informaticacloud.com/ma/api/v3/InternalLogin
8244 [main] INFO  com.informatica.saas.delegate.florence.FlorenceUserDelegate  - SaaS URL was not set. Using SaaS URL: https://apne1.dm1-ap.informaticacloud.com/saas
8248 [main] INFO  com.informatica.saas.delegate.florence.FlorenceUserDelegate  - Logged IN, IDS-SESSION-ID=18FgmRccO0ghowKyhezzQj
8270 [main] INFO  com.informatica.saas.utilities.plugins.UserHandler  - Logged in at Wed Jul 30 12:05:15 JST 2025
8273 [main] INFO  com.informatica.saas.utilities.task.ICRTTask  - Wed Jul 30 12:05:15 JST 2025 Running the task: wf_TUG_A050_130
https://apne1.dm1-ap.informaticacloud.com/active-bpel/tf/wf_TUG_A050_130
9013 [main] INFO  com.informatica.saas.utilities.task.ICRTTask  - Submitted run of the task: taskUrl=wf_TUG_A050_130, taskRunId=1135045415995928577
https://apne1.dm1-ap.informaticacloud.com/active-bpel/services/tf/status/1135045415995928577
9090 [main] INFO  com.informatica.saas.utilities.task.ICRTTask  - Wed Jul 30 12:05:15 JST 2025 Task wf_TUG_A050_130 with run Id 1135045415995928577 found in activity log
9099 [main] INFO  com.informatica.saas.utilities.task.ICRTTask  - Job Status:  Running
https://apne1.dm1-ap.informaticacloud.com/active-bpel/services/tf/status/1135045415995928577
24220 [main] INFO  com.informatica.saas.utilities.task.ICRTTask  - Wed Jul 30 12:05:30 JST 2025 Task wf_TUG_A050_130 with run Id 1135045415995928577 found in activity log
24220 [main] INFO  com.informatica.saas.utilities.task.ICRTTask  - Job Status:  Running
https://apne1.dm1-ap.informaticacloud.com/active-bpel/services/tf/status/1135045415995928577
39325 [main] INFO  com.informatica.saas.utilities.task.ICRTTask  - Wed Jul 30 12:05:46 JST 2025 Task wf_TUG_A050_130 with run Id 1135045415995928577 found in activity log
39325 [main] INFO  com.informatica.saas.utilities.task.ICRTTask  - Job Status:  Running
https://apne1.dm1-ap.informaticacloud.com/active-bpel/services/tf/status/1135045415995928577
54413 [main] INFO  com.informatica.saas.utilities.task.ICRTTask  - Wed Jul 30 12:06:01 JST 2025 Task wf_TUG_A050_130 with run Id 1135045415995928577 found in activity log
54413 [main] INFO  com.informatica.saas.utilities.task.ICRTTask  - Job Status:  Running
https://apne1.dm1-ap.informaticacloud.com/active-bpel/services/tf/status/1135045415995928577
69559 [main] INFO  com.informatica.saas.utilities.task.ICRTTask  - Wed Jul 30 12:06:16 JST 2025 Task wf_TUG_A050_130 with run Id 1135045415995928577 found in activity log
69560 [main] INFO  com.informatica.saas.utilities.task.ICRTTask  - Job Status:  Success
69560 [main] INFO  com.informatica.saas.utilities.task.ICRTTask  - Details: ID: runId: 1135045415995928577 Start Time: 2025-07-30T03:05:16Z End Time: 2025-07-30T03:06:13Z Subtask Count: 1
69560 [main] INFO  com.informatica.saas.utilities.plugins.RunAJobPlugin  - Wed Jul 30 12:06:16 JST 2025 Task null with run Id 1135045415995928577 exited from activity monitor
https://dm1-ap.informaticacloud.com/ma/api/v3/Logout
69711 [main] INFO  com.informatica.saas.delegate.florence.FlorenceUserDelegate  - Logged OUT, IDS-SESSION-ID=18FgmRccO0ghowKyhezzQj
69711 [main] INFO  com.informatica.saas.utilities.plugins.UserHandler  - Logged out at Wed Jul 30 12:06:16 JST 2025
69711 [main] INFO  com.informatica.saas.utilities.plugins.RunAJobPlugin  - Main returning: 0
2025/07/30 12:06:16.51 STEP030 実行終了 
2025/07/30 12:06:16.52 STEP040 実行開始 
2025/07/30 12:06:16.54 STEP040 実行終了 
2025/07/30 12:06:16.54 ジョブID: TUGA050S030 の正常終了 
