PETL_24036 [2025-07-30 12:05:57.596] セッションの準備段階を開始します。
TM_6721 [2025-07-30 12:05:57.596] [リポジトリへの接続]を開始しました。
TM_6722 [2025-07-30 12:05:57.730] [リポジトリへの接続]を完了しました。所要時間は[0.134]秒でした。
TM_6721 [2025-07-30 12:05:57.730] [リポジトリからセッションを取り出します]を開始しました。
TM_6722 [2025-07-30 12:06:07.531] [リポジトリからセッションを取り出します]を完了しました。所要時間は[9.80106]秒でした。
VAR_27085 [2025-07-30 12:06:07.534] パラメータファイル[C:\Program Files\Informatica Cloud Secure Agent\apps\Data_Integration_Server\data\parameters\s_mtt_010PIX0Z00000000015D_b386f9f49af74013a90386d78ac04fee.param]が[セッション[wf_mtt_010PIX0Z00000000015D.s_mtt_010PIX0Z00000000015D_b386f9f49af74013a90386d78ac04fee]]に対して開かれました。
VAR_27062 [2025-07-30 12:06:07.538] 警告! worklet [wf_mtt_010PIX0Z00000000015D]とフォルダ[]のセクションをパラメータファイル[C:\Program Files\Informatica Cloud Secure Agent\apps\Data_Integration_Server\data\parameters\s_mtt_010PIX0Z00000000015D_b386f9f49af74013a90386d78ac04fee.param]で見つけることができません。
TM_6721 [2025-07-30 12:06:07.733] [パーティショングループフォーメーション]を開始しました。
TM_6722 [2025-07-30 12:06:07.737] [パーティショングループフォーメーション]を完了しました。所要時間は[0.00399995]秒でした。
PETL_24037 [2025-07-30 12:06:07.737] セッションの準備段階を完了しました。
DIRECTOR> TM_6228 [2025-07-30 12:06:07.738] セッションログを[C:\PROGRA~1\INFORM~1\apps\Data_Integration_Server\data\..\logs\TUGA050S030_sessionlog_20250730120506.log]に出力しています。
DIRECTOR> VAR_27085 [2025-07-30 12:06:07.757] パラメータファイル[C:\Program Files\Informatica Cloud Secure Agent\apps\Data_Integration_Server\data\parameters\s_mtt_010PIX0Z00000000015D_b386f9f49af74013a90386d78ac04fee.param]が[セッション[wf_mtt_010PIX0Z00000000015D.s_mtt_010PIX0Z00000000015D_b386f9f49af74013a90386d78ac04fee]]に対して開かれました。
DIRECTOR> VAR_27062 [2025-07-30 12:06:07.760] 警告! worklet [wf_mtt_010PIX0Z00000000015D]とフォルダ[]のセクションをパラメータファイル[C:\Program Files\Informatica Cloud Secure Agent\apps\Data_Integration_Server\data\parameters\s_mtt_010PIX0Z00000000015D_b386f9f49af74013a90386d78ac04fee.param]で見つけることができません。
DIRECTOR> PETL_24093 [2025-07-30 12:06:07.762] User defined Parameter File Location [\\\j2sde081\d$\DEV_DIKe\temp\wfparm\/p_t_TUG_発注_030.param].
DIRECTOR> TM_6014 [2025-07-30 12:06:07.762] セッション[s_mtt_010PIX0Z00000000015D_b386f9f49af74013a90386d78ac04fee]を初期化しています: [Wed Jul 30 12:06:07 2025]。
DIRECTOR> TM_6683 [2025-07-30 12:06:07.762] リポジトリ名: [XMLRepository]
DIRECTOR> TM_6684 [2025-07-30 12:06:07.762] サーバー名: [rDTM]
DIRECTOR> TM_6686 [2025-07-30 12:06:07.762] フォルダ: []
DIRECTOR> TM_6685 [2025-07-30 12:06:07.762] ワークフロー: [wf_mtt_010PIX0Z00000000015D] 実行インスタンス名: [] 実行ID: [0]
DIRECTOR> TM_6992 [2025-07-30 12:06:07.762] オペレーションシステムタイプ[NT]
DIRECTOR> TM_6101 [2025-07-30 12:06:07.762] マッピング名: Mapping0。
DIRECTOR> TM_6964 [2025-07-30 12:06:07.763] セッションの日付形式は[MM/DD/YYYY HH24:MI:SS.US]です。
DIRECTOR> TM_6703 [2025-07-30 12:06:07.765] セッション[s_mtt_010PIX0Z00000000015D_b386f9f49af74013a90386d78ac04fee]は64-bit 統合サービス [] (バージョン[10.2.0 HotFix2]、ビルド[0321])で動作しています。
MANAGER> PETL_24091 [2025-07-30 12:06:08.799] スレッド[MANAGER]のIDは[1]です。
MANAGER> PETL_24058 [2025-07-30 12:06:08.799] パーティショングループ[1]を実行中です。
MANAGER> PETL_24000 [2025-07-30 12:06:08.799] Parallel Pipeline Engine 初期化中｡
MONITOR> PETL_24091 [2025-07-30 12:06:08.800] スレッド[MONITOR]のIDは[2]です。
MANAGER> PETL_24001 [2025-07-30 12:06:08.800] Parallel Pipeline Engine 実行中｡
MANAGER> PETL_24003 [2025-07-30 12:06:08.801] セッション実行の初期化｡
MAPPING> PETL_24091 [2025-07-30 12:06:08.802] スレッド[MAPPING]のIDは[3]です。
MAPPING> CMN_1569 [2025-07-30 12:06:08.807] Serverモード: [UNICODE]
MAPPING> CMN_1570 [2025-07-30 12:06:08.807] Serverコードページ: [UTF-8 encoding of Unicode]
MAPPING> TM_6151 [2025-07-30 12:06:08.807] セッションソート順は[Binary]です。
MAPPING> TM_6185 [2025-07-30 12:06:08.807] 警告。このセッションでは、コードページ検査機能が無効になっています。
MAPPING> CMN_65109 [2025-07-30 12:06:08.807] 現在のタイムゾーン:[UTC +9:0]
MAPPING> CMN_65111 [2025-07-30 12:06:08.807] 現在のプロセスID:[31736]
MAPPING> TM_6155 [2025-07-30 12:06:08.807] 高精度処理を使用しています。
MAPPING> TM_6180 [2025-07-30 12:06:08.807] デッドロック用再実行ロジックが実装されません。
MAPPING> TM_6181 [2025-07-30 12:06:08.807] セッションのソースベースコミット間隔は[2147483647]です。
MAPPING> VAR_27084 [2025-07-30 12:06:08.807] 警告: 変数またはパラメータ[$PMSessionName_error]の値を[$PMSessionName_error]の展開中に見つけることができません。一致する最も長い変数またはパラメータの値[$PMSessionName]を使用しています。
MAPPING> TM_6308 [2025-07-30 12:06:08.807] DTMエラーログはUTF-8コードページを使用しています｡
MAPPING> TM_6310 [2025-07-30 12:06:08.808] DTMエラーログはファイル[C:\PROGRA~1\INFORM~1\apps\Data_Integration_Server\data\error\s_mtt_010PIX0Z00000000015D_b386f9f49af74013a90386d78ac04fee_error]で有効になっています｡
MAPPING> TM_6682 [2025-07-30 12:06:08.808] 警告: DTMエラーログが有効なので、行レベルのエラーはセッションログには書き込みません｡行レベルのエラーのDTMエラーログを確認ください。
MAPPING> CCM_9007 [2025-07-30 12:06:08.818] The DTM Error Log File Delimiter being used is [,].
MAPPING> TM_6701 [2025-07-30 12:06:08.818] 警告: DTMエラーログのデータ列の区切り文字とフラットファイルの区切り文字が同じ[',']です｡
MAPPING> TE_7022 [2025-07-30 12:06:08.874] TShmWriter: 初期化済み
MAPPING> DBG_21491 [2025-07-30 12:06:08.881] ソース修飾子 [mplt_CMN_EDI送信DB_発注更新２_SQ_J_EDI_SND_DB_HAC]からの行に基づくソースベースコミットの間隔
MAPPING> DBG_21492 [2025-07-30 12:06:08.883] トランスフォーメーション[mplt_CMN_EDI送信DB_発注更新２_jnr_データ更新項目結合]からの行に基づくソースベースコミットの間隔
MAPPING> DBG_21694 [2025-07-30 12:06:08.883] mplt_CMN_EDI送信DB_発注更新２_jnr_データ更新項目結合パーティション[0]: インデックスキャッシュサイズ= [89478485]、データキャッシュサイズ= [178956970]
MAPPING> TT_11098 [2025-07-30 12:06:08.883] ジョイナトランスフォーメーション[mplt_CMN_EDI送信DB_発注更新２_jnr_データ更新項目結合]は、結合アルゴリズムで次のように設定されています: Nested-Loop。
MAPPING> DBG_21491 [2025-07-30 12:06:08.890] ソース修飾子 [SQ_f_RENKEI_DATA_FILE]からの行に基づくソースベースコミットの間隔
MAPPING> DBG_21492 [2025-07-30 12:06:08.893] トランスフォーメーション[agg_有効件数]からの行に基づくソースベースコミットの間隔
MAPPING> DBG_21694 [2025-07-30 12:06:08.893] agg_有効件数パーティション[0]: インデックスキャッシュサイズ= [1000000]、データキャッシュサイズ= [2000000]
MAPPING> TE_7212 [2025-07-30 12:06:08.894] [インデックスキャッシュ]サイズ(トランスフォーメーション[agg_有効件数])を[1000000]から[1049760]に増やします。
MAPPING> TE_7212 [2025-07-30 12:06:08.894] [データキャッシュ]サイズ(トランスフォーメーション[agg_有効件数])を[2000000]から[2097368]に増やします。
MAPPING> TE_7029 [2025-07-30 12:06:08.894] 集計情報: 新しいインデックスファイルとデータファイルを作成しています
MAPPING> TE_7034 [2025-07-30 12:06:08.895] 集計情報: インデックスファイルは[C:\PROGRA~1\INFORM~1\apps\Data_Integration_Server\data\cache\PMAGG2026147015_10_0_31736.idx]です
MAPPING> TE_7035 [2025-07-30 12:06:08.895] 集計情報: データファイルは[C:\PROGRA~1\INFORM~1\apps\Data_Integration_Server\data\cache\PMAGG2026147015_10_0_31736.dat]です
MAPPING> DBG_21492 [2025-07-30 12:06:08.898] トランスフォーメーション[jnr_データ更新項目結合]からの行に基づくソースベースコミットの間隔
MAPPING> DBG_21492 [2025-07-30 12:06:08.899] トランスフォーメーション[jnr_データ更新項目結合]からの行に基づくソースベースコミットの間隔
MAPPING> DBG_21492 [2025-07-30 12:06:08.943] トランスフォーメーション[jnr_データ更新項目結合]からの行に基づくソースベースコミットの間隔
MAPPING> DBG_21694 [2025-07-30 12:06:08.944] jnr_データ更新項目結合パーティション[0]: インデックスキャッシュサイズ= [89478485]、データキャッシュサイズ= [178956970]
MAPPING> TT_11098 [2025-07-30 12:06:08.944] ジョイナトランスフォーメーション[jnr_データ更新項目結合]は、結合アルゴリズムで次のように設定されています: Sorted-Merge。
MAPPING> DBG_21077 [2025-07-30 12:06:08.944] マスタ関係にJoinerキャッシュを作成 : (Wed Jul 30 12:06:08 2025)
MAPPING> CMN_1690 [2025-07-30 12:06:08.968] 新しいデータファイル[C:\PROGRA~1\INFORM~1\apps\Data_Integration_Server\data\cache\PMJNR2026147015_13_0_31736.dat]とインデックスファイル[C:\PROGRA~1\INFORM~1\apps\Data_Integration_Server\data\cache\PMJNR2026147015_13_0_31736.idx]をジョイナ [jnr_データ更新項目結合]用に作成しました。
MAPPING> DBG_21691 [2025-07-30 12:06:08.968] 明細関係にジョイナキャッシュを作成 : (Wed Jul 30 12:06:08 2025)
MAPPING> CMN_1690 [2025-07-30 12:06:08.991] 新しいデータファイル[C:\PROGRA~1\INFORM~1\apps\Data_Integration_Server\data\cache\PMJNRD2026147015_13_0_31736.dat]とインデックスファイル[C:\PROGRA~1\INFORM~1\apps\Data_Integration_Server\data\cache\PMJNRD2026147015_13_0_31736.idx]をジョイナ [jnr_データ更新項目結合]用に作成しました。
MAPPING> DBG_21492 [2025-07-30 12:06:09.093] トランスフォーメーション[mplt_CMN_EDI送信DB_発注更新２_jnr_データ更新項目結合]からの行に基づくソースベースコミットの間隔
MAPPING> DBG_21244 [2025-07-30 12:06:09.095] ロード順グループ[1]を初期化しています。ソース修飾子は[mplt_CMN_EDI送信DB_発注更新２_SQ_J_EDI_SND_DB_HAC]です
MAPPING> DBG_21244 [2025-07-30 12:06:09.095] ロード順グループ[1]を初期化しています。ソース修飾子は[SQ_f_RENKEI_DATA_FILE]です
MAPPING> PMJVM_42020 [2025-07-30 12:06:09.109] [INFO] 次のライブラリをロードしました: C:\PROGRA~1\INFORM~1\apps\jdk\zulu8.82.0.22-sa-fx-jdk8.0.432\jre\bin\server\jvm.dll。
MAPPING> PMJVM_42009 [2025-07-30 12:06:09.170] [INFO] Java VM の作成が成功しました。
MAPPING> TM_6007 [2025-07-30 12:06:09.339] DTMはセッション[s_mtt_010PIX0Z00000000015D_b386f9f49af74013a90386d78ac04fee]に対して正常に初期化されました
DIRECTOR> PETL_24033 [2025-07-30 12:06:09.339] すべてのDTM接続情報: [<NONE>]。
MANAGER> PETL_24004 [2025-07-30 12:06:09.340] プリセッションタスクの開始｡ : (Wed Jul 30 12:06:09 2025)
PRE-SESS> PETL_24091 [2025-07-30 12:06:09.342] スレッド[PRE-SESS]のIDは[4]です。
MANAGER> PETL_24027 [2025-07-30 12:06:09.409] セッション実行前のタスクは正常に終了しました。 : (Wed Jul 30 12:06:09 2025)
DIRECTOR> PETL_24006 [2025-07-30 12:06:09.409] データ移動の開始｡
MAPPING> TM_6966 [2025-07-30 12:06:09.409] 高いパフォーマンスに必要なバッファプールメモリ容量の概算値を抑えています。
MAPPING> TM_6660 [2025-07-30 12:06:09.409] バッファプールサイズの総計は81511360バイト、ブロックサイズは4071568バイトです。
READER_1_1_1> PETL_24091 [2025-07-30 12:06:09.416] スレッド[READER_1_1_1]のIDは[5]です。
READER_1_1_1> DBG_21438 [2025-07-30 12:06:09.418] リーダー: ソースは[odbc://dbtype=Oracle;host=192.168.10.34;port=1521;database=j2sde034.adev.local]、タイプ[ODBC]、ユーザー[DEV3ITUSER]
READER_1_1_1> BLKR_16051 [2025-07-30 12:06:09.420] ソースデータベース接続[Conn_010PIX0B00000000001T]コードページ: [MS Windows Japanese, superset of Shift-JIS]
READER_1_1_1> CMN_1021 [2025-07-30 12:06:09.500] データベースドライバイベント...
CMN_1021 [Reading driver properties from : C:\Program Files\Informatica Cloud Secure Agent\apps\Data_Integration_Server\74.0.1.1\ICS\main\bin\rdtm/../../../../drivers/driver.properties
ドライバ名を決定するDTMフラグが見つからないため、[DataDirect CLOSED 8.0 Oracle Wire Protocol for Informatica - BASE]ドライバをデフォルトとします。
ODBCイベント: 配列FETCHの使用。
ODBCイベント: 1行INSERTの使用。接続文字列= [Driver=DataDirect CLOSED 8.0 Oracle Wire Protocol for Informatica - BASE;Host=192.168.10.34;ServiceName=j2sde034.adev.local;Port=1521;UID=DEV3ITUSER;AS=6000000;EBL=0;ENS=1;ETWT=1;WorkArounds2=2;EnableEmptyLobs=1]。ユーザーID = [DEV3ITUSER]
ODBCバージョン:	03.80.0000
.
DBMS名:	Oracle
.
DBMSバージョン:	12.02.0000 Oracle 12.2.0.1.0
.
ドライバ名:	dwora28.dll
.
ドライババージョン:	08.02.3072 (B1917, U1723)
.
ドライバODBCバージョン:	03.52
.]

READER_1_1_1> BLKR_16003 [2025-07-30 12:06:09.500] 初期化が正常に完了しました｡
TRANSF_1_1_1> PETL_24091 [2025-07-30 12:06:09.503] スレッド[TRANSF_1_1_1]のIDは[6]です。
READER_1_2_1> PETL_24091 [2025-07-30 12:06:09.504] スレッド[READER_1_2_1]のIDは[7]です。
READER_1_2_1> DBG_21437 [2025-07-30 12:06:09.506] リーダー: ソースはファイルベースのソースです｡
READER_1_2_1> FR_3118 [2025-07-30 12:06:09.508] ソース[SQ_f_RENKEI_DATA_FILE]コードページ: [MS Windows Japanese, superset of Shift-JIS]
READER_1_2_1> FR_3071 [2025-07-30 12:06:09.512] 最大行順序ありバッファ長は2316です。
READER_1_2_1> BLKR_16003 [2025-07-30 12:06:09.512] 初期化が正常に完了しました｡
TRANSF_1_2_1> PETL_24091 [2025-07-30 12:06:09.514] スレッド[TRANSF_1_2_1]のIDは[8]です。
TRANSF_1_3_1> PETL_24091 [2025-07-30 12:06:09.516] スレッド[TRANSF_1_3_1]のIDは[9]です。
WRITER_1_*_1> PETL_24091 [2025-07-30 12:06:09.581] スレッド[WRITER_1_*_1]のIDは[10]です。
WRITER_1_*_1> WRT_8124 [2025-07-30 12:06:09.583] ターゲットテーブルTUGA0501 :出力を書き込み中｡書き込み先:d:\DEV_DIKe\temp\TUGA0501
WRITER_1_*_1> WRT_8222 [2025-07-30 12:06:09.583] ターゲットファイル[d:\DEV_DIKe\temp\TUGA0501]コードページ: [MS Windows Japanese, superset of Shift-JIS]
WRITER_1_*_1> WRT_8147 [2025-07-30 12:06:09.586] ライター: ターゲットはデータベース[odbc://dbtype=Oracle;host=192.168.10.34;port=1521;database=j2sde034.adev.local]、タイプ[ODBC]、ユーザー[DEV3ITUSER]、一括モード[OFF]
WRITER_1_*_1> CMN_1021 [2025-07-30 12:06:09.657] データベースドライバイベント...
CMN_1021 [Reading driver properties from : C:\Program Files\Informatica Cloud Secure Agent\apps\Data_Integration_Server\74.0.1.1\ICS\main\bin\rdtm/../../../../drivers/driver.properties
ドライバ名を決定するDTMフラグが見つからないため、[DataDirect CLOSED 8.0 Oracle Wire Protocol for Informatica - BASE]ドライバをデフォルトとします。
ODBCイベント: 配列FETCHの使用。
ODBCイベント: 1行INSERTの使用。接続文字列= [Driver=DataDirect CLOSED 8.0 Oracle Wire Protocol for Informatica - BASE;Host=192.168.10.34;ServiceName=j2sde034.adev.local;Port=1521;UID=DEV3ITUSER;AS=6000000;EBL=0;ENS=1;ETWT=1;WorkArounds2=2;EnableEmptyLobs=1]。ユーザーID = [DEV3ITUSER]
ODBCバージョン:	03.80.0000
.
DBMS名:	Oracle
.
DBMSバージョン:	12.02.0000 Oracle 12.2.0.1.0
.
ドライバ名:	dwora28.dll
.
ドライババージョン:	08.02.3072 (B1917, U1723)
.
ドライバODBCバージョン:	03.52
.]

WRITER_1_*_1> WRT_8221 [2025-07-30 12:06:09.657] ターゲットデータベース接続[Conn_010PIX0B00000000001T]コードページ: [MS Windows Japanese, superset of Shift-JIS]
WRITER_1_*_1> WRT_8124 [2025-07-30 12:06:09.657] ターゲットテーブルJ_EDI_SND_DB_HAC :SQL INSERT文:
INSERT INTO DEV3ITUSER.J_EDI_SND_DB_HAC(SND_SEQ_NO,EDI_SND_JOKYO_SBT,FUNC_UKETSUKE_NO,AITE_SAKI_BETSU_DATA,NEW_UPDATE_DT,NEW_UPDATE_USR,NEW_UPDATE_FUNC,UPDATE_CNT)  VALUES ( ?, ?, ?, ?, ?, ?, ?, ?) 
WRITER_1_*_1> WRT_8124 [2025-07-30 12:06:09.657] ターゲットテーブルJ_EDI_SND_DB_HAC :SQL UPDATE文:
UPDATE DEV3ITUSER.J_EDI_SND_DB_HAC SET EDI_SND_JOKYO_SBT = ?, FUNC_UKETSUKE_NO = ?, AITE_SAKI_BETSU_DATA = ?, NEW_UPDATE_DT = ?, NEW_UPDATE_USR = ?, NEW_UPDATE_FUNC = ?, UPDATE_CNT = ? WHERE SND_SEQ_NO = ?
WRITER_1_*_1> WRT_8124 [2025-07-30 12:06:09.657] ターゲットテーブルJ_EDI_SND_DB_HAC :SQL DELETE文:
DELETE FROM DEV3ITUSER.J_EDI_SND_DB_HAC WHERE SND_SEQ_NO = ?
WRITER_1_*_1> WRT_8270 [2025-07-30 12:06:09.659] ターゲット接続グループ番号1はターゲット[TUGA0501]で構成されています。
WRITER_1_*_1> WRT_8324 [2025-07-30 12:06:09.659] 警告: ターゲット接続グループの接続がトランザクションをサポートしていません。ターゲット[TUGA0501]は指定したトランザクション境界に従ってロードされない可能性があります。
WRITER_1_*_1> WRT_8270 [2025-07-30 12:06:09.659] ターゲット接続グループ番号2はターゲット[J_EDI_SND_DB_HAC]で構成されています。
WRITER_1_*_1> WRT_8003 [2025-07-30 12:06:09.659] ライターの初期化が完了しました｡
READER_1_1_1> BLKR_16007 [2025-07-30 12:06:09.659] リーダーの実行を開始しました｡
READER_1_2_1> BLKR_16007 [2025-07-30 12:06:09.659] リーダーの実行を開始しました｡
WRITER_1_*_1> WRT_8005 [2025-07-30 12:06:09.659] ライターの実行を開始しました｡
WRITER_1_*_1> WRT_8158 [2025-07-30 12:06:09.659] 

*****ロードセッションの開始*****

ロード開始時刻: Wed Jul 30 12:06:09 2025

ロード開始時刻:

     TUGA0501
     J_EDI_SND_DB_HAC


READER_1_1_1> RR_4029 [2025-07-30 12:06:09.659] SQインスタンス[mplt_CMN_EDI送信DB_発注更新２_SQ_J_EDI_SND_DB_HAC]ユーザー指定SQLクエリ[SELECT *
FROM J_EDI_SND_DB_HAC a
WHERE a.DATA_KOKAN_ID = '000086'
  AND a.EDI_KINO_CATEGORY_CD = 'A050'
  AND a.EDI_SND_JOKYO_SBT = '1'
  AND a.DEL_KBN = '0'
FOR UPDATE WAIT 60]
READER_1_1_1> RR_4049 [2025-07-30 12:06:09.659] SQLクエリがデータベースに発行されました : (Wed Jul 30 12:06:09 2025)
READER_1_2_1> DBG_21430 [2025-07-30 12:06:09.661] 入力ソースファイル[d:\DEV_DIKe\temp\TUGA050S02001]からデータを読み込んでいます : (Wed Jul 30 12:06:09 2025)
READER_1_2_1> BLKR_16019 [2025-07-30 12:06:09.661] レコードを[6]行、エラーレコードを[0]行、読み込みました: ソーステーブル[TUGA050S02001]インスタンス名[TUGA050S02001]
READER_1_2_1> BLKR_16008 [2025-07-30 12:06:09.661] リーダーの実行が完了しました｡
TRANSF_1_2_1> TE_7032 [2025-07-30 12:06:09.684] 以下のファイルで管理されているB-Tree
C:\PROGRA~1\INFORM~1\apps\Data_Integration_Server\data\cache\PMAGG2026147015_10_0_31736.dat (データ用)

C:\PROGRA~1\INFORM~1\apps\Data_Integration_Server\data\cache\PMAGG2026147015_10_0_31736.idx (インデックス用):
	インデックスサイズ:	1
	行サイズ:	16
	順序:		100
	最小順序:	50
	高さ:		1
	エントリ:	1
	インデックスページサイズ:	1296
	インデックスページ:	810
	データページサイズ:	536
	データページ:	3913

TRANSF_1_2_1> DBG_21216 [2025-07-30 12:06:09.684] ソース修飾子 [SQ_f_RENKEI_DATA_FILE]のトランスフォーメーションを終了しました。エラー総数[0]
READER_1_1_1> RR_4050 [2025-07-30 12:06:09.687] データベースからリーダに最初の行が返されました : (Wed Jul 30 12:06:09 2025)
READER_1_1_1> BLKR_16019 [2025-07-30 12:06:09.687] レコードを[6]行、エラーレコードを[0]行、読み込みました: ソーステーブル[DUMMY_mplt_CMN_EDI送信DB_発注更新２_SQ_J_EDI_SND_DB_HAC]インスタンス名[DUMMY_mplt_CMN_EDI送信DB_発注更新２_SQ_J_EDI_SND_DB_HAC]
TRANSF_1_1_1> DBG_21077 [2025-07-30 12:06:09.687] マスタ関係にJoinerキャッシュを作成 : (Wed Jul 30 12:06:09 2025)
READER_1_1_1> BLKR_16008 [2025-07-30 12:06:09.688] リーダーの実行が完了しました｡
TRANSF_1_1_1> TE_7212 [2025-07-30 12:06:09.689] [インデックスキャッシュ]サイズ(トランスフォーメーション[mplt_CMN_EDI送信DB_発注更新２_jnr_データ更新項目結合])を[89478485]から[89481600]に増やします。
TRANSF_1_1_1> TE_7212 [2025-07-30 12:06:09.689] [データキャッシュ]サイズ(トランスフォーメーション[mplt_CMN_EDI送信DB_発注更新２_jnr_データ更新項目結合])を[178956970]から[178957456]に増やします。
TRANSF_1_1_1> CMN_1690 [2025-07-30 12:06:09.717] 新しいデータファイル[C:\PROGRA~1\INFORM~1\apps\Data_Integration_Server\data\cache\PMJNR2026147015_69_0_31736.dat]とインデックスファイル[C:\PROGRA~1\INFORM~1\apps\Data_Integration_Server\data\cache\PMJNR2026147015_69_0_31736.idx]をジョイナ [mplt_CMN_EDI送信DB_発注更新２_jnr_データ更新項目結合]用に作成しました。
TRANSF_1_1_1> DBG_21214 [2025-07-30 12:06:09.727] マスタ関係に対するJoinerキャッシュを完了しました : (Wed Jul 30 12:06:09 2025)
TRANSF_1_1_1> DBG_21216 [2025-07-30 12:06:09.727] ソース修飾子 [mplt_CMN_EDI送信DB_発注更新２_SQ_J_EDI_SND_DB_HAC]のトランスフォーメーションを終了しました。エラー総数[0]
TRANSF_1_3_1> DBG_21603 [2025-07-30 12:06:09.727] 明細Joinerに対してマスタ関係キャシュをオープンします : (Wed Jul 30 12:06:09 2025)
TRANSF_1_3_1> DBG_21215 [2025-07-30 12:06:09.744] 明細関係の処理を完了しました : (Wed Jul 30 12:06:09 2025)
WRITER_1_*_1> WRT_8167 [2025-07-30 12:06:09.744] テーブル[TUGA0501]のロードを開始: Wed Jul 30 12:06:09 2025
TRANSF_1_3_1> CMN_1795 [2025-07-30 12:06:09.744] メモリ内で[6]入力行([mplt_CMN_EDI送信DB_発注更新２_jnr_データ更新項目結合]のマスタ)を保持するインデックスキャッシュサイズは[3600]バイトです
TRANSF_1_3_1> CMN_1794 [2025-07-30 12:06:09.744] メモリ内で[6]入力行([mplt_CMN_EDI送信DB_発注更新２_jnr_データ更新項目結合]のマスタ)を保持するデータキャッシュサイズは[584]バイトです
WRITER_1_*_1> WRT_8167 [2025-07-30 12:06:09.752] テーブル[J_EDI_SND_DB_HAC]のロードを開始: Wed Jul 30 12:06:09 2025
TRANSF_1_3_1> DBG_21215 [2025-07-30 12:06:09.753] 明細関係の処理を完了しました : (Wed Jul 30 12:06:09 2025)
TRANSF_1_3_1> DBG_21216 [2025-07-30 12:06:09.758] ソース修飾子 [jnr_データ更新項目結合]のトランスフォーメーションを終了しました。エラー総数[0]
WRITER_1_*_1> WRT_8168 [2025-07-30 12:06:09.773] テーブル[TUGA0501]のロードを終了: Wed Jul 30 12:06:09 2025
WRITER_1_*_1> WRT_8168 [2025-07-30 12:06:09.773] テーブル[J_EDI_SND_DB_HAC]のロードを終了: Wed Jul 30 12:06:09 2025
WRITER_1_*_1> WRT_8143 [2025-07-30 12:06:09.808] 
ロード順グループの終わりでコミットWed Jul 30 12:06:09 2025
===================================================

WRT_8036 ターゲット: J_EDI_SND_DB_HAC (インスタンス名: [DEV3ITUSER_J_EDI_SND_DB_HAC])
WRT_8041 更新された行 - 要求: 6         適用: 6         拒否: 0         影響あり: 6         

WRITER_1_*_1> WRT_8035 [2025-07-30 12:06:09.808] ロード完了時刻: Wed Jul 30 12:06:09 2025

ロード要約
============

WRT_8036 ターゲット: TUGA0501 (インスタンス名: [TUGA0501])
WRT_8038 挿入された行 - 要求: 6         適用: 6         拒否: 0         影響あり: 6         

WRT_8036 ターゲット: J_EDI_SND_DB_HAC (インスタンス名: [DEV3ITUSER_J_EDI_SND_DB_HAC])
WRT_8041 更新された行 - 要求: 6         適用: 6         拒否: 0         影響あり: 6         


WRITER_1_*_1> WRT_8043 [2025-07-30 12:06:09.808] *****ロードセッションの終わり*****
WRITER_1_*_1> WRT_8006 [2025-07-30 12:06:09.811] ライターの実行が完了しました｡
MANAGER> PETL_24031 [2025-07-30 12:06:09.812] 
***** TGT LOAD ORDER GROUP [1], CONCURRENT SET [1]の実行情報*****
スレッド[READER_1_1_1]は[読み込みステージ] (パーティションポイント[mplt_CMN_EDI送信DB_発注更新２_SQ_J_EDI_SND_DB_HAC])用に作成されたスレッドです。このスレッドが完了しました。合計実行時間は統計上意味を持つほど長くありませんでした。
スレッド[TRANSF_1_1_1]は[トランスフォーメーションステージ] (パーティションポイント[mplt_CMN_EDI送信DB_発注更新２_SQ_J_EDI_SND_DB_HAC])用に作成されたスレッドです。このスレッドが完了しました。合計実行時間は統計上意味を持つほど長くありませんでした。
スレッド[READER_1_2_1]は[読み込みステージ] (パーティションポイント[SQ_f_RENKEI_DATA_FILE])用に作成されたスレッドです。このスレッドが完了しました。合計実行時間は統計上意味を持つほど長くありませんでした。
スレッド[TRANSF_1_2_1]は[トランスフォーメーションステージ] (パーティションポイント[SQ_f_RENKEI_DATA_FILE])用に作成されたスレッドです。このスレッドが完了しました。合計実行時間は統計上意味を持つほど長くありませんでした。
スレッド[TRANSF_1_3_1]は[トランスフォーメーションステージ] (パーティションポイント[jnr_データ更新項目結合])用に作成されたスレッドです。このスレッドが完了しました。合計実行時間は統計上意味を持つほど長くありませんでした。
スレッド[WRITER_1_*_1]は[書き込みステージ] (パーティションポイント[TUGA0501, DEV3ITUSER_J_EDI_SND_DB_HAC])用に作成されたスレッドです。このスレッドが完了しました。合計実行時間は統計上意味を持つほど長くありませんでした。

MAPPING> CMN_1791 [2025-07-30 12:06:09.999] メモリ内で[1]集計グループ([agg_有効件数]の入力行)を保持するインデックスキャッシュサイズは[1296]バイトです
MAPPING> CMN_1790 [2025-07-30 12:06:09.999] メモリ内で[1]集計グループ([agg_有効件数]の入力行)を保持するデータキャッシュサイズは[536]バイトです
MANAGER> PETL_24005 [2025-07-30 12:06:10.001] ポストセッションタスクの開始｡ : (Wed Jul 30 12:06:10 2025)
POST-SESS> PETL_24091 [2025-07-30 12:06:10.004] スレッド[POST-SESS]のIDは[11]です。
MANAGER> PETL_24029 [2025-07-30 12:06:10.066] セッション実行後のタスクは正常に終了しました。 : (Wed Jul 30 12:06:10 2025)
MAPPING> TM_6315 [2025-07-30 12:06:10.066] DTMエラーログ: ファイルログ[C:\PROGRA~1\INFORM~1\apps\Data_Integration_Server\data\error\s_mtt_010PIX0Z00000000015D_b386f9f49af74013a90386d78ac04fee_error]、行挿入[0]｡
MAPPING> TM_6018 [2025-07-30 12:06:10.067] セッションが[0]の行トランスフォーメーションエラーで完了しました。
MANAGER> TE_7216 [2025-07-30 12:06:10.132] キャッシュファイル[C:\PROGRA~1\INFORM~1\apps\Data_Integration_Server\data\cache\PMAGG2026147015_10_0_31736.idx] (トランスフォーメーション[agg_有効件数]用)を削除しています。
MANAGER> TE_7216 [2025-07-30 12:06:10.132] キャッシュファイル[C:\PROGRA~1\INFORM~1\apps\Data_Integration_Server\data\cache\PMAGG2026147015_10_0_31736.dat] (トランスフォーメーション[agg_有効件数]用)を削除しています。
MANAGER> TE_7216 [2025-07-30 12:06:10.141] キャッシュファイル[C:\PROGRA~1\INFORM~1\apps\Data_Integration_Server\data\cache\PMJNR2026147015_69_0_31736.dat] (トランスフォーメーション[mplt_CMN_EDI送信DB_発注更新２_jnr_データ更新項目結合]用)を削除しています。
MANAGER> TE_7216 [2025-07-30 12:06:10.141] キャッシュファイル[C:\PROGRA~1\INFORM~1\apps\Data_Integration_Server\data\cache\PMJNR2026147015_69_0_31736.idx] (トランスフォーメーション[mplt_CMN_EDI送信DB_発注更新２_jnr_データ更新項目結合]用)を削除しています。
MANAGER> PETL_24002 [2025-07-30 12:06:10.864] Parallel Pipeline Engine 終了｡
DIRECTOR> PETL_24012 [2025-07-30 12:06:10.926] セッションの実行が成功しました｡
DIRECTOR> VAR_27048 [2025-07-30 12:06:10.926] リポジトリに対するマッピング変数値のpersisting｡
DIRECTOR> VAR_27049 [2025-07-30 12:06:10.926] マッピング変数名: [$$m_DATA_KOKAN_ID]、パーシステント値: [000086]、実行インスタンス名[]。
DIRECTOR> TM_6022 [2025-07-30 12:06:10.926] 

セッションロード要約
================================================

DIRECTOR> TM_6252 [2025-07-30 12:06:10.926] ソースのロード要約
DIRECTOR> CMN_1740 [2025-07-30 12:06:10.926] テーブル: [mplt_CMN_EDI送信DB_発注更新２_SQ_J_EDI_SND_DB_HAC] (インスタンス名: [mplt_CMN_EDI送信DB_発注更新２_SQ_J_EDI_SND_DB_HAC]、インスタンスUI名: [mplt_CMN_EDI送信DB_発注更新２_SQ_J_EDI_SND_DB_HAC])
	出力行数[6]、影響のあった行数[6]、適用された行数[6]、拒否された行数[0]
DIRECTOR> CMN_1740 [2025-07-30 12:06:10.926] テーブル: [SQ_f_RENKEI_DATA_FILE] (インスタンス名: [SQ_f_RENKEI_DATA_FILE]、インスタンスUI名: [SQ_f_RENKEI_DATA_FILE])
	出力行数[6]、影響のあった行数[6]、適用された行数[6]、拒否された行数[0]
DIRECTOR> TM_6253 [2025-07-30 12:06:10.926] ターゲットのロード要約
DIRECTOR> CMN_1740 [2025-07-30 12:06:10.926] テーブル: [TUGA0501] (インスタンス名: [TUGA0501]、インスタンスUI名: [f_OUTPUT_DATA_FILE])
	出力行数[6]、影響のあった行数[6]、適用された行数[6]、拒否された行数[0]
DIRECTOR> CMN_1740 [2025-07-30 12:06:10.926] テーブル: [DEV3ITUSER_J_EDI_SND_DB_HAC] (インスタンス名: [DEV3ITUSER_J_EDI_SND_DB_HAC]、インスタンスUI名: [mplt_CMN_EDI送信DB_発注更新２_J_EDI_SND_DB_HAC])
	出力行数[6]、影響のあった行数[6]、適用された行数[6]、拒否された行数[0]
DIRECTOR> TM_6023 [2025-07-30 12:06:10.926] 
===================================================

DIRECTOR> TM_6020 [2025-07-30 12:06:10.926] セッション[s_mtt_010PIX0Z00000000015D_b386f9f49af74013a90386d78ac04fee]が[Wed Jul 30 12:06:10 2025]で完了しました。
