2025/10/24 18:15:57.89 ジョブID:  の実行開始 
2025/10/24 18:15:57.89 STEP010 開始 
2025/10/24 18:15:57.89 STEP010 終了 
2025/10/24 18:15:57.89 STEP020 開始 
2025/10/24 18:15:57.91 STEP020 終了 
2025/10/24 18:15:57.91 STEP030 実行開始 
527  [main] INFO  com.informatica.saas.utilities.plugins.EncryptTextPlugin  - Keystore : key-store.txt
664  [main] INFO  com.informatica.saas.plugins.RestClientPlugin  - Welcome to Informatica CLI tool
667  [main] INFO  com.informatica.saas.plugins.RestClientPlugin  - Based on your configuration CLI tool will assume you are working in Florence(IICS) mode
https://dm1-ap.informaticacloud.com/ma/api/v3/InternalLogin
6239 [main] INFO  com.informatica.saas.delegate.florence.FlorenceUserDelegate  - SaaS URL was not set. Using SaaS URL: https://apne1.dm1-ap.informaticacloud.com/saas
6294 [main] INFO  com.informatica.saas.delegate.florence.FlorenceUserDelegate  - Logged IN, IDS-SESSION-ID=0tgUUnWUrC8dWtwTHrnGKR
6297 [main] INFO  com.informatica.saas.utilities.plugins.UserHandler  - Logged in at Fri Oct 24 18:16:04 JST 2025
6299 [main] INFO  com.informatica.saas.utilities.task.ICRTTask  - Fri Oct 24 18:16:04 JST 2025 Running the task: wf_TUG_A140_110
https://apne1.dm1-ap.informaticacloud.com/active-bpel/tf/wf_TUG_A140_110
6991 [main] INFO  com.informatica.saas.utilities.task.ICRTTask  - Submitted run of the task: taskUrl=wf_TUG_A140_110, taskRunId=1166304092132188160
https://apne1.dm1-ap.informaticacloud.com/active-bpel/services/tf/status/1166304092132188160
7058 [main] INFO  com.informatica.saas.utilities.task.ICRTTask  - Fri Oct 24 18:16:05 JST 2025 Task wf_TUG_A140_110 with run Id 1166304092132188160 found in activity log
7059 [main] INFO  com.informatica.saas.utilities.task.ICRTTask  - Job Status:  Running
https://apne1.dm1-ap.informaticacloud.com/active-bpel/services/tf/status/1166304092132188160
22150 [main] INFO  com.informatica.saas.utilities.task.ICRTTask  - Fri Oct 24 18:16:20 JST 2025 Task wf_TUG_A140_110 with run Id 1166304092132188160 found in activity log
22150 [main] INFO  com.informatica.saas.utilities.task.ICRTTask  - Job Status:  Success
22150 [main] INFO  com.informatica.saas.utilities.task.ICRTTask  - Details: ID: runId: 1166304092132188160 Start Time: 2025-10-24T09:16:05Z End Time: 2025-10-24T09:16:13Z Subtask Count: 1
22151 [main] INFO  com.informatica.saas.utilities.plugins.RunAJobPlugin  - Fri Oct 24 18:16:20 JST 2025 Task null with run Id 1166304092132188160 exited from activity monitor
https://dm1-ap.informaticacloud.com/ma/api/v3/Logout
22278 [main] INFO  com.informatica.saas.delegate.florence.FlorenceUserDelegate  - Logged OUT, IDS-SESSION-ID=0tgUUnWUrC8dWtwTHrnGKR
22278 [main] INFO  com.informatica.saas.utilities.plugins.UserHandler  - Logged out at Fri Oct 24 18:16:20 JST 2025
22278 [main] INFO  com.informatica.saas.utilities.plugins.RunAJobPlugin  - Main returning: 0
2025/10/24 18:16:20.29 STEP030 実行終了 
2025/10/24 18:16:20.29 STEP040 実行開始 
2025/10/24 18:16:20.29 STEP040 ファイルサイズ=0 により終了コード10を返却 
