2025/07/30 13:45:34.99 ジョブID: TUGA050S030 の実行開始 
2025/07/30 13:45:34.99 STEP010 開始 
2025/07/30 13:45:35.00 STEP010 実行終了 
2025/07/30 13:45:35.00 STEP020 実行開始 
2025/07/30 13:45:35.02 STEP020 終了 
2025/07/30 13:45:35.02 STEP030 実行開始 
890  [main] INFO  com.informatica.saas.utilities.plugins.EncryptTextPlugin  - Keystore : key-store.txt
1211 [main] INFO  com.informatica.saas.plugins.RestClientPlugin  - Welcome to Informatica CLI tool
1216 [main] INFO  com.informatica.saas.plugins.RestClientPlugin  - Based on your configuration CLI tool will assume you are working in Florence(IICS) mode
https://dm1-ap.informaticacloud.com/ma/api/v3/InternalLogin
7505 [main] INFO  com.informatica.saas.delegate.florence.FlorenceUserDelegate  - SaaS URL was not set. Using SaaS URL: https://apne1.dm1-ap.informaticacloud.com/saas
7520 [main] INFO  com.informatica.saas.delegate.florence.FlorenceUserDelegate  - Logged IN, IDS-SESSION-ID=6Yu6SK87kt3dH9kacmUMAQ
7524 [main] INFO  com.informatica.saas.utilities.plugins.UserHandler  - Logged in at Wed Jul 30 13:45:42 JST 2025
7528 [main] INFO  com.informatica.saas.utilities.task.ICRTTask  - Wed Jul 30 13:45:42 JST 2025 Running the task: wf_TUG_A050_130
https://apne1.dm1-ap.informaticacloud.com/active-bpel/tf/wf_TUG_A050_130
8217 [main] INFO  com.informatica.saas.utilities.task.ICRTTask  - Submitted run of the task: taskUrl=wf_TUG_A050_130, taskRunId=1135070697616265216
https://apne1.dm1-ap.informaticacloud.com/active-bpel/services/tf/status/1135070697616265216
8296 [main] INFO  com.informatica.saas.utilities.task.ICRTTask  - Wed Jul 30 13:45:43 JST 2025 Task wf_TUG_A050_130 with run Id 1135070697616265216 found in activity log
8298 [main] INFO  com.informatica.saas.utilities.task.ICRTTask  - Job Status:  Running
https://apne1.dm1-ap.informaticacloud.com/active-bpel/services/tf/status/1135070697616265216
23417 [main] INFO  com.informatica.saas.utilities.task.ICRTTask  - Wed Jul 30 13:45:58 JST 2025 Task wf_TUG_A050_130 with run Id 1135070697616265216 found in activity log
23417 [main] INFO  com.informatica.saas.utilities.task.ICRTTask  - Job Status:  Running
https://apne1.dm1-ap.informaticacloud.com/active-bpel/services/tf/status/1135070697616265216
38512 [main] INFO  com.informatica.saas.utilities.task.ICRTTask  - Wed Jul 30 13:46:13 JST 2025 Task wf_TUG_A050_130 with run Id 1135070697616265216 found in activity log
38513 [main] INFO  com.informatica.saas.utilities.task.ICRTTask  - Job Status:  Running
https://apne1.dm1-ap.informaticacloud.com/active-bpel/services/tf/status/1135070697616265216
53598 [main] INFO  com.informatica.saas.utilities.task.ICRTTask  - Wed Jul 30 13:46:28 JST 2025 Task wf_TUG_A050_130 with run Id 1135070697616265216 found in activity log
53599 [main] INFO  com.informatica.saas.utilities.task.ICRTTask  - Job Status:  Running
https://apne1.dm1-ap.informaticacloud.com/active-bpel/services/tf/status/1135070697616265216
68691 [main] INFO  com.informatica.saas.utilities.task.ICRTTask  - Wed Jul 30 13:46:43 JST 2025 Task wf_TUG_A050_130 with run Id 1135070697616265216 found in activity log
68691 [main] INFO  com.informatica.saas.utilities.task.ICRTTask  - Job Status:  Success
68691 [main] INFO  com.informatica.saas.utilities.task.ICRTTask  - Details: ID: runId: 1135070697616265216 Start Time: 2025-07-30T04:45:43Z End Time: 2025-07-30T04:46:42Z Subtask Count: 1
68691 [main] INFO  com.informatica.saas.utilities.plugins.RunAJobPlugin  - Wed Jul 30 13:46:43 JST 2025 Task null with run Id 1135070697616265216 exited from activity monitor
https://dm1-ap.informaticacloud.com/ma/api/v3/Logout
68817 [main] INFO  com.informatica.saas.delegate.florence.FlorenceUserDelegate  - Logged OUT, IDS-SESSION-ID=6Yu6SK87kt3dH9kacmUMAQ
68818 [main] INFO  com.informatica.saas.utilities.plugins.UserHandler  - Logged out at Wed Jul 30 13:46:43 JST 2025
68818 [main] INFO  com.informatica.saas.utilities.plugins.RunAJobPlugin  - Main returning: 0
2025/07/30 13:46:44.01 STEP030 実行終了 
2025/07/30 13:46:44.01 STEP040 実行開始 
2025/07/30 13:46:44.01 STEP040 ファイルサイズ=0 により終了コード10を返却 
