PETL_24036 [2025-07-30 13:46:23.303] セッションの準備段階を開始します。
TM_6721 [2025-07-30 13:46:23.304] [リポジトリへの接続]を開始しました。
TM_6722 [2025-07-30 13:46:23.436] [リポジトリへの接続]を完了しました。所要時間は[0.132001]秒でした。
TM_6721 [2025-07-30 13:46:23.436] [リポジトリからセッションを取り出します]を開始しました。
TM_6722 [2025-07-30 13:46:33.572] [リポジトリからセッションを取り出します]を完了しました。所要時間は[10.1361]秒でした。
VAR_27085 [2025-07-30 13:46:33.576] パラメータファイル[C:\Program Files\Informatica Cloud Secure Agent\apps\Data_Integration_Server\data\parameters\s_mtt_010PIX0Z00000000015D_10ed6f2f63eb49fcb893a2d136be4c09.param]が[セッション[wf_mtt_010PIX0Z00000000015D.s_mtt_010PIX0Z00000000015D_10ed6f2f63eb49fcb893a2d136be4c09]]に対して開かれました。
VAR_27062 [2025-07-30 13:46:33.579] 警告! worklet [wf_mtt_010PIX0Z00000000015D]とフォルダ[]のセクションをパラメータファイル[C:\Program Files\Informatica Cloud Secure Agent\apps\Data_Integration_Server\data\parameters\s_mtt_010PIX0Z00000000015D_10ed6f2f63eb49fcb893a2d136be4c09.param]で見つけることができません。
TM_6721 [2025-07-30 13:46:33.777] [パーティショングループフォーメーション]を開始しました。
TM_6722 [2025-07-30 13:46:33.780] [パーティショングループフォーメーション]を完了しました。所要時間は[0.00300097]秒でした。
PETL_24037 [2025-07-30 13:46:33.780] セッションの準備段階を完了しました。
DIRECTOR> TM_6228 [2025-07-30 13:46:33.781] セッションログを[C:\PROGRA~1\INFORM~1\apps\Data_Integration_Server\data\..\logs\TUGA050S030_sessionlog_20250730134534.log]に出力しています。
DIRECTOR> VAR_27085 [2025-07-30 13:46:33.800] パラメータファイル[C:\Program Files\Informatica Cloud Secure Agent\apps\Data_Integration_Server\data\parameters\s_mtt_010PIX0Z00000000015D_10ed6f2f63eb49fcb893a2d136be4c09.param]が[セッション[wf_mtt_010PIX0Z00000000015D.s_mtt_010PIX0Z00000000015D_10ed6f2f63eb49fcb893a2d136be4c09]]に対して開かれました。
DIRECTOR> VAR_27062 [2025-07-30 13:46:33.804] 警告! worklet [wf_mtt_010PIX0Z00000000015D]とフォルダ[]のセクションをパラメータファイル[C:\Program Files\Informatica Cloud Secure Agent\apps\Data_Integration_Server\data\parameters\s_mtt_010PIX0Z00000000015D_10ed6f2f63eb49fcb893a2d136be4c09.param]で見つけることができません。
DIRECTOR> PETL_24093 [2025-07-30 13:46:33.806] User defined Parameter File Location [\\\j2sde081\d$\DEV_DIKe\temp\wfparm\/p_t_TUG_発注_030.param].
DIRECTOR> TM_6014 [2025-07-30 13:46:33.806] セッション[s_mtt_010PIX0Z00000000015D_10ed6f2f63eb49fcb893a2d136be4c09]を初期化しています: [Wed Jul 30 13:46:33 2025]。
DIRECTOR> TM_6683 [2025-07-30 13:46:33.806] リポジトリ名: [XMLRepository]
DIRECTOR> TM_6684 [2025-07-30 13:46:33.806] サーバー名: [rDTM]
DIRECTOR> TM_6686 [2025-07-30 13:46:33.806] フォルダ: []
DIRECTOR> TM_6685 [2025-07-30 13:46:33.806] ワークフロー: [wf_mtt_010PIX0Z00000000015D] 実行インスタンス名: [] 実行ID: [0]
DIRECTOR> TM_6992 [2025-07-30 13:46:33.806] オペレーションシステムタイプ[NT]
DIRECTOR> TM_6101 [2025-07-30 13:46:33.806] マッピング名: Mapping0。
DIRECTOR> TM_6964 [2025-07-30 13:46:33.807] セッションの日付形式は[MM/DD/YYYY HH24:MI:SS.US]です。
DIRECTOR> TM_6703 [2025-07-30 13:46:33.808] セッション[s_mtt_010PIX0Z00000000015D_10ed6f2f63eb49fcb893a2d136be4c09]は64-bit 統合サービス [] (バージョン[10.2.0 HotFix2]、ビルド[0321])で動作しています。
MANAGER> PETL_24091 [2025-07-30 13:46:34.831] スレッド[MANAGER]のIDは[1]です。
MANAGER> PETL_24058 [2025-07-30 13:46:34.831] パーティショングループ[1]を実行中です。
MANAGER> PETL_24000 [2025-07-30 13:46:34.831] Parallel Pipeline Engine 初期化中｡
MONITOR> PETL_24091 [2025-07-30 13:46:34.833] スレッド[MONITOR]のIDは[2]です。
MANAGER> PETL_24001 [2025-07-30 13:46:34.833] Parallel Pipeline Engine 実行中｡
MANAGER> PETL_24003 [2025-07-30 13:46:34.833] セッション実行の初期化｡
MAPPING> PETL_24091 [2025-07-30 13:46:34.835] スレッド[MAPPING]のIDは[3]です。
MAPPING> CMN_1569 [2025-07-30 13:46:34.839] Serverモード: [UNICODE]
MAPPING> CMN_1570 [2025-07-30 13:46:34.839] Serverコードページ: [UTF-8 encoding of Unicode]
MAPPING> TM_6151 [2025-07-30 13:46:34.839] セッションソート順は[Binary]です。
MAPPING> TM_6185 [2025-07-30 13:46:34.839] 警告。このセッションでは、コードページ検査機能が無効になっています。
MAPPING> CMN_65109 [2025-07-30 13:46:34.839] 現在のタイムゾーン:[UTC +9:0]
MAPPING> CMN_65111 [2025-07-30 13:46:34.839] 現在のプロセスID:[18444]
MAPPING> TM_6155 [2025-07-30 13:46:34.839] 高精度処理を使用しています。
MAPPING> TM_6180 [2025-07-30 13:46:34.839] デッドロック用再実行ロジックが実装されません。
MAPPING> TM_6181 [2025-07-30 13:46:34.839] セッションのソースベースコミット間隔は[2147483647]です。
MAPPING> VAR_27084 [2025-07-30 13:46:34.840] 警告: 変数またはパラメータ[$PMSessionName_error]の値を[$PMSessionName_error]の展開中に見つけることができません。一致する最も長い変数またはパラメータの値[$PMSessionName]を使用しています。
MAPPING> TM_6308 [2025-07-30 13:46:34.840] DTMエラーログはUTF-8コードページを使用しています｡
MAPPING> TM_6310 [2025-07-30 13:46:34.840] DTMエラーログはファイル[C:\PROGRA~1\INFORM~1\apps\Data_Integration_Server\data\error\s_mtt_010PIX0Z00000000015D_10ed6f2f63eb49fcb893a2d136be4c09_error]で有効になっています｡
MAPPING> TM_6682 [2025-07-30 13:46:34.840] 警告: DTMエラーログが有効なので、行レベルのエラーはセッションログには書き込みません｡行レベルのエラーのDTMエラーログを確認ください。
MAPPING> CCM_9007 [2025-07-30 13:46:34.843] The DTM Error Log File Delimiter being used is [,].
MAPPING> TM_6701 [2025-07-30 13:46:34.843] 警告: DTMエラーログのデータ列の区切り文字とフラットファイルの区切り文字が同じ[',']です｡
MAPPING> TE_7022 [2025-07-30 13:46:34.899] TShmWriter: 初期化済み
MAPPING> DBG_21491 [2025-07-30 13:46:34.904] ソース修飾子 [SQ_f_RENKEI_DATA_FILE]からの行に基づくソースベースコミットの間隔
MAPPING> DBG_21492 [2025-07-30 13:46:34.907] トランスフォーメーション[agg_有効件数]からの行に基づくソースベースコミットの間隔
MAPPING> DBG_21694 [2025-07-30 13:46:34.908] agg_有効件数パーティション[0]: インデックスキャッシュサイズ= [1000000]、データキャッシュサイズ= [2000000]
MAPPING> TE_7212 [2025-07-30 13:46:34.908] [インデックスキャッシュ]サイズ(トランスフォーメーション[agg_有効件数])を[1000000]から[1049760]に増やします。
MAPPING> TE_7212 [2025-07-30 13:46:34.908] [データキャッシュ]サイズ(トランスフォーメーション[agg_有効件数])を[2000000]から[2097368]に増やします。
MAPPING> TE_7029 [2025-07-30 13:46:34.908] 集計情報: 新しいインデックスファイルとデータファイルを作成しています
MAPPING> TE_7034 [2025-07-30 13:46:34.910] 集計情報: インデックスファイルは[C:\PROGRA~1\INFORM~1\apps\Data_Integration_Server\data\cache\PMAGG1370859060_10_0_18444.idx]です
MAPPING> TE_7035 [2025-07-30 13:46:34.910] 集計情報: データファイルは[C:\PROGRA~1\INFORM~1\apps\Data_Integration_Server\data\cache\PMAGG1370859060_10_0_18444.dat]です
MAPPING> DBG_21492 [2025-07-30 13:46:34.912] トランスフォーメーション[jnr_データ更新項目結合]からの行に基づくソースベースコミットの間隔
MAPPING> DBG_21492 [2025-07-30 13:46:34.913] トランスフォーメーション[jnr_データ更新項目結合]からの行に基づくソースベースコミットの間隔
MAPPING> DBG_21491 [2025-07-30 13:46:34.918] ソース修飾子 [mplt_CMN_EDI送信DB_発注更新２_SQ_J_EDI_SND_DB_HAC]からの行に基づくソースベースコミットの間隔
MAPPING> DBG_21492 [2025-07-30 13:46:34.919] トランスフォーメーション[mplt_CMN_EDI送信DB_発注更新２_jnr_データ更新項目結合]からの行に基づくソースベースコミットの間隔
MAPPING> DBG_21694 [2025-07-30 13:46:34.919] mplt_CMN_EDI送信DB_発注更新２_jnr_データ更新項目結合パーティション[0]: インデックスキャッシュサイズ= [89478485]、データキャッシュサイズ= [178956970]
MAPPING> TT_11098 [2025-07-30 13:46:34.919] ジョイナトランスフォーメーション[mplt_CMN_EDI送信DB_発注更新２_jnr_データ更新項目結合]は、結合アルゴリズムで次のように設定されています: Nested-Loop。
MAPPING> DBG_21492 [2025-07-30 13:46:34.961] トランスフォーメーション[jnr_データ更新項目結合]からの行に基づくソースベースコミットの間隔
MAPPING> DBG_21694 [2025-07-30 13:46:34.962] jnr_データ更新項目結合パーティション[0]: インデックスキャッシュサイズ= [89478485]、データキャッシュサイズ= [178956970]
MAPPING> TT_11098 [2025-07-30 13:46:34.962] ジョイナトランスフォーメーション[jnr_データ更新項目結合]は、結合アルゴリズムで次のように設定されています: Sorted-Merge。
MAPPING> DBG_21077 [2025-07-30 13:46:34.963] マスタ関係にJoinerキャッシュを作成 : (Wed Jul 30 13:46:34 2025)
MAPPING> CMN_1690 [2025-07-30 13:46:34.985] 新しいデータファイル[C:\PROGRA~1\INFORM~1\apps\Data_Integration_Server\data\cache\PMJNR1370859060_13_0_18444.dat]とインデックスファイル[C:\PROGRA~1\INFORM~1\apps\Data_Integration_Server\data\cache\PMJNR1370859060_13_0_18444.idx]をジョイナ [jnr_データ更新項目結合]用に作成しました。
MAPPING> DBG_21691 [2025-07-30 13:46:34.985] 明細関係にジョイナキャッシュを作成 : (Wed Jul 30 13:46:34 2025)
MAPPING> CMN_1690 [2025-07-30 13:46:35.007] 新しいデータファイル[C:\PROGRA~1\INFORM~1\apps\Data_Integration_Server\data\cache\PMJNRD1370859060_13_0_18444.dat]とインデックスファイル[C:\PROGRA~1\INFORM~1\apps\Data_Integration_Server\data\cache\PMJNRD1370859060_13_0_18444.idx]をジョイナ [jnr_データ更新項目結合]用に作成しました。
MAPPING> DBG_21492 [2025-07-30 13:46:35.105] トランスフォーメーション[mplt_CMN_EDI送信DB_発注更新２_jnr_データ更新項目結合]からの行に基づくソースベースコミットの間隔
MAPPING> DBG_21244 [2025-07-30 13:46:35.107] ロード順グループ[1]を初期化しています。ソース修飾子は[SQ_f_RENKEI_DATA_FILE]です
MAPPING> DBG_21244 [2025-07-30 13:46:35.107] ロード順グループ[1]を初期化しています。ソース修飾子は[mplt_CMN_EDI送信DB_発注更新２_SQ_J_EDI_SND_DB_HAC]です
MAPPING> PMJVM_42020 [2025-07-30 13:46:35.119] [INFO] 次のライブラリをロードしました: C:\PROGRA~1\INFORM~1\apps\jdk\zulu8.82.0.22-sa-fx-jdk8.0.432\jre\bin\server\jvm.dll。
MAPPING> PMJVM_42009 [2025-07-30 13:46:35.180] [INFO] Java VM の作成が成功しました。
MAPPING> TM_6007 [2025-07-30 13:46:35.338] DTMはセッション[s_mtt_010PIX0Z00000000015D_10ed6f2f63eb49fcb893a2d136be4c09]に対して正常に初期化されました
DIRECTOR> PETL_24033 [2025-07-30 13:46:35.338] すべてのDTM接続情報: [<NONE>]。
MANAGER> PETL_24004 [2025-07-30 13:46:35.338] プリセッションタスクの開始｡ : (Wed Jul 30 13:46:35 2025)
PRE-SESS> PETL_24091 [2025-07-30 13:46:35.340] スレッド[PRE-SESS]のIDは[4]です。
MANAGER> PETL_24027 [2025-07-30 13:46:35.407] セッション実行前のタスクは正常に終了しました。 : (Wed Jul 30 13:46:35 2025)
DIRECTOR> PETL_24006 [2025-07-30 13:46:35.407] データ移動の開始｡
MAPPING> TM_6966 [2025-07-30 13:46:35.407] 高いパフォーマンスに必要なバッファプールメモリ容量の概算値を抑えています。
MAPPING> TM_6660 [2025-07-30 13:46:35.407] バッファプールサイズの総計は81511360バイト、ブロックサイズは4071568バイトです。
READER_1_1_1> PETL_24091 [2025-07-30 13:46:35.414] スレッド[READER_1_1_1]のIDは[5]です。
READER_1_1_1> DBG_21437 [2025-07-30 13:46:35.416] リーダー: ソースはファイルベースのソースです｡
READER_1_1_1> FR_3118 [2025-07-30 13:46:35.417] ソース[SQ_f_RENKEI_DATA_FILE]コードページ: [MS Windows Japanese, superset of Shift-JIS]
READER_1_1_1> FR_3071 [2025-07-30 13:46:35.421] 最大行順序ありバッファ長は2316です。
READER_1_1_1> BLKR_16003 [2025-07-30 13:46:35.422] 初期化が正常に完了しました｡
TRANSF_1_1_1> PETL_24091 [2025-07-30 13:46:35.423] スレッド[TRANSF_1_1_1]のIDは[6]です。
READER_1_2_1> PETL_24091 [2025-07-30 13:46:35.425] スレッド[READER_1_2_1]のIDは[7]です。
READER_1_2_1> DBG_21438 [2025-07-30 13:46:35.427] リーダー: ソースは[odbc://dbtype=Oracle;host=192.168.10.34;port=1521;database=j2sde034.adev.local]、タイプ[ODBC]、ユーザー[DEV3ITUSER]
READER_1_2_1> BLKR_16051 [2025-07-30 13:46:35.429] ソースデータベース接続[Conn_010PIX0B00000000001T]コードページ: [MS Windows Japanese, superset of Shift-JIS]
READER_1_2_1> CMN_1021 [2025-07-30 13:46:35.509] データベースドライバイベント...
CMN_1021 [Reading driver properties from : C:\Program Files\Informatica Cloud Secure Agent\apps\Data_Integration_Server\74.0.1.1\ICS\main\bin\rdtm/../../../../drivers/driver.properties
ドライバ名を決定するDTMフラグが見つからないため、[DataDirect CLOSED 8.0 Oracle Wire Protocol for Informatica - BASE]ドライバをデフォルトとします。
ODBCイベント: 配列FETCHの使用。
ODBCイベント: 1行INSERTの使用。接続文字列= [Driver=DataDirect CLOSED 8.0 Oracle Wire Protocol for Informatica - BASE;Host=192.168.10.34;ServiceName=j2sde034.adev.local;Port=1521;UID=DEV3ITUSER;AS=6000000;EBL=0;ENS=1;ETWT=1;WorkArounds2=2;EnableEmptyLobs=1]。ユーザーID = [DEV3ITUSER]
ODBCバージョン:	03.80.0000
.
DBMS名:	Oracle
.
DBMSバージョン:	12.02.0000 Oracle 12.2.0.1.0
.
ドライバ名:	dwora28.dll
.
ドライババージョン:	08.02.3072 (B1917, U1723)
.
ドライバODBCバージョン:	03.52
.]

READER_1_2_1> BLKR_16003 [2025-07-30 13:46:35.509] 初期化が正常に完了しました｡
TRANSF_1_2_1> PETL_24091 [2025-07-30 13:46:35.512] スレッド[TRANSF_1_2_1]のIDは[8]です。
TRANSF_1_3_1> PETL_24091 [2025-07-30 13:46:35.514] スレッド[TRANSF_1_3_1]のIDは[9]です。
WRITER_1_*_1> PETL_24091 [2025-07-30 13:46:35.584] スレッド[WRITER_1_*_1]のIDは[10]です。
WRITER_1_*_1> WRT_8124 [2025-07-30 13:46:35.587] ターゲットテーブルTUGA0501 :出力を書き込み中｡書き込み先:d:\DEV_DIKe\temp\TUGA0501
WRITER_1_*_1> WRT_8222 [2025-07-30 13:46:35.587] ターゲットファイル[d:\DEV_DIKe\temp\TUGA0501]コードページ: [MS Windows Japanese, superset of Shift-JIS]
WRITER_1_*_1> WRT_8147 [2025-07-30 13:46:35.590] ライター: ターゲットはデータベース[odbc://dbtype=Oracle;host=192.168.10.34;port=1521;database=j2sde034.adev.local]、タイプ[ODBC]、ユーザー[DEV3ITUSER]、一括モード[OFF]
WRITER_1_*_1> CMN_1021 [2025-07-30 13:46:35.664] データベースドライバイベント...
CMN_1021 [Reading driver properties from : C:\Program Files\Informatica Cloud Secure Agent\apps\Data_Integration_Server\74.0.1.1\ICS\main\bin\rdtm/../../../../drivers/driver.properties
ドライバ名を決定するDTMフラグが見つからないため、[DataDirect CLOSED 8.0 Oracle Wire Protocol for Informatica - BASE]ドライバをデフォルトとします。
ODBCイベント: 配列FETCHの使用。
ODBCイベント: 1行INSERTの使用。接続文字列= [Driver=DataDirect CLOSED 8.0 Oracle Wire Protocol for Informatica - BASE;Host=192.168.10.34;ServiceName=j2sde034.adev.local;Port=1521;UID=DEV3ITUSER;AS=6000000;EBL=0;ENS=1;ETWT=1;WorkArounds2=2;EnableEmptyLobs=1]。ユーザーID = [DEV3ITUSER]
ODBCバージョン:	03.80.0000
.
DBMS名:	Oracle
.
DBMSバージョン:	12.02.0000 Oracle 12.2.0.1.0
.
ドライバ名:	dwora28.dll
.
ドライババージョン:	08.02.3072 (B1917, U1723)
.
ドライバODBCバージョン:	03.52
.]

WRITER_1_*_1> WRT_8221 [2025-07-30 13:46:35.664] ターゲットデータベース接続[Conn_010PIX0B00000000001T]コードページ: [MS Windows Japanese, superset of Shift-JIS]
WRITER_1_*_1> WRT_8124 [2025-07-30 13:46:35.665] ターゲットテーブルJ_EDI_SND_DB_HAC :SQL INSERT文:
INSERT INTO DEV3ITUSER.J_EDI_SND_DB_HAC(SND_SEQ_NO,EDI_SND_JOKYO_SBT,FUNC_UKETSUKE_NO,AITE_SAKI_BETSU_DATA,NEW_UPDATE_DT,NEW_UPDATE_USR,NEW_UPDATE_FUNC,UPDATE_CNT)  VALUES ( ?, ?, ?, ?, ?, ?, ?, ?) 
WRITER_1_*_1> WRT_8124 [2025-07-30 13:46:35.665] ターゲットテーブルJ_EDI_SND_DB_HAC :SQL UPDATE文:
UPDATE DEV3ITUSER.J_EDI_SND_DB_HAC SET EDI_SND_JOKYO_SBT = ?, FUNC_UKETSUKE_NO = ?, AITE_SAKI_BETSU_DATA = ?, NEW_UPDATE_DT = ?, NEW_UPDATE_USR = ?, NEW_UPDATE_FUNC = ?, UPDATE_CNT = ? WHERE SND_SEQ_NO = ?
WRITER_1_*_1> WRT_8124 [2025-07-30 13:46:35.665] ターゲットテーブルJ_EDI_SND_DB_HAC :SQL DELETE文:
DELETE FROM DEV3ITUSER.J_EDI_SND_DB_HAC WHERE SND_SEQ_NO = ?
WRITER_1_*_1> WRT_8270 [2025-07-30 13:46:35.666] ターゲット接続グループ番号1はターゲット[TUGA0501]で構成されています。
WRITER_1_*_1> WRT_8324 [2025-07-30 13:46:35.666] 警告: ターゲット接続グループの接続がトランザクションをサポートしていません。ターゲット[TUGA0501]は指定したトランザクション境界に従ってロードされない可能性があります。
WRITER_1_*_1> WRT_8270 [2025-07-30 13:46:35.666] ターゲット接続グループ番号2はターゲット[J_EDI_SND_DB_HAC]で構成されています。
WRITER_1_*_1> WRT_8003 [2025-07-30 13:46:35.666] ライターの初期化が完了しました｡
READER_1_1_1> BLKR_16007 [2025-07-30 13:46:35.666] リーダーの実行を開始しました｡
WRITER_1_*_1> WRT_8005 [2025-07-30 13:46:35.667] ライターの実行を開始しました｡
READER_1_2_1> BLKR_16007 [2025-07-30 13:46:35.667] リーダーの実行を開始しました｡
WRITER_1_*_1> WRT_8158 [2025-07-30 13:46:35.667] 

*****ロードセッションの開始*****

ロード開始時刻: Wed Jul 30 13:46:35 2025

ロード開始時刻:

     TUGA0501
     J_EDI_SND_DB_HAC


READER_1_2_1> RR_4029 [2025-07-30 13:46:35.667] SQインスタンス[mplt_CMN_EDI送信DB_発注更新２_SQ_J_EDI_SND_DB_HAC]ユーザー指定SQLクエリ[SELECT *
FROM J_EDI_SND_DB_HAC a
WHERE a.DATA_KOKAN_ID = '000086'
  AND a.EDI_KINO_CATEGORY_CD = 'A050'
  AND a.EDI_SND_JOKYO_SBT = '1'
  AND a.DEL_KBN = '0'
FOR UPDATE WAIT 60]
READER_1_2_1> RR_4049 [2025-07-30 13:46:35.667] SQLクエリがデータベースに発行されました : (Wed Jul 30 13:46:35 2025)
READER_1_1_1> DBG_21430 [2025-07-30 13:46:35.669] 入力ソースファイル[d:\DEV_DIKe\temp\TUGA050S02001]からデータを読み込んでいます : (Wed Jul 30 13:46:35 2025)
READER_1_1_1> BLKR_16019 [2025-07-30 13:46:35.669] レコードを[0]行、エラーレコードを[0]行、読み込みました: ソーステーブル[TUGA050S02001]インスタンス名[TUGA050S02001]
READER_1_1_1> BLKR_16008 [2025-07-30 13:46:35.669] リーダーの実行が完了しました｡
TRANSF_1_1_1> TE_7032 [2025-07-30 13:46:35.669] 以下のファイルで管理されているB-Tree
C:\PROGRA~1\INFORM~1\apps\Data_Integration_Server\data\cache\PMAGG1370859060_10_0_18444.dat (データ用)

C:\PROGRA~1\INFORM~1\apps\Data_Integration_Server\data\cache\PMAGG1370859060_10_0_18444.idx (インデックス用):
	インデックスサイズ:	1
	行サイズ:	16
	順序:		100
	最小順序:	50
	高さ:		0
	エントリ:	0
	インデックスページサイズ:	1296
	インデックスページ:	810
	データページサイズ:	536
	データページ:	3913

TRANSF_1_1_1> DBG_21216 [2025-07-30 13:46:35.669] ソース修飾子 [SQ_f_RENKEI_DATA_FILE]のトランスフォーメーションを終了しました。エラー総数[0]
READER_1_2_1> BLKR_16019 [2025-07-30 13:46:35.675] レコードを[0]行、エラーレコードを[0]行、読み込みました: ソーステーブル[DUMMY_mplt_CMN_EDI送信DB_発注更新２_SQ_J_EDI_SND_DB_HAC]インスタンス名[DUMMY_mplt_CMN_EDI送信DB_発注更新２_SQ_J_EDI_SND_DB_HAC]
TRANSF_1_2_1> DBG_21077 [2025-07-30 13:46:35.675] マスタ関係にJoinerキャッシュを作成 : (Wed Jul 30 13:46:35 2025)
READER_1_2_1> BLKR_16008 [2025-07-30 13:46:35.676] リーダーの実行が完了しました｡
TRANSF_1_2_1> TE_7212 [2025-07-30 13:46:35.677] [インデックスキャッシュ]サイズ(トランスフォーメーション[mplt_CMN_EDI送信DB_発注更新２_jnr_データ更新項目結合])を[89478485]から[89481600]に増やします。
TRANSF_1_2_1> TE_7212 [2025-07-30 13:46:35.677] [データキャッシュ]サイズ(トランスフォーメーション[mplt_CMN_EDI送信DB_発注更新２_jnr_データ更新項目結合])を[178956970]から[178957456]に増やします。
WRITER_1_*_1> WRT_8167 [2025-07-30 13:46:35.683] テーブル[TUGA0501]のロードを開始: Wed Jul 30 13:46:35 2025
WRITER_1_*_1> WRT_8168 [2025-07-30 13:46:35.687] テーブル[TUGA0501]のロードを終了: Wed Jul 30 13:46:35 2025
TRANSF_1_2_1> CMN_1690 [2025-07-30 13:46:35.704] 新しいデータファイル[C:\PROGRA~1\INFORM~1\apps\Data_Integration_Server\data\cache\PMJNR1370859060_69_0_18444.dat]とインデックスファイル[C:\PROGRA~1\INFORM~1\apps\Data_Integration_Server\data\cache\PMJNR1370859060_69_0_18444.idx]をジョイナ [mplt_CMN_EDI送信DB_発注更新２_jnr_データ更新項目結合]用に作成しました。
TRANSF_1_2_1> DBG_21214 [2025-07-30 13:46:35.704] マスタ関係に対するJoinerキャッシュを完了しました : (Wed Jul 30 13:46:35 2025)
TRANSF_1_2_1> DBG_21216 [2025-07-30 13:46:35.704] ソース修飾子 [mplt_CMN_EDI送信DB_発注更新２_SQ_J_EDI_SND_DB_HAC]のトランスフォーメーションを終了しました。エラー総数[0]
TRANSF_1_3_1> DBG_21603 [2025-07-30 13:46:35.704] 明細Joinerに対してマスタ関係キャシュをオープンします : (Wed Jul 30 13:46:35 2025)
TRANSF_1_3_1> DBG_21215 [2025-07-30 13:46:35.704] 明細関係の処理を完了しました : (Wed Jul 30 13:46:35 2025)
TRANSF_1_3_1> CMN_1795 [2025-07-30 13:46:35.704] メモリ内で[0]入力行([mplt_CMN_EDI送信DB_発注更新２_jnr_データ更新項目結合]のマスタ)を保持するインデックスキャッシュサイズは[0]バイトです
TRANSF_1_3_1> CMN_1794 [2025-07-30 13:46:35.704] メモリ内で[0]入力行([mplt_CMN_EDI送信DB_発注更新２_jnr_データ更新項目結合]のマスタ)を保持するデータキャッシュサイズは[584]バイトです
WRITER_1_*_1> WRT_8167 [2025-07-30 13:46:35.704] テーブル[J_EDI_SND_DB_HAC]のロードを開始: Wed Jul 30 13:46:35 2025
WRITER_1_*_1> WRT_8168 [2025-07-30 13:46:35.704] テーブル[J_EDI_SND_DB_HAC]のロードを終了: Wed Jul 30 13:46:35 2025
WRITER_1_*_1> WRT_8035 [2025-07-30 13:46:35.705] ロード完了時刻: Wed Jul 30 13:46:35 2025

ロード要約
============

WRT_8036 ターゲット: TUGA0501 (インスタンス名: [TUGA0501])
WRT_8044 このターゲットに対してデータがロードされていません


WRT_8036 ターゲット: J_EDI_SND_DB_HAC (インスタンス名: [DEV3ITUSER_J_EDI_SND_DB_HAC])
WRT_8044 このターゲットに対してデータがロードされていません



WRITER_1_*_1> WRT_8043 [2025-07-30 13:46:35.705] *****ロードセッションの終わり*****
WRITER_1_*_1> WRT_8006 [2025-07-30 13:46:35.709] ライターの実行が完了しました｡
TRANSF_1_3_1> DBG_21215 [2025-07-30 13:46:35.714] 明細関係の処理を完了しました : (Wed Jul 30 13:46:35 2025)
TRANSF_1_3_1> DBG_21216 [2025-07-30 13:46:35.720] ソース修飾子 [jnr_データ更新項目結合]のトランスフォーメーションを終了しました。エラー総数[0]
MANAGER> PETL_24031 [2025-07-30 13:46:35.722] 
***** TGT LOAD ORDER GROUP [1], CONCURRENT SET [1]の実行情報*****
スレッド[READER_1_1_1]は[読み込みステージ] (パーティションポイント[SQ_f_RENKEI_DATA_FILE])用に作成されたスレッドです。このスレッドが完了しました。合計実行時間は統計上意味を持つほど長くありませんでした。
スレッド[TRANSF_1_1_1]は[トランスフォーメーションステージ] (パーティションポイント[SQ_f_RENKEI_DATA_FILE])用に作成されたスレッドです。このスレッドが完了しました。合計実行時間は統計上意味を持つほど長くありませんでした。
スレッド[READER_1_2_1]は[読み込みステージ] (パーティションポイント[mplt_CMN_EDI送信DB_発注更新２_SQ_J_EDI_SND_DB_HAC])用に作成されたスレッドです。このスレッドが完了しました。合計実行時間は統計上意味を持つほど長くありませんでした。
スレッド[TRANSF_1_2_1]は[トランスフォーメーションステージ] (パーティションポイント[mplt_CMN_EDI送信DB_発注更新２_SQ_J_EDI_SND_DB_HAC])用に作成されたスレッドです。このスレッドが完了しました。合計実行時間は統計上意味を持つほど長くありませんでした。
スレッド[TRANSF_1_3_1]は[トランスフォーメーションステージ] (パーティションポイント[jnr_データ更新項目結合])用に作成されたスレッドです。このスレッドが完了しました。合計実行時間は統計上意味を持つほど長くありませんでした。
スレッド[WRITER_1_*_1]は[書き込みステージ] (パーティションポイント[TUGA0501, DEV3ITUSER_J_EDI_SND_DB_HAC])用に作成されたスレッドです。このスレッドが完了しました。合計実行時間は統計上意味を持つほど長くありませんでした。

MAPPING> CMN_1791 [2025-07-30 13:46:35.908] メモリ内で[0]集計グループ([agg_有効件数]の入力行)を保持するインデックスキャッシュサイズは[0]バイトです
MAPPING> CMN_1790 [2025-07-30 13:46:35.908] メモリ内で[0]集計グループ([agg_有効件数]の入力行)を保持するデータキャッシュサイズは[0]バイトです
MANAGER> PETL_24005 [2025-07-30 13:46:35.909] ポストセッションタスクの開始｡ : (Wed Jul 30 13:46:35 2025)
POST-SESS> PETL_24091 [2025-07-30 13:46:35.911] スレッド[POST-SESS]のIDは[11]です。
MANAGER> PETL_24029 [2025-07-30 13:46:35.974] セッション実行後のタスクは正常に終了しました。 : (Wed Jul 30 13:46:35 2025)
MAPPING> TM_6315 [2025-07-30 13:46:35.974] DTMエラーログ: ファイルログ[C:\PROGRA~1\INFORM~1\apps\Data_Integration_Server\data\error\s_mtt_010PIX0Z00000000015D_10ed6f2f63eb49fcb893a2d136be4c09_error]、行挿入[0]｡
MAPPING> TM_6018 [2025-07-30 13:46:35.975] セッションが[0]の行トランスフォーメーションエラーで完了しました。
MANAGER> TE_7216 [2025-07-30 13:46:36.039] キャッシュファイル[C:\PROGRA~1\INFORM~1\apps\Data_Integration_Server\data\cache\PMAGG1370859060_10_0_18444.idx] (トランスフォーメーション[agg_有効件数]用)を削除しています。
MANAGER> TE_7216 [2025-07-30 13:46:36.039] キャッシュファイル[C:\PROGRA~1\INFORM~1\apps\Data_Integration_Server\data\cache\PMAGG1370859060_10_0_18444.dat] (トランスフォーメーション[agg_有効件数]用)を削除しています。
MANAGER> TE_7216 [2025-07-30 13:46:36.051] キャッシュファイル[C:\PROGRA~1\INFORM~1\apps\Data_Integration_Server\data\cache\PMJNR1370859060_69_0_18444.dat] (トランスフォーメーション[mplt_CMN_EDI送信DB_発注更新２_jnr_データ更新項目結合]用)を削除しています。
MANAGER> TE_7216 [2025-07-30 13:46:36.051] キャッシュファイル[C:\PROGRA~1\INFORM~1\apps\Data_Integration_Server\data\cache\PMJNR1370859060_69_0_18444.idx] (トランスフォーメーション[mplt_CMN_EDI送信DB_発注更新２_jnr_データ更新項目結合]用)を削除しています。
MANAGER> PETL_24002 [2025-07-30 13:46:36.970] Parallel Pipeline Engine 終了｡
DIRECTOR> PETL_24012 [2025-07-30 13:46:37.032] セッションの実行が成功しました｡
DIRECTOR> VAR_27048 [2025-07-30 13:46:37.032] リポジトリに対するマッピング変数値のpersisting｡
DIRECTOR> VAR_27049 [2025-07-30 13:46:37.032] マッピング変数名: [$$m_DATA_KOKAN_ID]、パーシステント値: [000086]、実行インスタンス名[]。
DIRECTOR> TM_6022 [2025-07-30 13:46:37.032] 

セッションロード要約
================================================

DIRECTOR> TM_6252 [2025-07-30 13:46:37.032] ソースのロード要約
DIRECTOR> CMN_1740 [2025-07-30 13:46:37.032] テーブル: [SQ_f_RENKEI_DATA_FILE] (インスタンス名: [SQ_f_RENKEI_DATA_FILE]、インスタンスUI名: [SQ_f_RENKEI_DATA_FILE])
	出力行数[0]、影響のあった行数[0]、適用された行数[0]、拒否された行数[0]
DIRECTOR> CMN_1740 [2025-07-30 13:46:37.032] テーブル: [mplt_CMN_EDI送信DB_発注更新２_SQ_J_EDI_SND_DB_HAC] (インスタンス名: [mplt_CMN_EDI送信DB_発注更新２_SQ_J_EDI_SND_DB_HAC]、インスタンスUI名: [mplt_CMN_EDI送信DB_発注更新２_SQ_J_EDI_SND_DB_HAC])
	出力行数[0]、影響のあった行数[0]、適用された行数[0]、拒否された行数[0]
DIRECTOR> TM_6253 [2025-07-30 13:46:37.032] ターゲットのロード要約
DIRECTOR> CMN_1740 [2025-07-30 13:46:37.032] テーブル: [TUGA0501] (インスタンス名: [TUGA0501]、インスタンスUI名: [f_OUTPUT_DATA_FILE])
	出力行数[0]、影響のあった行数[0]、適用された行数[0]、拒否された行数[0]
DIRECTOR> CMN_1740 [2025-07-30 13:46:37.032] テーブル: [DEV3ITUSER_J_EDI_SND_DB_HAC] (インスタンス名: [DEV3ITUSER_J_EDI_SND_DB_HAC]、インスタンスUI名: [mplt_CMN_EDI送信DB_発注更新２_J_EDI_SND_DB_HAC])
	出力行数[0]、影響のあった行数[0]、適用された行数[0]、拒否された行数[0]
DIRECTOR> TM_6023 [2025-07-30 13:46:37.032] 
===================================================

DIRECTOR> TM_6020 [2025-07-30 13:46:37.032] セッション[s_mtt_010PIX0Z00000000015D_10ed6f2f63eb49fcb893a2d136be4c09]が[Wed Jul 30 13:46:37 2025]で完了しました。
