PETL_24036 [2025-10-27 11:21:24.568] セッションの準備段階を開始します。
TM_6721 [2025-10-27 11:21:24.569] [リポジトリへの接続]を開始しました。
TM_6722 [2025-10-27 11:21:24.680] [リポジトリへの接続]を完了しました。所要時間は[0.111004]秒でした。
TM_6721 [2025-10-27 11:21:24.680] [リポジトリからセッションを取り出します]を開始しました。
TM_6722 [2025-10-27 11:21:28.271] [リポジトリからセッションを取り出します]を完了しました。所要時間は[3.59096]秒でした。
VAR_27085 [2025-10-27 11:21:28.273] パラメータファイル[C:\Program Files\Informatica Cloud Secure Agent\apps\Data_Integration_Server\data\parameters\s_mtt_010PIX0Z000000000196.param]が[セッション[wf_mtt_010PIX0Z000000000196.s_mtt_010PIX0Z000000000196]]に対して開かれました。
VAR_27062 [2025-10-27 11:21:28.275] 警告! worklet [wf_mtt_010PIX0Z000000000196]とフォルダ[]のセクションをパラメータファイル[C:\Program Files\Informatica Cloud Secure Agent\apps\Data_Integration_Server\data\parameters\s_mtt_010PIX0Z000000000196.param]で見つけることができません。
TM_6721 [2025-10-27 11:21:28.410] [パーティショングループフォーメーション]を開始しました。
TM_6722 [2025-10-27 11:21:28.413] [パーティショングループフォーメーション]を完了しました。所要時間は[0.00300097]秒でした。
PETL_24037 [2025-10-27 11:21:28.413] セッションの準備段階を完了しました。
DIRECTOR> TM_6228 [2025-10-27 11:21:28.414] セッションログを[C:\PROGRA~1\INFORM~1\apps\Data_Integration_Server\data\..\logs\TUGA140S020_sessionlog_20251027112113.log]に出力しています。
DIRECTOR> VAR_27085 [2025-10-27 11:21:28.432] パラメータファイル[C:\Program Files\Informatica Cloud Secure Agent\apps\Data_Integration_Server\data\parameters\s_mtt_010PIX0Z000000000196.param]が[セッション[wf_mtt_010PIX0Z000000000196.s_mtt_010PIX0Z000000000196]]に対して開かれました。
DIRECTOR> VAR_27062 [2025-10-27 11:21:28.434] 警告! worklet [wf_mtt_010PIX0Z000000000196]とフォルダ[]のセクションをパラメータファイル[C:\Program Files\Informatica Cloud Secure Agent\apps\Data_Integration_Server\data\parameters\s_mtt_010PIX0Z000000000196.param]で見つけることができません。
DIRECTOR> PETL_24093 [2025-10-27 11:21:28.435] ユーザー定義パラメータファイルの場所[\\\j2sde081\d$\DEV_DIKe\temp\wfparm\/p_t_TUG_支払_支払明細_020.param]。
DIRECTOR> TM_6014 [2025-10-27 11:21:28.435] セッション[s_mtt_010PIX0Z000000000196]を初期化しています: [Mon Oct 27 11:21:28 2025]。
DIRECTOR> TM_6683 [2025-10-27 11:21:28.435] リポジトリ名: [XMLRepository]
DIRECTOR> TM_6684 [2025-10-27 11:21:28.435] サーバー名: [rDTM]
DIRECTOR> TM_6686 [2025-10-27 11:21:28.435] フォルダ: []
DIRECTOR> TM_6685 [2025-10-27 11:21:28.435] ワークフロー: [wf_mtt_010PIX0Z000000000196] 実行インスタンス名: [] 実行ID: [0]
DIRECTOR> TM_6992 [2025-10-27 11:21:28.435] オペレーションシステムタイプ[NT]
DIRECTOR> TM_6101 [2025-10-27 11:21:28.435] マッピング名: Mapping0。
DIRECTOR> TM_6964 [2025-10-27 11:21:28.436] セッションの日付形式は[MM/DD/YYYY HH24:MI:SS.US]です。
DIRECTOR> TM_6703 [2025-10-27 11:21:28.437] セッション[s_mtt_010PIX0Z000000000196]は64-bit 統合サービス [] (バージョン[10.2.0 HotFix2]、ビルド[0321])で動作しています。
MANAGER> PETL_24091 [2025-10-27 11:21:29.466] スレッド[MANAGER]のIDは[1]です。
MANAGER> PETL_24058 [2025-10-27 11:21:29.466] パーティショングループ[1]を実行中です。
MANAGER> PETL_24000 [2025-10-27 11:21:29.466] Parallel Pipeline Engine 初期化中｡
MONITOR> PETL_24091 [2025-10-27 11:21:29.467] スレッド[MONITOR]のIDは[2]です。
MANAGER> PETL_24001 [2025-10-27 11:21:29.467] Parallel Pipeline Engine 実行中｡
MANAGER> PETL_24003 [2025-10-27 11:21:29.467] セッション実行の初期化｡
MAPPING> PETL_24091 [2025-10-27 11:21:29.468] スレッド[MAPPING]のIDは[3]です。
MAPPING> CMN_1569 [2025-10-27 11:21:29.472] Serverモード: [UNICODE]
MAPPING> CMN_1570 [2025-10-27 11:21:29.472] Serverコードページ: [UTF-8 encoding of Unicode]
MAPPING> TM_6151 [2025-10-27 11:21:29.472] セッションソート順は[Binary]です。
MAPPING> TM_6185 [2025-10-27 11:21:29.472] 警告。このセッションでは、コードページ検査機能が無効になっています。
MAPPING> CMN_65109 [2025-10-27 11:21:29.472] 現在のタイムゾーン:[UTC +9:0]
MAPPING> CMN_65111 [2025-10-27 11:21:29.472] 現在のプロセスID:[17288]
MAPPING> TM_6155 [2025-10-27 11:21:29.472] 高精度処理を使用しています。
MAPPING> TM_6180 [2025-10-27 11:21:29.472] デッドロック用再実行ロジックが実装されません。
MAPPING> TM_6181 [2025-10-27 11:21:29.472] セッションのソースベースコミット間隔は[2147483647]です。
MAPPING> VAR_27084 [2025-10-27 11:21:29.473] 警告: 変数またはパラメータ[$PMSessionName_error]の値を[$PMSessionName_error]の展開中に見つけることができません。一致する最も長い変数またはパラメータの値[$PMSessionName]を使用しています。
MAPPING> TM_6308 [2025-10-27 11:21:29.473] DTMエラーログはUTF-8コードページを使用しています｡
MAPPING> TM_6310 [2025-10-27 11:21:29.473] DTMエラーログはファイル[C:\PROGRA~1\INFORM~1\apps\Data_Integration_Server\data\error\s_mtt_010PIX0Z000000000196_error]で有効になっています｡
MAPPING> TM_6682 [2025-10-27 11:21:29.473] 警告: DTMエラーログが有効なので、行レベルのエラーはセッションログには書き込みません｡行レベルのエラーのDTMエラーログを確認ください。
MAPPING> CCM_9007 [2025-10-27 11:21:29.474] 使用されているDTMエラーログファイル区切り文字は[,]です。
MAPPING> TM_6701 [2025-10-27 11:21:29.474] 警告: DTMエラーログのデータ列の区切り文字とフラットファイルの区切り文字が同じ[',']です｡
MAPPING> TE_7022 [2025-10-27 11:21:29.518] TShmWriter: 初期化済み
MAPPING> DBG_21491 [2025-10-27 11:21:29.528] ソース修飾子 [SQ_f_RENKEI_DATA_FILE]からの行に基づくソースベースコミットの間隔
MAPPING> DBG_21492 [2025-10-27 11:21:29.534] トランスフォーメーション[agg_有効件数]からの行に基づくソースベースコミットの間隔
MAPPING> DBG_21694 [2025-10-27 11:21:29.535] agg_有効件数パーティション[0]: インデックスキャッシュサイズ= [1000000]、データキャッシュサイズ= [2000000]
MAPPING> TE_7212 [2025-10-27 11:21:29.536] [インデックスキャッシュ]サイズ(トランスフォーメーション[agg_有効件数])を[1000000]から[1049760]に増やします。
MAPPING> TE_7212 [2025-10-27 11:21:29.536] [データキャッシュ]サイズ(トランスフォーメーション[agg_有効件数])を[2000000]から[2097368]に増やします。
MAPPING> TE_7029 [2025-10-27 11:21:29.536] 集計情報: 新しいインデックスファイルとデータファイルを作成しています
MAPPING> TE_7034 [2025-10-27 11:21:29.537] 集計情報: インデックスファイルは[C:\PROGRA~1\INFORM~1\apps\Data_Integration_Server\data\cache\PMAGG2138899069_10_0_17288.idx]です
MAPPING> TE_7035 [2025-10-27 11:21:29.537] 集計情報: データファイルは[C:\PROGRA~1\INFORM~1\apps\Data_Integration_Server\data\cache\PMAGG2138899069_10_0_17288.dat]です
MAPPING> DBG_21492 [2025-10-27 11:21:29.540] トランスフォーメーション[jnr_データ更新項目結合]からの行に基づくソースベースコミットの間隔
MAPPING> DBG_21492 [2025-10-27 11:21:29.543] トランスフォーメーション[jnr_データ更新項目結合]からの行に基づくソースベースコミットの間隔
MAPPING> DBG_21491 [2025-10-27 11:21:29.544] ソース修飾子 [mplt_CMN_EDI送信DB_支払更新２_SQ_J_EDI_SND_DB_PAY]からの行に基づくソースベースコミットの間隔
MAPPING> DBG_21492 [2025-10-27 11:21:29.544] トランスフォーメーション[mplt_CMN_EDI送信DB_支払更新２_jnr_データ更新項目結合]からの行に基づくソースベースコミットの間隔
MAPPING> DBG_21694 [2025-10-27 11:21:29.544] mplt_CMN_EDI送信DB_支払更新２_jnr_データ更新項目結合パーティション[0]: インデックスキャッシュサイズ= [38347922]、データキャッシュサイズ= [76695844]
MAPPING> TT_11098 [2025-10-27 11:21:29.544] ジョイナトランスフォーメーション[mplt_CMN_EDI送信DB_支払更新２_jnr_データ更新項目結合]は、結合アルゴリズムで次のように設定されています: Nested-Loop。
MAPPING> DBG_21492 [2025-10-27 11:21:29.570] トランスフォーメーション[jnr_データ更新項目結合]からの行に基づくソースベースコミットの間隔
MAPPING> DBG_21694 [2025-10-27 11:21:29.572] jnr_データ更新項目結合パーティション[0]: インデックスキャッシュサイズ= [38347922]、データキャッシュサイズ= [76695844]
MAPPING> TT_11098 [2025-10-27 11:21:29.572] ジョイナトランスフォーメーション[jnr_データ更新項目結合]は、結合アルゴリズムで次のように設定されています: Sorted-Merge。
MAPPING> DBG_21077 [2025-10-27 11:21:29.573] マスタ関係にJoinerキャッシュを作成 : (Mon Oct 27 11:21:29 2025)
MAPPING> CMN_1690 [2025-10-27 11:21:29.591] 新しいデータファイル[C:\PROGRA~1\INFORM~1\apps\Data_Integration_Server\data\cache\PMJNR2138899069_13_0_17288.dat]とインデックスファイル[C:\PROGRA~1\INFORM~1\apps\Data_Integration_Server\data\cache\PMJNR2138899069_13_0_17288.idx]をジョイナ [jnr_データ更新項目結合]用に作成しました。
MAPPING> DBG_21691 [2025-10-27 11:21:29.591] 明細関係にジョイナキャッシュを作成 : (Mon Oct 27 11:21:29 2025)
MAPPING> CMN_1690 [2025-10-27 11:21:29.610] 新しいデータファイル[C:\PROGRA~1\INFORM~1\apps\Data_Integration_Server\data\cache\PMJNRD2138899069_13_0_17288.dat]とインデックスファイル[C:\PROGRA~1\INFORM~1\apps\Data_Integration_Server\data\cache\PMJNRD2138899069_13_0_17288.idx]をジョイナ [jnr_データ更新項目結合]用に作成しました。
MAPPING> DBG_21492 [2025-10-27 11:21:29.621] トランスフォーメーション[srt_ソートキー昇順]からの行に基づくソースベースコミットの間隔
MAPPING> DBG_21693 [2025-10-27 11:21:29.623] srt_ソートキー昇順: パーティションのキャッシュサイズ[1] = [306783376]
MAPPING> SORT_40419 [2025-10-27 11:21:29.624] トランスフォーメーション[srt_ソートキー昇順]のメモリ使用量は[306783376]バイト、行サイズは9192バイトです。
MAPPING> DBG_21492 [2025-10-27 11:21:29.625] トランスフォーメーション[mplt_CMN_EDI送信DB_支払更新２_jnr_データ更新項目結合]からの行に基づくソースベースコミットの間隔
MAPPING> DBG_21244 [2025-10-27 11:21:29.672] ロード順グループ[1]を初期化しています。ソース修飾子は[SQ_f_RENKEI_DATA_FILE]です
MAPPING> DBG_21244 [2025-10-27 11:21:29.672] ロード順グループ[1]を初期化しています。ソース修飾子は[mplt_CMN_EDI送信DB_支払更新２_SQ_J_EDI_SND_DB_PAY]です
MAPPING> PMJVM_42020 [2025-10-27 11:21:29.677] [INFO] 次のライブラリをロードしました: C:\PROGRA~1\INFORM~1\apps\jdk\zulu8.86.0.26-sa-fx-jdk8.0.452\jre\bin\server\jvm.dll。
MAPPING> PMJVM_42009 [2025-10-27 11:21:29.739] [INFO] Java VM の作成が成功しました。
MAPPING> TM_6007 [2025-10-27 11:21:29.856] DTMはセッション[s_mtt_010PIX0Z000000000196]に対して正常に初期化されました
DIRECTOR> PETL_24033 [2025-10-27 11:21:29.856] すべてのDTM接続情報: [<NONE>]。
MANAGER> PETL_24004 [2025-10-27 11:21:29.856] プリセッションタスクの開始｡ : (Mon Oct 27 11:21:29 2025)
PRE-SESS> PETL_24091 [2025-10-27 11:21:29.858] スレッド[PRE-SESS]のIDは[4]です。
MANAGER> PETL_24027 [2025-10-27 11:21:29.922] セッション実行前のタスクは正常に終了しました。 : (Mon Oct 27 11:21:29 2025)
DIRECTOR> PETL_24006 [2025-10-27 11:21:29.922] データ移動の開始｡
MAPPING> TM_6660 [2025-10-27 11:21:29.922] バッファプールサイズの総計は85197824バイト、ブロックサイズは2364384バイトです。
READER_1_1_1> PETL_24091 [2025-10-27 11:21:29.928] スレッド[READER_1_1_1]のIDは[5]です。
READER_1_1_1> DBG_21437 [2025-10-27 11:21:29.929] リーダー: ソースはファイルベースのソースです｡
READER_1_1_1> FR_3118 [2025-10-27 11:21:29.930] ソース[SQ_f_RENKEI_DATA_FILE]コードページ: [MS Windows Japanese, superset of Shift-JIS]
READER_1_1_1> FR_3071 [2025-10-27 11:21:29.931] 最大行順序ありバッファ長は4553です。
READER_1_1_1> BLKR_16003 [2025-10-27 11:21:29.932] 初期化が正常に完了しました｡
TRANSF_1_1_1> PETL_24091 [2025-10-27 11:21:29.933] スレッド[TRANSF_1_1_1]のIDは[6]です。
READER_1_2_1> PETL_24091 [2025-10-27 11:21:29.933] スレッド[READER_1_2_1]のIDは[7]です。
READER_1_2_1> DBG_21438 [2025-10-27 11:21:29.934] リーダー: ソースは[odbc://dbtype=Oracle;host=192.168.10.34;port=1521;database=j2sde034.adev.local]、タイプ[ODBC]、ユーザー[DEV3ITUSER]
READER_1_2_1> BLKR_16051 [2025-10-27 11:21:29.936] ソースデータベース接続[Conn_010PIX0B00000000001T]コードページ: [MS Windows Japanese, superset of Shift-JIS]
READER_1_2_1> CMN_1021 [2025-10-27 11:21:29.998] データベースドライバイベント...
CMN_1021 [Reading driver properties from : C:\Program Files\Informatica Cloud Secure Agent\apps\Data_Integration_Server\75.0.1.1\ICS\main\bin\rdtm/../../../../drivers/driver.properties
ドライバ名を決定するDTMフラグが見つからないため、[DataDirect CLOSED 8.0 Oracle Wire Protocol for Informatica - BASE]ドライバをデフォルトとします。
ODBCイベント: 配列FETCHの使用。
ODBCイベント: 1行INSERTの使用。接続文字列= [Driver=DataDirect CLOSED 8.0 Oracle Wire Protocol for Informatica - BASE;Host=192.168.10.34;ServiceName=j2sde034.adev.local;Port=1521;UID=DEV3ITUSER;AS=6000000;EBL=0;ENS=1;ETWT=1;WorkArounds2=2;EnableEmptyLobs=1]。ユーザーID = [DEV3ITUSER]
ODBCバージョン:	03.80.0000
.
DBMS名:	Oracle
.
DBMSバージョン:	12.02.0000 Oracle 12.2.0.1.0
.
ドライバ名:	dwora28.dll
.
ドライババージョン:	08.02.3072 (B1917, U1723)
.
ドライバODBCバージョン:	03.52
.]

READER_1_2_1> BLKR_16003 [2025-10-27 11:21:29.998] 初期化が正常に完了しました｡
TRANSF_1_2_1> PETL_24091 [2025-10-27 11:21:30.000] スレッド[TRANSF_1_2_1]のIDは[8]です。
TRANSF_1_3_1> PETL_24091 [2025-10-27 11:21:30.001] スレッド[TRANSF_1_3_1]のIDは[9]です。
WRITER_1_*_1> PETL_24091 [2025-10-27 11:21:30.067] スレッド[WRITER_1_*_1]のIDは[10]です。
WRITER_1_*_1> WRT_8147 [2025-10-27 11:21:30.068] ライター: ターゲットはデータベース[odbc://dbtype=Oracle;host=192.168.10.34;port=1521;database=j2sde034.adev.local]、タイプ[ODBC]、ユーザー[DEV3ITUSER]、一括モード[OFF]
WRITER_1_*_1> CMN_1021 [2025-10-27 11:21:30.121] データベースドライバイベント...
CMN_1021 [Reading driver properties from : C:\Program Files\Informatica Cloud Secure Agent\apps\Data_Integration_Server\75.0.1.1\ICS\main\bin\rdtm/../../../../drivers/driver.properties
ドライバ名を決定するDTMフラグが見つからないため、[DataDirect CLOSED 8.0 Oracle Wire Protocol for Informatica - BASE]ドライバをデフォルトとします。
ODBCイベント: 配列FETCHの使用。
ODBCイベント: 1行INSERTの使用。接続文字列= [Driver=DataDirect CLOSED 8.0 Oracle Wire Protocol for Informatica - BASE;Host=192.168.10.34;ServiceName=j2sde034.adev.local;Port=1521;UID=DEV3ITUSER;AS=6000000;EBL=0;ENS=1;ETWT=1;WorkArounds2=2;EnableEmptyLobs=1]。ユーザーID = [DEV3ITUSER]
ODBCバージョン:	03.80.0000
.
DBMS名:	Oracle
.
DBMSバージョン:	12.02.0000 Oracle 12.2.0.1.0
.
ドライバ名:	dwora28.dll
.
ドライババージョン:	08.02.3072 (B1917, U1723)
.
ドライバODBCバージョン:	03.52
.]

WRITER_1_*_1> WRT_8221 [2025-10-27 11:21:30.121] ターゲットデータベース接続[Conn_010PIX0B00000000001T]コードページ: [MS Windows Japanese, superset of Shift-JIS]
WRITER_1_*_1> WRT_8124 [2025-10-27 11:21:30.122] ターゲットテーブルJ_EDI_SND_DB_PAY :SQL INSERT文:
INSERT INTO DEV3ITUSER.J_EDI_SND_DB_PAY(SND_SEQ_NO,EDI_SND_JOKYO_SBT,FUNC_UKETSUKE_NO,NEW_UPDATE_DT,NEW_UPDATE_USR,NEW_UPDATE_FUNC,UPDATE_CNT)  VALUES ( ?, ?, ?, ?, ?, ?, ?) 
WRITER_1_*_1> WRT_8124 [2025-10-27 11:21:30.122] ターゲットテーブルJ_EDI_SND_DB_PAY :SQL UPDATE文:
UPDATE DEV3ITUSER.J_EDI_SND_DB_PAY SET EDI_SND_JOKYO_SBT = ?, FUNC_UKETSUKE_NO = ?, NEW_UPDATE_DT = ?, NEW_UPDATE_USR = ?, NEW_UPDATE_FUNC = ?, UPDATE_CNT = ? WHERE SND_SEQ_NO = ?
WRITER_1_*_1> WRT_8124 [2025-10-27 11:21:30.122] ターゲットテーブルJ_EDI_SND_DB_PAY :SQL DELETE文:
DELETE FROM DEV3ITUSER.J_EDI_SND_DB_PAY WHERE SND_SEQ_NO = ?
WRITER_1_*_1> WRT_8124 [2025-10-27 11:21:30.124] ターゲットテーブルTUGA1401 :出力を書き込み中｡書き込み先:d:\DEV_DIKe\temp\TUGA1401
WRITER_1_*_1> WRT_8222 [2025-10-27 11:21:30.124] ターゲットファイル[d:\DEV_DIKe\temp\TUGA1401]コードページ: [MS Windows Japanese, superset of Shift-JIS]
WRITER_1_*_1> WRT_8270 [2025-10-27 11:21:30.127] ターゲット接続グループ番号1はターゲット[J_EDI_SND_DB_PAY]で構成されています。
WRITER_1_*_1> WRT_8270 [2025-10-27 11:21:30.127] ターゲット接続グループ番号2はターゲット[TUGA1401]で構成されています。
WRITER_1_*_1> WRT_8324 [2025-10-27 11:21:30.127] 警告: ターゲット接続グループの接続がトランザクションをサポートしていません。ターゲット[TUGA1401]は指定したトランザクション境界に従ってロードされない可能性があります。
WRITER_1_*_1> WRT_8003 [2025-10-27 11:21:30.127] ライターの初期化が完了しました｡
READER_1_1_1> BLKR_16007 [2025-10-27 11:21:30.127] リーダーの実行を開始しました｡
READER_1_2_1> BLKR_16007 [2025-10-27 11:21:30.127] リーダーの実行を開始しました｡
WRITER_1_*_1> WRT_8005 [2025-10-27 11:21:30.127] ライターの実行を開始しました｡
WRITER_1_*_1> WRT_8158 [2025-10-27 11:21:30.127] 

*****ロードセッションの開始*****

ロード開始時刻: Mon Oct 27 11:21:30 2025

ロード開始時刻:

     J_EDI_SND_DB_PAY
     TUGA1401


READER_1_2_1> RR_4029 [2025-10-27 11:21:30.127] SQインスタンス[mplt_CMN_EDI送信DB_支払更新２_SQ_J_EDI_SND_DB_PAY]ユーザー指定SQLクエリ[SELECT * FROM J_EDI_SND_DB_PAY WHERE J_EDI_SND_DB_PAY.DATA_KOKAN_ID = '000086' AND J_EDI_SND_DB_PAY.EDI_KINO_CATEGORY_CD = 'A140' AND J_EDI_SND_DB_PAY.EDI_SND_JOKYO_SBT='1' FOR UPDATE WAIT 60]
READER_1_2_1> RR_4049 [2025-10-27 11:21:30.128] SQLクエリがデータベースに発行されました : (Mon Oct 27 11:21:30 2025)
READER_1_1_1> DBG_21430 [2025-10-27 11:21:30.128] 入力ソースファイル[d:\DEV_DIKe\temp\TUGA140S02001]からデータを読み込んでいます : (Mon Oct 27 11:21:30 2025)
READER_1_1_1> BLKR_16019 [2025-10-27 11:21:30.129] レコードを[6]行、エラーレコードを[0]行、読み込みました: ソーステーブル[TUGA140S02001]インスタンス名[TUGA140S02001]
READER_1_1_1> BLKR_16008 [2025-10-27 11:21:30.129] リーダーの実行が完了しました｡
READER_1_2_1> RR_4050 [2025-10-27 11:21:30.139] データベースからリーダに最初の行が返されました : (Mon Oct 27 11:21:30 2025)
READER_1_2_1> BLKR_16019 [2025-10-27 11:21:30.139] レコードを[6]行、エラーレコードを[0]行、読み込みました: ソーステーブル[DUMMY_mplt_CMN_EDI送信DB_支払更新２_SQ_J_EDI_SND_DB_PAY]インスタンス名[DUMMY_mplt_CMN_EDI送信DB_支払更新２_SQ_J_EDI_SND_DB_PAY]
TRANSF_1_2_1> DBG_21077 [2025-10-27 11:21:30.139] マスタ関係にJoinerキャッシュを作成 : (Mon Oct 27 11:21:30 2025)
READER_1_2_1> BLKR_16008 [2025-10-27 11:21:30.140] リーダーの実行が完了しました｡
TRANSF_1_2_1> TE_7212 [2025-10-27 11:21:30.140] [インデックスキャッシュ]サイズ(トランスフォーメーション[mplt_CMN_EDI送信DB_支払更新２_jnr_データ更新項目結合])を[38347922]から[38350800]に増やします。
TRANSF_1_2_1> TE_7212 [2025-10-27 11:21:30.140] [データキャッシュ]サイズ(トランスフォーメーション[mplt_CMN_EDI送信DB_支払更新２_jnr_データ更新項目結合])を[76695844]から[76696136]に増やします。
TRANSF_1_1_1> TE_7032 [2025-10-27 11:21:30.146] 以下のファイルで管理されているB-Tree
C:\PROGRA~1\INFORM~1\apps\Data_Integration_Server\data\cache\PMAGG2138899069_10_0_17288.dat (データ用)

C:\PROGRA~1\INFORM~1\apps\Data_Integration_Server\data\cache\PMAGG2138899069_10_0_17288.idx (インデックス用):
	インデックスサイズ:	1
	行サイズ:	16
	順序:		100
	最小順序:	50
	高さ:		1
	エントリ:	1
	インデックスページサイズ:	1296
	インデックスページ:	810
	データページサイズ:	536
	データページ:	3913

TRANSF_1_1_1> DBG_21216 [2025-10-27 11:21:30.146] ソース修飾子 [SQ_f_RENKEI_DATA_FILE]のトランスフォーメーションを終了しました。エラー総数[0]
TRANSF_1_2_1> CMN_1690 [2025-10-27 11:21:30.155] 新しいデータファイル[C:\PROGRA~1\INFORM~1\apps\Data_Integration_Server\data\cache\PMJNR2138899069_19_0_17288.dat]とインデックスファイル[C:\PROGRA~1\INFORM~1\apps\Data_Integration_Server\data\cache\PMJNR2138899069_19_0_17288.idx]をジョイナ [mplt_CMN_EDI送信DB_支払更新２_jnr_データ更新項目結合]用に作成しました。
TRANSF_1_2_1> DBG_21214 [2025-10-27 11:21:30.175] マスタ関係に対するJoinerキャッシュを完了しました : (Mon Oct 27 11:21:30 2025)
TRANSF_1_2_1> DBG_21216 [2025-10-27 11:21:30.175] ソース修飾子 [mplt_CMN_EDI送信DB_支払更新２_SQ_J_EDI_SND_DB_PAY]のトランスフォーメーションを終了しました。エラー総数[0]
TRANSF_1_3_1> DBG_21603 [2025-10-27 11:21:30.175] 明細Joinerに対してマスタ関係キャシュをオープンします : (Mon Oct 27 11:21:30 2025)
TRANSF_1_3_1> SORT_40420 [2025-10-27 11:21:30.175] トランスフォーメーション[srt_ソートキー昇順]の入力の開始。 : (Mon Oct 27 11:21:30 2025)
TRANSF_1_3_1> DBG_21215 [2025-10-27 11:21:30.175] 明細関係の処理を完了しました : (Mon Oct 27 11:21:30 2025)
TRANSF_1_3_1> CMN_1795 [2025-10-27 11:21:30.175] メモリ内で[6]入力行([mplt_CMN_EDI送信DB_支払更新２_jnr_データ更新項目結合]のマスタ)を保持するインデックスキャッシュサイズは[3600]バイトです
TRANSF_1_3_1> CMN_1794 [2025-10-27 11:21:30.175] メモリ内で[6]入力行([mplt_CMN_EDI送信DB_支払更新２_jnr_データ更新項目結合]のマスタ)を保持するデータキャッシュサイズは[584]バイトです
WRITER_1_*_1> WRT_8167 [2025-10-27 11:21:30.175] テーブル[J_EDI_SND_DB_PAY]のロードを開始: Mon Oct 27 11:21:30 2025
TRANSF_1_3_1> SORT_40421 [2025-10-27 11:21:30.180] トランスフォーメーション[srt_ソートキー昇順]の入力の終了。 : (Mon Oct 27 11:21:30 2025)
TRANSF_1_3_1> SORT_40422 [2025-10-27 11:21:30.198] ソータトランスフォーメーション[srt_ソートキー昇順]の出力の終了。処理済み6行(52416入力バイト、0一時入出力バイト)。 : (Mon Oct 27 11:21:30 2025)
TRANSF_1_3_1> SORT_40423 [2025-10-27 11:21:30.198] ソータトランスフォーメーション[srt_ソートキー昇順]のソートの終了。 : (Mon Oct 27 11:21:30 2025)
TRANSF_1_3_1> DBG_21215 [2025-10-27 11:21:30.198] 明細関係の処理を完了しました : (Mon Oct 27 11:21:30 2025)
TRANSF_1_3_1> DBG_21216 [2025-10-27 11:21:30.202] ソース修飾子 [jnr_データ更新項目結合]のトランスフォーメーションを終了しました。エラー総数[0]
WRITER_1_*_1> WRT_8167 [2025-10-27 11:21:30.213] テーブル[TUGA1401]のロードを開始: Mon Oct 27 11:21:30 2025
WRITER_1_*_1> WRT_8168 [2025-10-27 11:21:30.226] テーブル[J_EDI_SND_DB_PAY]のロードを終了: Mon Oct 27 11:21:30 2025
WRITER_1_*_1> WRT_8168 [2025-10-27 11:21:30.228] テーブル[TUGA1401]のロードを終了: Mon Oct 27 11:21:30 2025
WRITER_1_*_1> WRT_8143 [2025-10-27 11:21:30.234] 
ロード順グループの終わりでコミットMon Oct 27 11:21:30 2025
===================================================

WRT_8036 ターゲット: J_EDI_SND_DB_PAY (インスタンス名: [DEV3ITUSER_J_EDI_SND_DB_PAY])
WRT_8041 更新された行 - 要求: 6         適用: 6         拒否: 0         影響あり: 6         

WRITER_1_*_1> WRT_8035 [2025-10-27 11:21:30.234] ロード完了時刻: Mon Oct 27 11:21:30 2025

ロード要約
============

WRT_8036 ターゲット: J_EDI_SND_DB_PAY (インスタンス名: [DEV3ITUSER_J_EDI_SND_DB_PAY])
WRT_8041 更新された行 - 要求: 6         適用: 6         拒否: 0         影響あり: 6         

WRT_8036 ターゲット: TUGA1401 (インスタンス名: [TUGA1401])
WRT_8038 挿入された行 - 要求: 6         適用: 6         拒否: 0         影響あり: 6         


WRITER_1_*_1> WRT_8043 [2025-10-27 11:21:30.234] *****ロードセッションの終わり*****
WRITER_1_*_1> WRT_8006 [2025-10-27 11:21:30.236] ライターの実行が完了しました｡
MANAGER> PETL_24031 [2025-10-27 11:21:30.239] 
***** TGT LOAD ORDER GROUP [1], CONCURRENT SET [1]の実行情報*****
スレッド[READER_1_1_1]は[読み込みステージ] (パーティションポイント[SQ_f_RENKEI_DATA_FILE])用に作成されたスレッドです。このスレッドが完了しました。合計実行時間は統計上意味を持つほど長くありませんでした。
スレッド[TRANSF_1_1_1]は[トランスフォーメーションステージ] (パーティションポイント[SQ_f_RENKEI_DATA_FILE])用に作成されたスレッドです。このスレッドが完了しました。合計実行時間は統計上意味を持つほど長くありませんでした。
スレッド[READER_1_2_1]は[読み込みステージ] (パーティションポイント[mplt_CMN_EDI送信DB_支払更新２_SQ_J_EDI_SND_DB_PAY])用に作成されたスレッドです。このスレッドが完了しました。合計実行時間は統計上意味を持つほど長くありませんでした。
スレッド[TRANSF_1_2_1]は[トランスフォーメーションステージ] (パーティションポイント[mplt_CMN_EDI送信DB_支払更新２_SQ_J_EDI_SND_DB_PAY])用に作成されたスレッドです。このスレッドが完了しました。合計実行時間は統計上意味を持つほど長くありませんでした。
スレッド[TRANSF_1_3_1]は[トランスフォーメーションステージ] (パーティションポイント[jnr_データ更新項目結合])用に作成されたスレッドです。このスレッドが完了しました。合計実行時間は統計上意味を持つほど長くありませんでした。
スレッド[WRITER_1_*_1]は[書き込みステージ] (パーティションポイント[DEV3ITUSER_J_EDI_SND_DB_PAY, TUGA1401])用に作成されたスレッドです。このスレッドが完了しました。合計実行時間は統計上意味を持つほど長くありませんでした。

MAPPING> CMN_1791 [2025-10-27 11:21:30.425] メモリ内で[1]集計グループ([agg_有効件数]の入力行)を保持するインデックスキャッシュサイズは[1296]バイトです
MAPPING> CMN_1790 [2025-10-27 11:21:30.425] メモリ内で[1]集計グループ([agg_有効件数]の入力行)を保持するデータキャッシュサイズは[536]バイトです
MANAGER> PETL_24005 [2025-10-27 11:21:30.426] ポストセッションタスクの開始｡ : (Mon Oct 27 11:21:30 2025)
POST-SESS> PETL_24091 [2025-10-27 11:21:30.427] スレッド[POST-SESS]のIDは[11]です。
MANAGER> PETL_24029 [2025-10-27 11:21:30.490] セッション実行後のタスクは正常に終了しました。 : (Mon Oct 27 11:21:30 2025)
MAPPING> TM_6315 [2025-10-27 11:21:30.490] DTMエラーログ: ファイルログ[C:\PROGRA~1\INFORM~1\apps\Data_Integration_Server\data\error\s_mtt_010PIX0Z000000000196_error]、行挿入[0]｡
MAPPING> TM_6018 [2025-10-27 11:21:30.491] セッションが[0]の行トランスフォーメーションエラーで完了しました。
MANAGER> TE_7216 [2025-10-27 11:21:30.555] キャッシュファイル[C:\PROGRA~1\INFORM~1\apps\Data_Integration_Server\data\cache\PMAGG2138899069_10_0_17288.idx] (トランスフォーメーション[agg_有効件数]用)を削除しています。
MANAGER> TE_7216 [2025-10-27 11:21:30.555] キャッシュファイル[C:\PROGRA~1\INFORM~1\apps\Data_Integration_Server\data\cache\PMAGG2138899069_10_0_17288.dat] (トランスフォーメーション[agg_有効件数]用)を削除しています。
MANAGER> TE_7216 [2025-10-27 11:21:30.564] キャッシュファイル[C:\PROGRA~1\INFORM~1\apps\Data_Integration_Server\data\cache\PMJNR2138899069_19_0_17288.dat] (トランスフォーメーション[mplt_CMN_EDI送信DB_支払更新２_jnr_データ更新項目結合]用)を削除しています。
MANAGER> TE_7216 [2025-10-27 11:21:30.564] キャッシュファイル[C:\PROGRA~1\INFORM~1\apps\Data_Integration_Server\data\cache\PMJNR2138899069_19_0_17288.idx] (トランスフォーメーション[mplt_CMN_EDI送信DB_支払更新２_jnr_データ更新項目結合]用)を削除しています。
MANAGER> PETL_24002 [2025-10-27 11:21:31.522] Parallel Pipeline Engine 終了｡
DIRECTOR> PETL_24012 [2025-10-27 11:21:31.553] セッションの実行が成功しました｡
DIRECTOR> VAR_27048 [2025-10-27 11:21:31.553] リポジトリに対するマッピング変数値のpersisting｡
DIRECTOR> VAR_27049 [2025-10-27 11:21:31.553] マッピング変数名: [$$m_DATA_KOKAN_ID]、パーシステント値: [000086]、実行インスタンス名[]。
DIRECTOR> TM_6022 [2025-10-27 11:21:31.553] 

セッションロード要約
================================================

DIRECTOR> TM_6252 [2025-10-27 11:21:31.553] ソースのロード要約
DIRECTOR> CMN_1740 [2025-10-27 11:21:31.553] テーブル: [SQ_f_RENKEI_DATA_FILE] (インスタンス名: [SQ_f_RENKEI_DATA_FILE]、インスタンスUI名: [SQ_f_RENKEI_DATA_FILE])
	出力行数[6]、影響のあった行数[6]、適用された行数[6]、拒否された行数[0]
DIRECTOR> CMN_1740 [2025-10-27 11:21:31.553] テーブル: [mplt_CMN_EDI送信DB_支払更新２_SQ_J_EDI_SND_DB_PAY] (インスタンス名: [mplt_CMN_EDI送信DB_支払更新２_SQ_J_EDI_SND_DB_PAY]、インスタンスUI名: [mplt_CMN_EDI送信DB_支払更新２_SQ_J_EDI_SND_DB_PAY])
	出力行数[6]、影響のあった行数[6]、適用された行数[6]、拒否された行数[0]
DIRECTOR> TM_6253 [2025-10-27 11:21:31.553] ターゲットのロード要約
DIRECTOR> CMN_1740 [2025-10-27 11:21:31.553] テーブル: [DEV3ITUSER_J_EDI_SND_DB_PAY] (インスタンス名: [DEV3ITUSER_J_EDI_SND_DB_PAY]、インスタンスUI名: [mplt_CMN_EDI送信DB_支払更新２_J_EDI_SND_DB_PAY])
	出力行数[6]、影響のあった行数[6]、適用された行数[6]、拒否された行数[0]
DIRECTOR> CMN_1740 [2025-10-27 11:21:31.553] テーブル: [TUGA1401] (インスタンス名: [TUGA1401]、インスタンスUI名: [f_J_EDI_SND_OUTPUT_PAYDTL])
	出力行数[6]、影響のあった行数[6]、適用された行数[6]、拒否された行数[0]
DIRECTOR> TM_6023 [2025-10-27 11:21:31.553] 
===================================================

DIRECTOR> TM_6020 [2025-10-27 11:21:31.553] セッション[s_mtt_010PIX0Z000000000196]が[Mon Oct 27 11:21:31 2025]で完了しました。
