06/13/2025 18:43:00 **** Connection: Conn_010PIX0B000000000010をインポートしています...
06/13/2025 18:43:00 **** Source Definition: NSBA130S01001をインポートしています...
06/13/2025 18:43:00 **** Source Definition: DUMMY_mplt_CMN_EDI採番マスタ連番取得更新_SQ_M_EDI_SAIBANをインポートしています...
06/13/2025 18:43:00 **** Source Definition: DUMMY_mplt_CMN_EDI送信DB_請求確認更新１_SQ_J_EDI_SND_DB_SEIKYU_CHKをインポートしています...
06/13/2025 18:43:00 **** Target Definition: J_EDI_SND_DB_SEIKYU_CHKをインポートしています...
06/13/2025 18:43:00 **** Target Definition: M_EDI_SAIBANをインポートしています...
06/13/2025 18:43:00 **** Target Definition: NSBA130S02001をインポートしています...
06/13/2025 18:43:00 **** SessionConfig: default_session_configをインポートしています...
    <警告> :エラーログDB接続の値には、プレフィックスとしてRelational:が必要です。
    <警告> :無効な値が属性Error Log DB Connectionに指定されました。デフォルト値を使用します
    Source Definition NSBA130S01001の検査しています...
    Source Definition DUMMY_mplt_CMN_EDI送信DB_請求確認更新１_SQ_J_EDI_SND_DB_SEIKYU_CHKの検査しています...
    Source Definition DUMMY_mplt_CMN_EDI採番マスタ連番取得更新_SQ_M_EDI_SAIBANの検査しています...
    Target Definition NSBA130S02001の検査しています...
    Target Definition M_EDI_SAIBANの検査しています...
    Target Definition J_EDI_SND_DB_SEIKYU_CHKの検査しています...
06/13/2025 18:43:00 **** Mapping: Mapping0をインポートしています...
    <警告> :transformation: src_ダミー - 無効な値が属性Output is repeatableに指定されました。デフォルト値Neverを使用します    [transformation< src_ダミー > ] 
    <警告> :テーブル属性が無効です: Thousand Separator    [transformation< src_ダミー > ] 
    <警告> :テーブル属性が無効です: Decimal Separator    [transformation< src_ダミー > ] 
    <警告> :テーブル属性が無効です: Datetime Format    [transformation< src_ダミー > ] 
    <警告> :transformation: mplt_CMN_EDI採番マスタ連番取得更新_SQ_M_EDI_SAIBAN - 無効な値が属性Output is repeatableに指定されました。デフォルト値Neverを使用します    [transformation< mplt_CMN_EDI採番マスタ連番取得更新_SQ_M_EDI_SAIBAN > ] 
    <警告> :transformation: mplt_CMN_EDI送信DB_請求確認更新１_SQ_J_EDI_SND_DB_SEIKYU_CHK - 無効な値が属性Output is repeatableに指定されました。デフォルト値Neverを使用します    [transformation< mplt_CMN_EDI送信DB_請求確認更新１_SQ_J_EDI_SND_DB_SEIKYU_CHK > ] 
マッピングMapping0のトランスフォーメーションを検査しています...
マッピング変数を検査しています。
06/13/2025 18:43:01 **** Workflow: wf_mtt_010PIX0Z0000000000U6をインポートしています...
    <警告> :属性Owner Name (エレメントATTRIBUTE)が無効です    [Session< s_mtt_010PIX0Z0000000000U6 >  --> Target< J_EDI_SND_DB_SEIKYU_CHK > ] 
    <警告> :属性Owner Name (エレメントATTRIBUTE)が無効です    [Session< s_mtt_010PIX0Z0000000000U6 >  --> Target< M_EDI_SAIBAN > ] 
    <警告> :属性Table Name Prefix (エレメントATTRIBUTE)が無効です    [Session< s_mtt_010PIX0Z0000000000U6 >  --> Source< DUMMY_mplt_CMN_EDI採番マスタ連番取得更新_SQ_M_EDI_SAIBAN > ] 
    <警告> :属性Table Name Prefix (エレメントATTRIBUTE)が無効です    [Session< s_mtt_010PIX0Z0000000000U6 >  --> Source< DUMMY_mplt_CMN_EDI送信DB_請求確認更新１_SQ_J_EDI_SND_DB_SEIKYU_CHK > ] 
    <警告> :無効な値Noneが属性Pushdown Optimization Contextに指定されました。デフォルト値None を使用します    [Session< s_mtt_010PIX0Z0000000000U6 > ] 
    <警告> :入力された値が正しい整数ではありません。
    <警告> :無効な値NOが属性Fail task after wait timeに指定されました。デフォルト値を使用します
Successfully extracted session instance [s_mtt_010PIX0Z0000000000U6].  Starting repository sequence id is [104207865]
