08/05/2025 11:10:03 **** Connection: Conn_010PIX0B00000000001Tをインポートしています...
08/05/2025 11:10:03 **** Source Definition: DNKA130S02001をインポートしています...
08/05/2025 11:10:03 **** Source Definition: DNK000CASEをインポートしています...
08/05/2025 11:10:03 **** Source Definition: DUMMY_mplt_CMN_EDI送信DB_請求確認更新２_SQ_J_EDI_SND_DB_SEIKYU_CHKをインポートしています...
08/05/2025 11:10:03 **** Target Definition: DNKA1301_7573db7c8e62f53c95cceac5b56cc18ad095e6efをインポートしています...
08/05/2025 11:10:03 **** Target Definition: J_EDI_SND_DB_SEIKYU_CHKをインポートしています...
08/05/2025 11:10:03 **** Target Definition: J_EDI_RCV_DB_SUPをインポートしています...
08/05/2025 11:10:03 **** SessionConfig: default_session_configをインポートしています...
    <警告> :エラーログDB接続の値には、プレフィックスとしてRelational:が必要です。
    <警告> :無効な値が属性Error Log DB Connectionに指定されました。デフォルト値を使用します
    Source Definition DNK000CASEの検査しています...
    Source Definition DNKA130S02001の検査しています...
    Source Definition DUMMY_mplt_CMN_EDI送信DB_請求確認更新２_SQ_J_EDI_SND_DB_SEIKYU_CHKの検査しています...
    Target Definition J_EDI_RCV_DB_SUPの検査しています...
    Target Definition J_EDI_SND_DB_SEIKYU_CHKの検査しています...
    Target Definition DNKA1301_7573db7c8e62f53c95cceac5b56cc18ad095e6efの検査しています...
08/05/2025 11:10:03 **** Mapping: Mapping0をインポートしています...
    <警告> :transformation: SQ_f_T_SEIKYU_KAKUNIN_DATA_HENSHU - 無効な値が属性Output is repeatableに指定されました。デフォルト値Neverを使用します    [transformation< SQ_f_T_SEIKYU_KAKUNIN_DATA_HENSHU > ] 
    <警告> :テーブル属性が無効です: Thousand Separator    [transformation< SQ_f_T_SEIKYU_KAKUNIN_DATA_HENSHU > ] 
    <警告> :テーブル属性が無効です: Decimal Separator    [transformation< SQ_f_T_SEIKYU_KAKUNIN_DATA_HENSHU > ] 
    <警告> :テーブル属性が無効です: Datetime Format    [transformation< SQ_f_T_SEIKYU_KAKUNIN_DATA_HENSHU > ] 
    <警告> :transformation: SQ_f_ZERO_CASE_INPUT_FILE - 無効な値が属性Output is repeatableに指定されました。デフォルト値Neverを使用します    [transformation< SQ_f_ZERO_CASE_INPUT_FILE > ] 
    <警告> :テーブル属性が無効です: Thousand Separator    [transformation< SQ_f_ZERO_CASE_INPUT_FILE > ] 
    <警告> :テーブル属性が無効です: Decimal Separator    [transformation< SQ_f_ZERO_CASE_INPUT_FILE > ] 
    <警告> :テーブル属性が無効です: Datetime Format    [transformation< SQ_f_ZERO_CASE_INPUT_FILE > ] 
    <警告> :transformation: mplt_CMN_EDI送信DB_請求確認更新２_SQ_J_EDI_SND_DB_SEIKYU_CHK - 無効な値が属性Output is repeatableに指定されました。デフォルト値Neverを使用します    [transformation< mplt_CMN_EDI送信DB_請求確認更新２_SQ_J_EDI_SND_DB_SEIKYU_CHK > ] 
    <警告> :transformation: jnr_件数データ結合 - 無効な値Null is Higest Valueが属性Null ordering in detailに指定されました。デフォルト値Null Is Highest Valueを使用します    [transformation< jnr_件数データ結合 > ] 
マッピングMapping0のトランスフォーメーションを検査しています...
マッピング変数を検査しています。
08/05/2025 11:10:11 **** Workflow: wf_mtt_010PIX0Z000000000132をインポートしています...
    <警告> :属性Owner Name (エレメントATTRIBUTE)が無効です    [Session< s_mtt_010PIX0Z000000000132 >  --> Target< J_EDI_SND_DB_SEIKYU_CHK > ] 
    <警告> :属性Owner Name (エレメントATTRIBUTE)が無効です    [Session< s_mtt_010PIX0Z000000000132 >  --> Target< J_EDI_RCV_DB_SUP > ] 
    <警告> :属性Table Name Prefix (エレメントATTRIBUTE)が無効です    [Session< s_mtt_010PIX0Z000000000132 >  --> Source< DUMMY_mplt_CMN_EDI送信DB_請求確認更新２_SQ_J_EDI_SND_DB_SEIKYU_CHK > ] 
    <警告> :無効な値Noneが属性Pushdown Optimization Contextに指定されました。デフォルト値None を使用します    [Session< s_mtt_010PIX0Z000000000132 > ] 
    <警告> :入力された値が正しい整数ではありません。
    <警告> :無効な値NOが属性Fail task after wait timeに指定されました。デフォルト値を使用します
[要約Custom Transformation uni_01]
     新しいパーティションポイントです。
     グループ数が1から2に変更されました。

[要約Joiner jnr_件数データ結合]
     新しいパーティションポイントです。
     パーティションのタイプがなしから自動ハッシュキーに変更されました。
Successfully extracted session instance [s_mtt_010PIX0Z000000000132].  Starting repository sequence id is [1610347080]
