2025/08/08 23:01:47.05 ジョブID:  の実行開始 
2025/08/08 23:01:47.05 STEP010 開始 
2025/08/08 23:01:47.05 STEP010 終了 
2025/08/08 23:01:47.06 STEP020 開始 
2025/08/08 23:01:47.09 STEP020 終了 
2025/08/08 23:01:47.09 STEP030 実行開始 
582  [main] INFO  com.informatica.saas.utilities.plugins.EncryptTextPlugin  - Keystore : key-store.txt
757  [main] INFO  com.informatica.saas.plugins.RestClientPlugin  - Welcome to Informatica CLI tool
762  [main] INFO  com.informatica.saas.plugins.RestClientPlugin  - Based on your configuration CLI tool will assume you are working in Florence(IICS) mode
https://dm1-ap.informaticacloud.com/ma/api/v3/InternalLogin
6328 [main] INFO  com.informatica.saas.delegate.florence.FlorenceUserDelegate  - SaaS URL was not set. Using SaaS URL: https://apne1.dm1-ap.informaticacloud.com/saas
6333 [main] INFO  com.informatica.saas.delegate.florence.FlorenceUserDelegate  - Logged IN, IDS-SESSION-ID=bm1kQd09BUygPbfowo78Wi
6336 [main] INFO  com.informatica.saas.utilities.plugins.UserHandler  - Logged in at Fri Aug 08 23:01:53 JST 2025
6339 [main] INFO  com.informatica.saas.utilities.task.ICRTTask  - Fri Aug 08 23:01:53 JST 2025 Running the task: wf_SPT_A050_110
https://apne1.dm1-ap.informaticacloud.com/active-bpel/tf/wf_SPT_A050_110
6452 [main] INFO  com.informatica.saas.utilities.task.ICRTTask  - Submitted run of the task: taskUrl=wf_SPT_A050_110, taskRunId=1138472155225235456
https://apne1.dm1-ap.informaticacloud.com/active-bpel/services/tf/status/1138472155225235456
6512 [main] INFO  com.informatica.saas.utilities.task.ICRTTask  - Fri Aug 08 23:01:53 JST 2025 Task wf_SPT_A050_110 with run Id 1138472155225235456 found in activity log
6512 [main] INFO  com.informatica.saas.utilities.task.ICRTTask  - Job Status:  Running
https://apne1.dm1-ap.informaticacloud.com/active-bpel/services/tf/status/1138472155225235456
21605 [main] INFO  com.informatica.saas.utilities.task.ICRTTask  - Fri Aug 08 23:02:08 JST 2025 Task wf_SPT_A050_110 with run Id 1138472155225235456 found in activity log
21607 [main] INFO  com.informatica.saas.utilities.task.ICRTTask  - Job Status:  Success
21607 [main] INFO  com.informatica.saas.utilities.task.ICRTTask  - Details: ID: runId: 1138472155225235456 Start Time: 2025-08-08T14:01:54Z End Time: 2025-08-08T14:02:02Z Subtask Count: 1
21608 [main] INFO  com.informatica.saas.utilities.plugins.RunAJobPlugin  - Fri Aug 08 23:02:08 JST 2025 Task null with run Id 1138472155225235456 exited from activity monitor
https://dm1-ap.informaticacloud.com/ma/api/v3/Logout
21758 [main] INFO  com.informatica.saas.delegate.florence.FlorenceUserDelegate  - Logged OUT, IDS-SESSION-ID=bm1kQd09BUygPbfowo78Wi
21758 [main] INFO  com.informatica.saas.utilities.plugins.UserHandler  - Logged out at Fri Aug 08 23:02:08 JST 2025
21759 [main] INFO  com.informatica.saas.utilities.plugins.RunAJobPlugin  - Main returning: 0
2025/08/08 23:02:08.98 STEP030 実行終了 
2025/08/08 23:02:08.98 STEP040 実行開始 
2025/08/08 23:02:08.99 STEP040 実行終了 
2025/08/08 23:02:08.99 STEP050 実行開始 
812  [main] INFO  com.informatica.saas.utilities.plugins.EncryptTextPlugin  - Keystore : key-store.txt
996  [main] INFO  com.informatica.saas.plugins.RestClientPlugin  - Welcome to Informatica CLI tool
1000 [main] INFO  com.informatica.saas.plugins.RestClientPlugin  - Based on your configuration CLI tool will assume you are working in Florence(IICS) mode
https://dm1-ap.informaticacloud.com/ma/api/v3/InternalLogin
6809 [main] INFO  com.informatica.saas.delegate.florence.FlorenceUserDelegate  - SaaS URL was not set. Using SaaS URL: https://apne1.dm1-ap.informaticacloud.com/saas
6809 [main] INFO  com.informatica.saas.delegate.florence.FlorenceUserDelegate  - Logged IN, IDS-SESSION-ID=4m5PeqxyUE8cjrfJcNyP4P
6814 [main] INFO  com.informatica.saas.utilities.plugins.UserHandler  - Logged in at Fri Aug 08 23:02:15 JST 2025
6817 [main] INFO  com.informatica.saas.utilities.task.ICRTTask  - Fri Aug 08 23:02:15 JST 2025 Running the task: wf_SPT_A050_120
https://apne1.dm1-ap.informaticacloud.com/active-bpel/tf/wf_SPT_A050_120
6980 [main] INFO  com.informatica.saas.utilities.task.ICRTTask  - Submitted run of the task: taskUrl=wf_SPT_A050_120, taskRunId=1138472249458655232
https://apne1.dm1-ap.informaticacloud.com/active-bpel/services/tf/status/1138472249458655232
7032 [main] INFO  com.informatica.saas.utilities.task.ICRTTask  - Fri Aug 08 23:02:16 JST 2025 Task wf_SPT_A050_120 with run Id 1138472249458655232 found in activity log
7032 [main] INFO  com.informatica.saas.utilities.task.ICRTTask  - Job Status:  Running
https://apne1.dm1-ap.informaticacloud.com/active-bpel/services/tf/status/1138472249458655232
22125 [main] INFO  com.informatica.saas.utilities.task.ICRTTask  - Fri Aug 08 23:02:31 JST 2025 Task wf_SPT_A050_120 with run Id 1138472249458655232 found in activity log
22127 [main] INFO  com.informatica.saas.utilities.task.ICRTTask  - Job Status:  Running
https://apne1.dm1-ap.informaticacloud.com/active-bpel/services/tf/status/1138472249458655232
37225 [main] INFO  com.informatica.saas.utilities.task.ICRTTask  - Fri Aug 08 23:02:46 JST 2025 Task wf_SPT_A050_120 with run Id 1138472249458655232 found in activity log
37226 [main] INFO  com.informatica.saas.utilities.task.ICRTTask  - Job Status:  Running
https://apne1.dm1-ap.informaticacloud.com/active-bpel/services/tf/status/1138472249458655232
52305 [main] INFO  com.informatica.saas.utilities.task.ICRTTask  - Fri Aug 08 23:03:01 JST 2025 Task wf_SPT_A050_120 with run Id 1138472249458655232 found in activity log
52306 [main] INFO  com.informatica.saas.utilities.task.ICRTTask  - Job Status:  Running
https://apne1.dm1-ap.informaticacloud.com/active-bpel/services/tf/status/1138472249458655232
67388 [main] INFO  com.informatica.saas.utilities.task.ICRTTask  - Fri Aug 08 23:03:16 JST 2025 Task wf_SPT_A050_120 with run Id 1138472249458655232 found in activity log
67388 [main] INFO  com.informatica.saas.utilities.task.ICRTTask  - Job Status:  Running
https://apne1.dm1-ap.informaticacloud.com/active-bpel/services/tf/status/1138472249458655232
82485 [main] INFO  com.informatica.saas.utilities.task.ICRTTask  - Fri Aug 08 23:03:31 JST 2025 Task wf_SPT_A050_120 with run Id 1138472249458655232 found in activity log
82485 [main] INFO  com.informatica.saas.utilities.task.ICRTTask  - Job Status:  Failure
82486 [main] INFO  com.informatica.saas.utilities.task.ICRTTask  - Details: ID: runId: 1138472249458655232 Start Time: 2025-08-08T14:02:16Z End Time: 2025-08-08T14:03:31Z Subtask Count: 1 Error/Warning Message: {"reason":"RR_4035 SQLエラー[\nFnName: Execute -- [Informatica][ODBC Oracle Wire Protocol driver][Oracle]ORA-30006: リソース・ビジー; WAITタイムアウトの期限に達しました。\n]。","code":"error","details":"010PIXC1000000001HPOs_m_CMN_発注_データ抽出_010010PIX0Z00000000013G128s_m_CMN_発注_データ抽出_010010PIX0Z00000000013G128010PIXC1000000001HPO320002025-08-08T14:02:18.000Z2025-08-08T14:03:29.000ZRR_4035 SQLエラー[\nFnName: Execute -- [Informatica][ODBC Oracle Wire Protocol driver][Oracle]ORA-30006: リソース・ビジー; WAITタイムアウトの期限に達しました。\n]。04035"}
82486 [main] INFO  com.informatica.saas.utilities.plugins.RunAJobPlugin  - Fri Aug 08 23:03:31 JST 2025 Task null with run Id 1138472249458655232 exited from activity monitor
https://dm1-ap.informaticacloud.com/ma/api/v3/Logout
82621 [main] INFO  com.informatica.saas.delegate.florence.FlorenceUserDelegate  - Logged OUT, IDS-SESSION-ID=4m5PeqxyUE8cjrfJcNyP4P
82621 [main] INFO  com.informatica.saas.utilities.plugins.UserHandler  - Logged out at Fri Aug 08 23:03:31 JST 2025
82621 [main] INFO  com.informatica.saas.utilities.plugins.RunAJobPlugin  - Main returning: 3
2025/08/08 23:03:31.77 STEP050 エラー発生 PRC=3 
2025/08/08 23:03:31.77 ジョブID:  異常終了 
