10/24/2025 13:48:20 **** Connection: Conn_010PIX0B00000000001Tをインポートしています...
10/24/2025 13:48:20 **** Source Definition: NSBA140S01001をインポートしています...
10/24/2025 13:48:20 **** Source Definition: DUMMY_mplt_CMN_EDI採番マスタ連番取得更新_SQ_M_EDI_SAIBANをインポートしています...
10/24/2025 13:48:20 **** Source Definition: DUMMY_mplt_CMN_EDI送信DB_支払更新１_SQ_J_EDI_SND_DB_PAYをインポートしています...
10/24/2025 13:48:20 **** Source Definition: DEV3ITUSER_J_EDI_RCV_DB_SUPをインポートしています...
10/24/2025 13:48:20 **** Target Definition: DEV3ITUSER_J_EDI_SND_DB_PAYをインポートしています...
10/24/2025 13:48:20 **** Target Definition: M_EDI_SAIBANをインポートしています...
10/24/2025 13:48:20 **** Target Definition: NSBA140S02001をインポートしています...
10/24/2025 13:48:20 **** SessionConfig: default_session_configをインポートしています...
    <警告> :エラーログDB接続の値には、プレフィックスとしてRelational:が必要です。
    <警告> :無効な値が属性Error Log DB Connectionに指定されました。デフォルト値を使用します
    Source Definition NSBA140S01001の検査しています...
    Source Definition DUMMY_mplt_CMN_EDI送信DB_支払更新１_SQ_J_EDI_SND_DB_PAYの検査しています...
    Source Definition DUMMY_mplt_CMN_EDI採番マスタ連番取得更新_SQ_M_EDI_SAIBANの検査しています...
    Source Definition DEV3ITUSER_J_EDI_RCV_DB_SUPの検査しています...
    Target Definition NSBA140S02001の検査しています...
    Target Definition M_EDI_SAIBANの検査しています...
    Target Definition DEV3ITUSER_J_EDI_SND_DB_PAYの検査しています...
10/24/2025 13:48:20 **** Mapping: Mapping0をインポートしています...
    <警告> :transformation: src_ダミー - 無効な値が属性Output is repeatableに指定されました。デフォルト値Neverを使用します    [transformation< src_ダミー > ] 
    <警告> :テーブル属性が無効です: Thousand Separator    [transformation< src_ダミー > ] 
    <警告> :テーブル属性が無効です: Decimal Separator    [transformation< src_ダミー > ] 
    <警告> :テーブル属性が無効です: Datetime Format    [transformation< src_ダミー > ] 
    <警告> :transformation: src_J_EDI_RCV_DB_SUP - 無効な値が属性Output is repeatableに指定されました。デフォルト値Neverを使用します    [transformation< src_J_EDI_RCV_DB_SUP > ] 
    <警告> :transformation: mplt_CMN_EDI採番マスタ連番取得更新_SQ_M_EDI_SAIBAN - 無効な値が属性Output is repeatableに指定されました。デフォルト値Neverを使用します    [transformation< mplt_CMN_EDI採番マスタ連番取得更新_SQ_M_EDI_SAIBAN > ] 
    <警告> :transformation: mplt_CMN_EDI送信DB_支払更新１_SQ_J_EDI_SND_DB_PAY - 無効な値が属性Output is repeatableに指定されました。デフォルト値Neverを使用します    [transformation< mplt_CMN_EDI送信DB_支払更新１_SQ_J_EDI_SND_DB_PAY > ] 
マッピングMapping0のトランスフォーメーションを検査しています...
マッピング変数を検査しています。
10/24/2025 13:48:20 **** Workflow: wf_mtt_010PIX0Z000000000178をインポートしています...
    <警告> :属性Owner Name (エレメントATTRIBUTE)が無効です    [Session< s_mtt_010PIX0Z000000000178_f38ba235dc484873b28509ba1eb2e808 >  --> Target< M_EDI_SAIBAN > ] 
    <警告> :属性Table Name Prefix (エレメントATTRIBUTE)が無効です    [Session< s_mtt_010PIX0Z000000000178_f38ba235dc484873b28509ba1eb2e808 >  --> Source< DUMMY_mplt_CMN_EDI採番マスタ連番取得更新_SQ_M_EDI_SAIBAN > ] 
    <警告> :属性Table Name Prefix (エレメントATTRIBUTE)が無効です    [Session< s_mtt_010PIX0Z000000000178_f38ba235dc484873b28509ba1eb2e808 >  --> Source< DUMMY_mplt_CMN_EDI送信DB_支払更新１_SQ_J_EDI_SND_DB_PAY > ] 
    <警告> :無効な値Noneが属性Pushdown Optimization Contextに指定されました。デフォルト値None を使用します    [Session< s_mtt_010PIX0Z000000000178_f38ba235dc484873b28509ba1eb2e808 > ] 
    <警告> :入力された値が正しい整数ではありません。
    <警告> :無効な値NOが属性Fail task after wait timeに指定されました。デフォルト値を使用します
Successfully extracted session instance [s_mtt_010PIX0Z000000000178_f38ba235dc484873b28509ba1eb2e808].  Starting repository sequence id is [392325766]
