PETL_24036 [2025-10-27 12:16:02.881] セッションの準備段階を開始します。
TM_6721 [2025-10-27 12:16:02.881] [リポジトリへの接続]を開始しました。
TM_6722 [2025-10-27 12:16:02.990] [リポジトリへの接続]を完了しました。所要時間は[0.109003]秒でした。
TM_6721 [2025-10-27 12:16:02.990] [リポジトリからセッションを取り出します]を開始しました。
TM_6722 [2025-10-27 12:16:06.592] [リポジトリからセッションを取り出します]を完了しました。所要時間は[3.60216]秒でした。
VAR_27085 [2025-10-27 12:16:06.594] パラメータファイル[C:\Program Files\Informatica Cloud Secure Agent\apps\Data_Integration_Server\data\parameters\s_mtt_010PIX0Z000000000196.param]が[セッション[wf_mtt_010PIX0Z000000000196.s_mtt_010PIX0Z000000000196]]に対して開かれました。
VAR_27062 [2025-10-27 12:16:06.596] 警告! worklet [wf_mtt_010PIX0Z000000000196]とフォルダ[]のセクションをパラメータファイル[C:\Program Files\Informatica Cloud Secure Agent\apps\Data_Integration_Server\data\parameters\s_mtt_010PIX0Z000000000196.param]で見つけることができません。
TM_6721 [2025-10-27 12:16:06.718] [パーティショングループフォーメーション]を開始しました。
TM_6722 [2025-10-27 12:16:06.721] [パーティショングループフォーメーション]を完了しました。所要時間は[0.00309801]秒でした。
PETL_24037 [2025-10-27 12:16:06.721] セッションの準備段階を完了しました。
DIRECTOR> TM_6228 [2025-10-27 12:16:06.721] セッションログを[C:\PROGRA~1\INFORM~1\apps\Data_Integration_Server\data\..\logs\TUGA140S020_sessionlog_20251027121550.log]に出力しています。
DIRECTOR> VAR_27085 [2025-10-27 12:16:06.735] パラメータファイル[C:\Program Files\Informatica Cloud Secure Agent\apps\Data_Integration_Server\data\parameters\s_mtt_010PIX0Z000000000196.param]が[セッション[wf_mtt_010PIX0Z000000000196.s_mtt_010PIX0Z000000000196]]に対して開かれました。
DIRECTOR> VAR_27062 [2025-10-27 12:16:06.737] 警告! worklet [wf_mtt_010PIX0Z000000000196]とフォルダ[]のセクションをパラメータファイル[C:\Program Files\Informatica Cloud Secure Agent\apps\Data_Integration_Server\data\parameters\s_mtt_010PIX0Z000000000196.param]で見つけることができません。
DIRECTOR> PETL_24093 [2025-10-27 12:16:06.738] ユーザー定義パラメータファイルの場所[\\\j2sde081\d$\DEV_DIKe\temp\wfparm\/p_t_TUG_支払_支払明細_020.param]。
DIRECTOR> TM_6014 [2025-10-27 12:16:06.738] セッション[s_mtt_010PIX0Z000000000196]を初期化しています: [Mon Oct 27 12:16:06 2025]。
DIRECTOR> TM_6683 [2025-10-27 12:16:06.738] リポジトリ名: [XMLRepository]
DIRECTOR> TM_6684 [2025-10-27 12:16:06.738] サーバー名: [rDTM]
DIRECTOR> TM_6686 [2025-10-27 12:16:06.738] フォルダ: []
DIRECTOR> TM_6685 [2025-10-27 12:16:06.738] ワークフロー: [wf_mtt_010PIX0Z000000000196] 実行インスタンス名: [] 実行ID: [0]
DIRECTOR> TM_6992 [2025-10-27 12:16:06.738] オペレーションシステムタイプ[NT]
DIRECTOR> TM_6101 [2025-10-27 12:16:06.738] マッピング名: Mapping0。
DIRECTOR> TM_6964 [2025-10-27 12:16:06.739] セッションの日付形式は[MM/DD/YYYY HH24:MI:SS.US]です。
DIRECTOR> TM_6703 [2025-10-27 12:16:06.740] セッション[s_mtt_010PIX0Z000000000196]は64-bit 統合サービス [] (バージョン[10.2.0 HotFix2]、ビルド[0321])で動作しています。
MANAGER> PETL_24091 [2025-10-27 12:16:07.759] スレッド[MANAGER]のIDは[1]です。
MANAGER> PETL_24058 [2025-10-27 12:16:07.759] パーティショングループ[1]を実行中です。
MANAGER> PETL_24000 [2025-10-27 12:16:07.759] Parallel Pipeline Engine 初期化中｡
MONITOR> PETL_24091 [2025-10-27 12:16:07.760] スレッド[MONITOR]のIDは[2]です。
MANAGER> PETL_24001 [2025-10-27 12:16:07.760] Parallel Pipeline Engine 実行中｡
MANAGER> PETL_24003 [2025-10-27 12:16:07.760] セッション実行の初期化｡
MAPPING> PETL_24091 [2025-10-27 12:16:07.761] スレッド[MAPPING]のIDは[3]です。
MAPPING> CMN_1569 [2025-10-27 12:16:07.765] Serverモード: [UNICODE]
MAPPING> CMN_1570 [2025-10-27 12:16:07.765] Serverコードページ: [UTF-8 encoding of Unicode]
MAPPING> TM_6151 [2025-10-27 12:16:07.765] セッションソート順は[Binary]です。
MAPPING> TM_6185 [2025-10-27 12:16:07.765] 警告。このセッションでは、コードページ検査機能が無効になっています。
MAPPING> CMN_65109 [2025-10-27 12:16:07.765] 現在のタイムゾーン:[UTC +9:0]
MAPPING> CMN_65111 [2025-10-27 12:16:07.765] 現在のプロセスID:[16236]
MAPPING> TM_6155 [2025-10-27 12:16:07.765] 高精度処理を使用しています。
MAPPING> TM_6180 [2025-10-27 12:16:07.765] デッドロック用再実行ロジックが実装されません。
MAPPING> TM_6181 [2025-10-27 12:16:07.765] セッションのソースベースコミット間隔は[2147483647]です。
MAPPING> VAR_27084 [2025-10-27 12:16:07.766] 警告: 変数またはパラメータ[$PMSessionName_error]の値を[$PMSessionName_error]の展開中に見つけることができません。一致する最も長い変数またはパラメータの値[$PMSessionName]を使用しています。
MAPPING> TM_6308 [2025-10-27 12:16:07.766] DTMエラーログはUTF-8コードページを使用しています｡
MAPPING> TM_6310 [2025-10-27 12:16:07.766] DTMエラーログはファイル[C:\PROGRA~1\INFORM~1\apps\Data_Integration_Server\data\error\s_mtt_010PIX0Z000000000196_error]で有効になっています｡
MAPPING> TM_6682 [2025-10-27 12:16:07.766] 警告: DTMエラーログが有効なので、行レベルのエラーはセッションログには書き込みません｡行レベルのエラーのDTMエラーログを確認ください。
MAPPING> CCM_9007 [2025-10-27 12:16:07.767] 使用されているDTMエラーログファイル区切り文字は[,]です。
MAPPING> TM_6701 [2025-10-27 12:16:07.767] 警告: DTMエラーログのデータ列の区切り文字とフラットファイルの区切り文字が同じ[',']です｡
MAPPING> TE_7022 [2025-10-27 12:16:07.812] TShmWriter: 初期化済み
MAPPING> DBG_21491 [2025-10-27 12:16:07.822] ソース修飾子 [SQ_f_RENKEI_DATA_FILE]からの行に基づくソースベースコミットの間隔
MAPPING> DBG_21492 [2025-10-27 12:16:07.828] トランスフォーメーション[agg_有効件数]からの行に基づくソースベースコミットの間隔
MAPPING> DBG_21694 [2025-10-27 12:16:07.829] agg_有効件数パーティション[0]: インデックスキャッシュサイズ= [1000000]、データキャッシュサイズ= [2000000]
MAPPING> TE_7212 [2025-10-27 12:16:07.830] [インデックスキャッシュ]サイズ(トランスフォーメーション[agg_有効件数])を[1000000]から[1049760]に増やします。
MAPPING> TE_7212 [2025-10-27 12:16:07.830] [データキャッシュ]サイズ(トランスフォーメーション[agg_有効件数])を[2000000]から[2097368]に増やします。
MAPPING> TE_7029 [2025-10-27 12:16:07.830] 集計情報: 新しいインデックスファイルとデータファイルを作成しています
MAPPING> TE_7034 [2025-10-27 12:16:07.831] 集計情報: インデックスファイルは[C:\PROGRA~1\INFORM~1\apps\Data_Integration_Server\data\cache\PMAGG2138899069_10_0_16236.idx]です
MAPPING> TE_7035 [2025-10-27 12:16:07.831] 集計情報: データファイルは[C:\PROGRA~1\INFORM~1\apps\Data_Integration_Server\data\cache\PMAGG2138899069_10_0_16236.dat]です
MAPPING> DBG_21492 [2025-10-27 12:16:07.834] トランスフォーメーション[jnr_データ更新項目結合]からの行に基づくソースベースコミットの間隔
MAPPING> DBG_21492 [2025-10-27 12:16:07.837] トランスフォーメーション[jnr_データ更新項目結合]からの行に基づくソースベースコミットの間隔
MAPPING> DBG_21491 [2025-10-27 12:16:07.837] ソース修飾子 [mplt_CMN_EDI送信DB_支払更新２_SQ_J_EDI_SND_DB_PAY]からの行に基づくソースベースコミットの間隔
MAPPING> DBG_21492 [2025-10-27 12:16:07.838] トランスフォーメーション[mplt_CMN_EDI送信DB_支払更新２_jnr_データ更新項目結合]からの行に基づくソースベースコミットの間隔
MAPPING> DBG_21694 [2025-10-27 12:16:07.838] mplt_CMN_EDI送信DB_支払更新２_jnr_データ更新項目結合パーティション[0]: インデックスキャッシュサイズ= [38347922]、データキャッシュサイズ= [76695844]
MAPPING> TT_11098 [2025-10-27 12:16:07.838] ジョイナトランスフォーメーション[mplt_CMN_EDI送信DB_支払更新２_jnr_データ更新項目結合]は、結合アルゴリズムで次のように設定されています: Nested-Loop。
MAPPING> DBG_21492 [2025-10-27 12:16:07.864] トランスフォーメーション[jnr_データ更新項目結合]からの行に基づくソースベースコミットの間隔
MAPPING> DBG_21694 [2025-10-27 12:16:07.865] jnr_データ更新項目結合パーティション[0]: インデックスキャッシュサイズ= [38347922]、データキャッシュサイズ= [76695844]
MAPPING> TT_11098 [2025-10-27 12:16:07.865] ジョイナトランスフォーメーション[jnr_データ更新項目結合]は、結合アルゴリズムで次のように設定されています: Sorted-Merge。
MAPPING> DBG_21077 [2025-10-27 12:16:07.866] マスタ関係にJoinerキャッシュを作成 : (Mon Oct 27 12:16:07 2025)
MAPPING> CMN_1690 [2025-10-27 12:16:07.911] 新しいデータファイル[C:\PROGRA~1\INFORM~1\apps\Data_Integration_Server\data\cache\PMJNR2138899069_13_0_16236.dat]とインデックスファイル[C:\PROGRA~1\INFORM~1\apps\Data_Integration_Server\data\cache\PMJNR2138899069_13_0_16236.idx]をジョイナ [jnr_データ更新項目結合]用に作成しました。
MAPPING> DBG_21691 [2025-10-27 12:16:07.911] 明細関係にジョイナキャッシュを作成 : (Mon Oct 27 12:16:07 2025)
MAPPING> CMN_1690 [2025-10-27 12:16:07.931] 新しいデータファイル[C:\PROGRA~1\INFORM~1\apps\Data_Integration_Server\data\cache\PMJNRD2138899069_13_0_16236.dat]とインデックスファイル[C:\PROGRA~1\INFORM~1\apps\Data_Integration_Server\data\cache\PMJNRD2138899069_13_0_16236.idx]をジョイナ [jnr_データ更新項目結合]用に作成しました。
MAPPING> DBG_21492 [2025-10-27 12:16:07.942] トランスフォーメーション[srt_ソートキー昇順]からの行に基づくソースベースコミットの間隔
MAPPING> DBG_21693 [2025-10-27 12:16:07.944] srt_ソートキー昇順: パーティションのキャッシュサイズ[1] = [306783376]
MAPPING> SORT_40419 [2025-10-27 12:16:07.944] トランスフォーメーション[srt_ソートキー昇順]のメモリ使用量は[306783376]バイト、行サイズは9192バイトです。
MAPPING> DBG_21492 [2025-10-27 12:16:07.946] トランスフォーメーション[mplt_CMN_EDI送信DB_支払更新２_jnr_データ更新項目結合]からの行に基づくソースベースコミットの間隔
MAPPING> DBG_21244 [2025-10-27 12:16:07.993] ロード順グループ[1]を初期化しています。ソース修飾子は[SQ_f_RENKEI_DATA_FILE]です
MAPPING> DBG_21244 [2025-10-27 12:16:07.993] ロード順グループ[1]を初期化しています。ソース修飾子は[mplt_CMN_EDI送信DB_支払更新２_SQ_J_EDI_SND_DB_PAY]です
MAPPING> PMJVM_42020 [2025-10-27 12:16:08.000] [INFO] 次のライブラリをロードしました: C:\PROGRA~1\INFORM~1\apps\jdk\zulu8.86.0.26-sa-fx-jdk8.0.452\jre\bin\server\jvm.dll。
MAPPING> PMJVM_42009 [2025-10-27 12:16:08.058] [INFO] Java VM の作成が成功しました。
MAPPING> TM_6007 [2025-10-27 12:16:08.192] DTMはセッション[s_mtt_010PIX0Z000000000196]に対して正常に初期化されました
DIRECTOR> PETL_24033 [2025-10-27 12:16:08.192] すべてのDTM接続情報: [<NONE>]。
MANAGER> PETL_24004 [2025-10-27 12:16:08.193] プリセッションタスクの開始｡ : (Mon Oct 27 12:16:08 2025)
PRE-SESS> PETL_24091 [2025-10-27 12:16:08.194] スレッド[PRE-SESS]のIDは[4]です。
MANAGER> PETL_24027 [2025-10-27 12:16:08.258] セッション実行前のタスクは正常に終了しました。 : (Mon Oct 27 12:16:08 2025)
DIRECTOR> PETL_24006 [2025-10-27 12:16:08.258] データ移動の開始｡
MAPPING> TM_6660 [2025-10-27 12:16:08.258] バッファプールサイズの総計は85197824バイト、ブロックサイズは2364384バイトです。
READER_1_1_1> PETL_24091 [2025-10-27 12:16:08.264] スレッド[READER_1_1_1]のIDは[5]です。
READER_1_1_1> DBG_21437 [2025-10-27 12:16:08.265] リーダー: ソースはファイルベースのソースです｡
READER_1_1_1> FR_3118 [2025-10-27 12:16:08.266] ソース[SQ_f_RENKEI_DATA_FILE]コードページ: [MS Windows Japanese, superset of Shift-JIS]
READER_1_1_1> FR_3071 [2025-10-27 12:16:08.267] 最大行順序ありバッファ長は4553です。
READER_1_1_1> BLKR_16003 [2025-10-27 12:16:08.268] 初期化が正常に完了しました｡
TRANSF_1_1_1> PETL_24091 [2025-10-27 12:16:08.269] スレッド[TRANSF_1_1_1]のIDは[6]です。
READER_1_2_1> PETL_24091 [2025-10-27 12:16:08.269] スレッド[READER_1_2_1]のIDは[7]です。
READER_1_2_1> DBG_21438 [2025-10-27 12:16:08.270] リーダー: ソースは[odbc://dbtype=Oracle;host=192.168.10.34;port=1521;database=j2sde034.adev.local]、タイプ[ODBC]、ユーザー[DEV3ITUSER]
READER_1_2_1> BLKR_16051 [2025-10-27 12:16:08.272] ソースデータベース接続[Conn_010PIX0B00000000001T]コードページ: [MS Windows Japanese, superset of Shift-JIS]
READER_1_2_1> CMN_1021 [2025-10-27 12:16:08.334] データベースドライバイベント...
CMN_1021 [Reading driver properties from : C:\Program Files\Informatica Cloud Secure Agent\apps\Data_Integration_Server\75.0.1.1\ICS\main\bin\rdtm/../../../../drivers/driver.properties
ドライバ名を決定するDTMフラグが見つからないため、[DataDirect CLOSED 8.0 Oracle Wire Protocol for Informatica - BASE]ドライバをデフォルトとします。
ODBCイベント: 配列FETCHの使用。
ODBCイベント: 1行INSERTの使用。接続文字列= [Driver=DataDirect CLOSED 8.0 Oracle Wire Protocol for Informatica - BASE;Host=192.168.10.34;ServiceName=j2sde034.adev.local;Port=1521;UID=DEV3ITUSER;AS=6000000;EBL=0;ENS=1;ETWT=1;WorkArounds2=2;EnableEmptyLobs=1]。ユーザーID = [DEV3ITUSER]
ODBCバージョン:	03.80.0000
.
DBMS名:	Oracle
.
DBMSバージョン:	12.02.0000 Oracle 12.2.0.1.0
.
ドライバ名:	dwora28.dll
.
ドライババージョン:	08.02.3072 (B1917, U1723)
.
ドライバODBCバージョン:	03.52
.]

READER_1_2_1> BLKR_16003 [2025-10-27 12:16:08.334] 初期化が正常に完了しました｡
TRANSF_1_2_1> PETL_24091 [2025-10-27 12:16:08.335] スレッド[TRANSF_1_2_1]のIDは[8]です。
TRANSF_1_3_1> PETL_24091 [2025-10-27 12:16:08.336] スレッド[TRANSF_1_3_1]のIDは[9]です。
WRITER_1_*_1> PETL_24091 [2025-10-27 12:16:08.390] スレッド[WRITER_1_*_1]のIDは[10]です。
WRITER_1_*_1> WRT_8147 [2025-10-27 12:16:08.390] ライター: ターゲットはデータベース[odbc://dbtype=Oracle;host=192.168.10.34;port=1521;database=j2sde034.adev.local]、タイプ[ODBC]、ユーザー[DEV3ITUSER]、一括モード[OFF]
WRITER_1_*_1> CMN_1021 [2025-10-27 12:16:08.447] データベースドライバイベント...
CMN_1021 [Reading driver properties from : C:\Program Files\Informatica Cloud Secure Agent\apps\Data_Integration_Server\75.0.1.1\ICS\main\bin\rdtm/../../../../drivers/driver.properties
ドライバ名を決定するDTMフラグが見つからないため、[DataDirect CLOSED 8.0 Oracle Wire Protocol for Informatica - BASE]ドライバをデフォルトとします。
ODBCイベント: 配列FETCHの使用。
ODBCイベント: 1行INSERTの使用。接続文字列= [Driver=DataDirect CLOSED 8.0 Oracle Wire Protocol for Informatica - BASE;Host=192.168.10.34;ServiceName=j2sde034.adev.local;Port=1521;UID=DEV3ITUSER;AS=6000000;EBL=0;ENS=1;ETWT=1;WorkArounds2=2;EnableEmptyLobs=1]。ユーザーID = [DEV3ITUSER]
ODBCバージョン:	03.80.0000
.
DBMS名:	Oracle
.
DBMSバージョン:	12.02.0000 Oracle 12.2.0.1.0
.
ドライバ名:	dwora28.dll
.
ドライババージョン:	08.02.3072 (B1917, U1723)
.
ドライバODBCバージョン:	03.52
.]

WRITER_1_*_1> WRT_8221 [2025-10-27 12:16:08.447] ターゲットデータベース接続[Conn_010PIX0B00000000001T]コードページ: [MS Windows Japanese, superset of Shift-JIS]
WRITER_1_*_1> WRT_8124 [2025-10-27 12:16:08.447] ターゲットテーブルJ_EDI_SND_DB_PAY :SQL INSERT文:
INSERT INTO DEV3ITUSER.J_EDI_SND_DB_PAY(SND_SEQ_NO,EDI_SND_JOKYO_SBT,FUNC_UKETSUKE_NO,NEW_UPDATE_DT,NEW_UPDATE_USR,NEW_UPDATE_FUNC,UPDATE_CNT)  VALUES ( ?, ?, ?, ?, ?, ?, ?) 
WRITER_1_*_1> WRT_8124 [2025-10-27 12:16:08.447] ターゲットテーブルJ_EDI_SND_DB_PAY :SQL UPDATE文:
UPDATE DEV3ITUSER.J_EDI_SND_DB_PAY SET EDI_SND_JOKYO_SBT = ?, FUNC_UKETSUKE_NO = ?, NEW_UPDATE_DT = ?, NEW_UPDATE_USR = ?, NEW_UPDATE_FUNC = ?, UPDATE_CNT = ? WHERE SND_SEQ_NO = ?
WRITER_1_*_1> WRT_8124 [2025-10-27 12:16:08.447] ターゲットテーブルJ_EDI_SND_DB_PAY :SQL DELETE文:
DELETE FROM DEV3ITUSER.J_EDI_SND_DB_PAY WHERE SND_SEQ_NO = ?
WRITER_1_*_1> WRT_8124 [2025-10-27 12:16:08.450] ターゲットテーブルTUGA1401 :出力を書き込み中｡書き込み先:d:\DEV_DIKe\temp\TUGA1401
WRITER_1_*_1> WRT_8222 [2025-10-27 12:16:08.450] ターゲットファイル[d:\DEV_DIKe\temp\TUGA1401]コードページ: [MS Windows Japanese, superset of Shift-JIS]
WRITER_1_*_1> WRT_8270 [2025-10-27 12:16:08.453] ターゲット接続グループ番号1はターゲット[J_EDI_SND_DB_PAY]で構成されています。
WRITER_1_*_1> WRT_8270 [2025-10-27 12:16:08.453] ターゲット接続グループ番号2はターゲット[TUGA1401]で構成されています。
WRITER_1_*_1> WRT_8324 [2025-10-27 12:16:08.453] 警告: ターゲット接続グループの接続がトランザクションをサポートしていません。ターゲット[TUGA1401]は指定したトランザクション境界に従ってロードされない可能性があります。
WRITER_1_*_1> WRT_8003 [2025-10-27 12:16:08.453] ライターの初期化が完了しました｡
READER_1_1_1> BLKR_16007 [2025-10-27 12:16:08.454] リーダーの実行を開始しました｡
READER_1_2_1> BLKR_16007 [2025-10-27 12:16:08.454] リーダーの実行を開始しました｡
WRITER_1_*_1> WRT_8005 [2025-10-27 12:16:08.454] ライターの実行を開始しました｡
WRITER_1_*_1> WRT_8158 [2025-10-27 12:16:08.454] 

*****ロードセッションの開始*****

ロード開始時刻: Mon Oct 27 12:16:08 2025

ロード開始時刻:

     J_EDI_SND_DB_PAY
     TUGA1401


READER_1_2_1> RR_4029 [2025-10-27 12:16:08.454] SQインスタンス[mplt_CMN_EDI送信DB_支払更新２_SQ_J_EDI_SND_DB_PAY]ユーザー指定SQLクエリ[SELECT * FROM J_EDI_SND_DB_PAY WHERE J_EDI_SND_DB_PAY.DATA_KOKAN_ID = '000086' AND J_EDI_SND_DB_PAY.EDI_KINO_CATEGORY_CD = 'A140' AND J_EDI_SND_DB_PAY.EDI_SND_JOKYO_SBT='1' FOR UPDATE WAIT 60]
READER_1_2_1> RR_4049 [2025-10-27 12:16:08.454] SQLクエリがデータベースに発行されました : (Mon Oct 27 12:16:08 2025)
READER_1_1_1> DBG_21430 [2025-10-27 12:16:08.455] 入力ソースファイル[d:\DEV_DIKe\temp\TUGA140S02001]からデータを読み込んでいます : (Mon Oct 27 12:16:08 2025)
READER_1_1_1> BLKR_16019 [2025-10-27 12:16:08.455] レコードを[6]行、エラーレコードを[0]行、読み込みました: ソーステーブル[TUGA140S02001]インスタンス名[TUGA140S02001]
READER_1_1_1> BLKR_16008 [2025-10-27 12:16:08.455] リーダーの実行が完了しました｡
TRANSF_1_1_1> TE_7032 [2025-10-27 12:16:08.473] 以下のファイルで管理されているB-Tree
C:\PROGRA~1\INFORM~1\apps\Data_Integration_Server\data\cache\PMAGG2138899069_10_0_16236.dat (データ用)

C:\PROGRA~1\INFORM~1\apps\Data_Integration_Server\data\cache\PMAGG2138899069_10_0_16236.idx (インデックス用):
	インデックスサイズ:	1
	行サイズ:	16
	順序:		100
	最小順序:	50
	高さ:		1
	エントリ:	1
	インデックスページサイズ:	1296
	インデックスページ:	810
	データページサイズ:	536
	データページ:	3913

TRANSF_1_1_1> DBG_21216 [2025-10-27 12:16:08.473] ソース修飾子 [SQ_f_RENKEI_DATA_FILE]のトランスフォーメーションを終了しました。エラー総数[0]
READER_1_2_1> CMN_1761 [2025-10-27 12:17:08.490] タイムスタンプイベント: [Mon Oct 27 12:17:08 2025]
READER_1_2_1> RR_4035 [2025-10-27 12:17:08.490] SQLエラー[
FnName: Execute -- [Informatica][ODBC Oracle Wire Protocol driver][Oracle]ORA-30006: リソース・ビジー; WAITタイムアウトの期限に達しました。
]。
READER_1_2_1> CMN_1761 [2025-10-27 12:17:08.490] タイムスタンプイベント: [Mon Oct 27 12:17:08 2025]
READER_1_2_1> BLKR_16004 [2025-10-27 12:17:08.490] エラー: Prepareが失敗しました｡
READER_1_2_1> CMN_1761 [2025-10-27 12:17:08.492] タイムスタンプイベント: [Mon Oct 27 12:17:08 2025]
READER_1_2_1> DBG_21702 [2025-10-27 12:17:08.492] セッションの実行中にエラーが発生しました。エラーコード[1]、累積エラーコード[1]、ステージ[1]。
WRITER_1_*_1> WRT_8333 [2025-10-27 12:17:08.493] セッションの致命的なエラーのため、すべてのターゲットをロールバックします。
TRANSF_1_2_1> CMN_1761 [2025-10-27 12:17:08.493] タイムスタンプイベント: [Mon Oct 27 12:17:08 2025]
TRANSF_1_3_1> CMN_1761 [2025-10-27 12:17:08.493] タイムスタンプイベント: [Mon Oct 27 12:17:08 2025]
TRANSF_1_2_1> DBG_21702 [2025-10-27 12:17:08.493] セッションの実行中にエラーが発生しました。エラーコード[4]、累積エラーコード[5]、ステージ[1]。
TRANSF_1_3_1> TM_6085 [2025-10-27 12:17:08.493] トランスフォーメーション[mplt_CMN_EDI送信DB_支払更新２_jnr_データ更新項目結合]で致命的なエラーが発生し、セッションが終了しています。
TRANSF_1_3_1> CMN_1761 [2025-10-27 12:17:08.493] タイムスタンプイベント: [Mon Oct 27 12:17:08 2025]
TRANSF_1_3_1> TM_6085 [2025-10-27 12:17:08.493] トランスフォーメーション[mplt_CMN_EDI送信DB_支払更新２_INPUT]で致命的なエラーが発生し、セッションが終了しています。
TRANSF_1_3_1> CMN_1761 [2025-10-27 12:17:08.493] タイムスタンプイベント: [Mon Oct 27 12:17:08 2025]
TRANSF_1_3_1> TM_6085 [2025-10-27 12:17:08.493] トランスフォーメーション[mplt_CMN_EDI送信DB_支払更新２_INPUT]で致命的なエラーが発生し、セッションが終了しています。
TRANSF_1_3_1> CMN_1761 [2025-10-27 12:17:08.493] タイムスタンプイベント: [Mon Oct 27 12:17:08 2025]
TRANSF_1_3_1> TM_6085 [2025-10-27 12:17:08.493] トランスフォーメーション[exp_支払更新2インプット]で致命的なエラーが発生し、セッションが終了しています。
TRANSF_1_3_1> CMN_1761 [2025-10-27 12:17:08.493] タイムスタンプイベント: [Mon Oct 27 12:17:08 2025]
TRANSF_1_3_1> TM_6085 [2025-10-27 12:17:08.493] トランスフォーメーション[exp_支払更新2インプット]で致命的なエラーが発生し、セッションが終了しています。
TRANSF_1_3_1> CMN_1761 [2025-10-27 12:17:08.493] タイムスタンプイベント: [Mon Oct 27 12:17:08 2025]
TRANSF_1_3_1> TM_6085 [2025-10-27 12:17:08.493] トランスフォーメーション[fil_送信対象データ件数確認]で致命的なエラーが発生し、セッションが終了しています。
TRANSF_1_3_1> CMN_1761 [2025-10-27 12:17:08.493] タイムスタンプイベント: [Mon Oct 27 12:17:08 2025]
TRANSF_1_3_1> TM_6085 [2025-10-27 12:17:08.493] トランスフォーメーション[fil_送信対象データ件数確認]で致命的なエラーが発生し、セッションが終了しています。
TRANSF_1_3_1> CMN_1761 [2025-10-27 12:17:08.493] タイムスタンプイベント: [Mon Oct 27 12:17:08 2025]
TRANSF_1_3_1> TM_6085 [2025-10-27 12:17:08.493] トランスフォーメーション[jnr_データ更新項目結合]で致命的なエラーが発生し、セッションが終了しています。
TRANSF_1_3_1> CMN_1761 [2025-10-27 12:17:08.493] タイムスタンプイベント: [Mon Oct 27 12:17:08 2025]
TRANSF_1_3_1> CMN_1086 [2025-10-27 12:17:08.493] jnr_データ更新項目結合: エラー数がしきい値[1]を超えました。
TRANSF_1_3_1> CMN_1761 [2025-10-27 12:17:08.493] タイムスタンプイベント: [Mon Oct 27 12:17:08 2025]
TRANSF_1_3_1> TM_6085 [2025-10-27 12:17:08.493] トランスフォーメーション[jnr_データ更新項目結合]で致命的なエラーが発生し、セッションが終了しています。
TRANSF_1_3_1> CMN_1761 [2025-10-27 12:17:08.493] タイムスタンプイベント: [Mon Oct 27 12:17:08 2025]
TRANSF_1_3_1> TM_6085 [2025-10-27 12:17:08.493] トランスフォーメーション[jnr_データ更新項目結合]で致命的なエラーが発生し、セッションが終了しています。
TRANSF_1_3_1> CMN_1761 [2025-10-27 12:17:08.493] タイムスタンプイベント: [Mon Oct 27 12:17:08 2025]
TRANSF_1_3_1> TM_6085 [2025-10-27 12:17:08.493] トランスフォーメーション[jnr_データ更新項目結合]で致命的なエラーが発生し、セッションが終了しています。
TRANSF_1_3_1> CMN_1761 [2025-10-27 12:17:08.493] タイムスタンプイベント: [Mon Oct 27 12:17:08 2025]
TRANSF_1_3_1> TM_6085 [2025-10-27 12:17:08.493] トランスフォーメーション[jnr_データ更新項目結合]で致命的なエラーが発生し、セッションが終了しています。
TRANSF_1_3_1> DBG_21511 [2025-10-27 12:17:08.493] TE: 致命的なトランスフォーメーションエラー｡
WRITER_1_*_1> WRT_8325 [2025-10-27 12:17:08.494] ロードの最後で最終的なロールバックがターゲット[DEV3ITUSER_J_EDI_SND_DB_PAY]に対して実行されました。
WRITER_1_*_1> CMN_1761 [2025-10-27 12:17:08.494] タイムスタンプイベント: [Mon Oct 27 12:17:08 2025]
WRITER_1_*_1> DBG_21702 [2025-10-27 12:17:08.494] セッションの実行中にエラーが発生しました。エラーコード[2]、累積エラーコード[7]、ステージ[0]。
WRITER_1_*_1> WRT_8035 [2025-10-27 12:17:08.494] ロード完了時刻: Mon Oct 27 12:17:07 2025

ロード要約
============

WRT_8036 ターゲット: J_EDI_SND_DB_PAY (インスタンス名: [DEV3ITUSER_J_EDI_SND_DB_PAY])
WRT_8044 このターゲットに対してデータがロードされていません


WRT_8036 ターゲット: TUGA1401 (インスタンス名: [TUGA1401])
WRT_8044 このターゲットに対してデータがロードされていません



WRITER_1_*_1> WRT_8043 [2025-10-27 12:17:08.494] *****ロードセッションの終わり*****
WRITER_1_*_1> CMN_1761 [2025-10-27 12:17:08.497] タイムスタンプイベント: [Mon Oct 27 12:17:08 2025]
WRITER_1_*_1> DBG_21702 [2025-10-27 12:17:08.497] セッションの実行中にエラーが発生しました。エラーコード[2]、累積エラーコード[7]、ステージ[1]。
TRANSF_1_3_1> CMN_1761 [2025-10-27 12:17:08.499] タイムスタンプイベント: [Mon Oct 27 12:17:08 2025]
TRANSF_1_3_1> DBG_21702 [2025-10-27 12:17:08.499] セッションの実行中にエラーが発生しました。エラーコード[4]、累積エラーコード[7]、ステージ[1]。
MANAGER> PETL_24031 [2025-10-27 12:17:08.500] 
***** TGT LOAD ORDER GROUP [1], CONCURRENT SET [1]の実行情報*****
スレッド[READER_1_1_1]は[読み込みステージ] (パーティションポイント[SQ_f_RENKEI_DATA_FILE])用に作成されたスレッドです。このスレッドが完了しました。合計実行時間は統計上意味を持つほど長くありませんでした。
スレッド[TRANSF_1_1_1]は[トランスフォーメーションステージ] (パーティションポイント[SQ_f_RENKEI_DATA_FILE])用に作成されたスレッドです。このスレッドが完了しました。合計実行時間は統計上意味を持つほど長くありませんでした。
スレッド[READER_1_2_1]は[読み込みステージ] (パーティションポイント[mplt_CMN_EDI送信DB_支払更新２_SQ_J_EDI_SND_DB_PAY])用に作成されたスレッドです。このスレッドが完了しました。
	実行時間合計 = [60.037668]秒
	アイドル時間合計 = [0.000000]秒
	ビジー率 = [100.000000]
スレッド[TRANSF_1_2_1]は[トランスフォーメーションステージ] (パーティションポイント[mplt_CMN_EDI送信DB_支払更新２_SQ_J_EDI_SND_DB_PAY])用に作成されたスレッドです。このスレッドが完了しました。合計実行時間は統計上意味を持つほど長くありませんでした。
スレッド[TRANSF_1_3_1]は[トランスフォーメーションステージ] (パーティションポイント[jnr_データ更新項目結合])用に作成されたスレッドです。このスレッドが完了しました。
	実行時間合計 = [60.025665]秒
	アイドル時間合計 = [60.018669]秒
	ビジー率 = [0.011655]
	このスレッドのトランスフォーメーション固有の統計値は、報告できるほど正確ではありませんでした。
スレッド[WRITER_1_*_1]は[書き込みステージ] (パーティションポイント[DEV3ITUSER_J_EDI_SND_DB_PAY, TUGA1401])用に作成されたスレッドです。このスレッドが完了しました。合計実行時間は統計上意味を持つほど長くありませんでした。

MAPPING> CMN_1791 [2025-10-27 12:17:08.686] メモリ内で[1]集計グループ([agg_有効件数]の入力行)を保持するインデックスキャッシュサイズは[1296]バイトです
MAPPING> CMN_1790 [2025-10-27 12:17:08.686] メモリ内で[1]集計グループ([agg_有効件数]の入力行)を保持するデータキャッシュサイズは[536]バイトです
MANAGER> CMN_1761 [2025-10-27 12:17:08.687] タイムスタンプイベント: [Mon Oct 27 12:17:08 2025]
MANAGER> DBG_21702 [2025-10-27 12:17:08.687] セッションの実行中にエラーが発生しました。エラーコード[256]、累積エラーコード[263]、ステージ[12]。
MANAGER> CMN_1761 [2025-10-27 12:17:08.687] タイムスタンプイベント: [Mon Oct 27 12:17:08 2025]
MANAGER> DBG_21702 [2025-10-27 12:17:08.687] セッションの実行中にエラーが発生しました。エラーコード[256]、累積エラーコード[263]、ステージ[13]。
MANAGER> PETL_24005 [2025-10-27 12:17:08.687] ポストセッションタスクの開始｡ : (Mon Oct 27 12:17:08 2025)
POST-SESS> PETL_24091 [2025-10-27 12:17:08.688] スレッド[POST-SESS]のIDは[11]です。
MANAGER> PETL_24029 [2025-10-27 12:17:08.750] セッション実行後のタスクは正常に終了しました。 : (Mon Oct 27 12:17:08 2025)
MANAGER> CMN_1761 [2025-10-27 12:17:08.750] タイムスタンプイベント: [Mon Oct 27 12:17:08 2025]
MANAGER> DBG_21702 [2025-10-27 12:17:08.750] セッションの実行中にエラーが発生しました。エラーコード[32]、累積エラーコード[295]、ステージ[7]。
MAPPING> TM_6315 [2025-10-27 12:17:08.750] DTMエラーログ: ファイルログ[C:\PROGRA~1\INFORM~1\apps\Data_Integration_Server\data\error\s_mtt_010PIX0Z000000000196_error]、行挿入[0]｡
MAPPING> TM_6018 [2025-10-27 12:17:08.751] セッションが[1]の行トランスフォーメーションエラーで完了しました。
MANAGER> TE_7216 [2025-10-27 12:17:08.815] キャッシュファイル[C:\PROGRA~1\INFORM~1\apps\Data_Integration_Server\data\cache\PMAGG2138899069_10_0_16236.idx] (トランスフォーメーション[agg_有効件数]用)を削除しています。
MANAGER> TE_7216 [2025-10-27 12:17:08.815] キャッシュファイル[C:\PROGRA~1\INFORM~1\apps\Data_Integration_Server\data\cache\PMAGG2138899069_10_0_16236.dat] (トランスフォーメーション[agg_有効件数]用)を削除しています。
MANAGER> TE_7216 [2025-10-27 12:17:08.829] キャッシュファイル[C:\PROGRA~1\INFORM~1\apps\Data_Integration_Server\data\cache\PMJNR2138899069_19_0_16236.dat] (トランスフォーメーション[mplt_CMN_EDI送信DB_支払更新２_jnr_データ更新項目結合]用)を削除しています。
MANAGER> TE_7216 [2025-10-27 12:17:08.829] キャッシュファイル[C:\PROGRA~1\INFORM~1\apps\Data_Integration_Server\data\cache\PMJNR2138899069_19_0_16236.idx] (トランスフォーメーション[mplt_CMN_EDI送信DB_支払更新２_jnr_データ更新項目結合]用)を削除しています。
MANAGER> PETL_24002 [2025-10-27 12:17:08.907] Parallel Pipeline Engine 終了｡
MANAGER> CMN_1761 [2025-10-27 12:17:08.907] タイムスタンプイベント: [Mon Oct 27 12:17:08 2025]
MANAGER> DBG_21702 [2025-10-27 12:17:08.907] セッションの実行中にエラーが発生しました。エラーコード[256]、累積エラーコード[295]、ステージ[15]。
DIRECTOR> PETL_24013 [2025-10-27 12:17:08.969] セッションの実行で障害が発生しました｡
DIRECTOR> TM_6022 [2025-10-27 12:17:08.969] 

セッションロード要約
================================================

DIRECTOR> TM_6252 [2025-10-27 12:17:08.969] ソースのロード要約
DIRECTOR> CMN_1740 [2025-10-27 12:17:08.969] テーブル: [SQ_f_RENKEI_DATA_FILE] (インスタンス名: [SQ_f_RENKEI_DATA_FILE]、インスタンスUI名: [SQ_f_RENKEI_DATA_FILE])
	出力行数[6]、影響のあった行数[6]、適用された行数[6]、拒否された行数[0]
DIRECTOR> CMN_1740 [2025-10-27 12:17:08.969] テーブル: [mplt_CMN_EDI送信DB_支払更新２_SQ_J_EDI_SND_DB_PAY] (インスタンス名: [mplt_CMN_EDI送信DB_支払更新２_SQ_J_EDI_SND_DB_PAY]、インスタンスUI名: [mplt_CMN_EDI送信DB_支払更新２_SQ_J_EDI_SND_DB_PAY])
	出力行数[0]、影響のあった行数[0]、適用された行数[0]、拒否された行数[0]
DIRECTOR> TM_6253 [2025-10-27 12:17:08.969] ターゲットのロード要約
DIRECTOR> CMN_1740 [2025-10-27 12:17:08.969] テーブル: [DEV3ITUSER_J_EDI_SND_DB_PAY] (インスタンス名: [DEV3ITUSER_J_EDI_SND_DB_PAY]、インスタンスUI名: [mplt_CMN_EDI送信DB_支払更新２_J_EDI_SND_DB_PAY])
	出力行数[0]、影響のあった行数[0]、適用された行数[0]、拒否された行数[0]
DIRECTOR> CMN_1740 [2025-10-27 12:17:08.969] テーブル: [TUGA1401] (インスタンス名: [TUGA1401]、インスタンスUI名: [f_J_EDI_SND_OUTPUT_PAYDTL])
	出力行数[0]、影響のあった行数[0]、適用された行数[0]、拒否された行数[0]
DIRECTOR> TM_6023 [2025-10-27 12:17:08.969] 
===================================================

DIRECTOR> TM_6020 [2025-10-27 12:17:08.969] セッション[s_mtt_010PIX0Z000000000196]が[Mon Oct 27 12:17:08 2025]で完了しました。
