10/27/2025 12:16:03 **** Connection: Conn_010PIX0B00000000001Tをインポートしています...
10/27/2025 12:16:03 **** Source Definition: TUGA140S02001をインポートしています...
10/27/2025 12:16:03 **** Source Definition: DUMMY_mplt_CMN_EDI送信DB_支払更新２_SQ_J_EDI_SND_DB_PAYをインポートしています...
10/27/2025 12:16:03 **** Target Definition: DEV3ITUSER_J_EDI_SND_DB_PAYをインポートしています...
10/27/2025 12:16:03 **** Target Definition: TUGA1401をインポートしています...
10/27/2025 12:16:03 **** SessionConfig: default_session_configをインポートしています...
    <警告> :エラーログDB接続の値には、プレフィックスとしてRelational:が必要です。
    <警告> :無効な値が属性Error Log DB Connectionに指定されました。デフォルト値を使用します
    Source Definition TUGA140S02001の検査しています...
    Source Definition DUMMY_mplt_CMN_EDI送信DB_支払更新２_SQ_J_EDI_SND_DB_PAYの検査しています...
    Target Definition TUGA1401の検査しています...
    Target Definition DEV3ITUSER_J_EDI_SND_DB_PAYの検査しています...
10/27/2025 12:16:03 **** Mapping: Mapping0をインポートしています...
    <警告> :transformation: SQ_f_RENKEI_DATA_FILE - 無効な値が属性Output is repeatableに指定されました。デフォルト値Neverを使用します    [transformation< SQ_f_RENKEI_DATA_FILE > ] 
    <警告> :テーブル属性が無効です: Thousand Separator    [transformation< SQ_f_RENKEI_DATA_FILE > ] 
    <警告> :テーブル属性が無効です: Decimal Separator    [transformation< SQ_f_RENKEI_DATA_FILE > ] 
    <警告> :テーブル属性が無効です: Datetime Format    [transformation< SQ_f_RENKEI_DATA_FILE > ] 
    <警告> :transformation: mplt_CMN_EDI送信DB_支払更新２_SQ_J_EDI_SND_DB_PAY - 無効な値が属性Output is repeatableに指定されました。デフォルト値Neverを使用します    [transformation< mplt_CMN_EDI送信DB_支払更新２_SQ_J_EDI_SND_DB_PAY > ] 
    <警告> :transformation: jnr_データ更新項目結合 - 無効な値Null is Higest Valueが属性Null ordering in detailに指定されました。デフォルト値Null Is Highest Valueを使用します    [transformation< jnr_データ更新項目結合 > ] 
マッピングMapping0のトランスフォーメーションを検査しています...
マッピング変数を検査しています。
10/27/2025 12:16:06 **** Workflow: wf_mtt_010PIX0Z000000000196をインポートしています...
    <警告> :属性Table Name Prefix (エレメントATTRIBUTE)が無効です    [Session< s_mtt_010PIX0Z000000000196 >  --> Source< DUMMY_mplt_CMN_EDI送信DB_支払更新２_SQ_J_EDI_SND_DB_PAY > ] 
    <警告> :無効な値Noneが属性Pushdown Optimization Contextに指定されました。デフォルト値None を使用します    [Session< s_mtt_010PIX0Z000000000196 > ] 
    <警告> :入力された値が正しい整数ではありません。
    <警告> :無効な値NOが属性Fail task after wait timeに指定されました。デフォルト値を使用します
[要約Joiner jnr_データ更新項目結合]
     新しいパーティションポイントです。
     パーティションのタイプがなしから自動ハッシュキーに変更されました。
Successfully extracted session instance [s_mtt_010PIX0Z000000000196].  Starting repository sequence id is [2138895158]
