2025/07/30 22:25:20.58 ジョブID: DNKA130S020 の実行開始 
2025/07/30 22:25:20.58 STEP010 開始 
2025/07/30 22:25:20.58 STEP010 実行終了 
2025/07/30 22:25:20.58 STEP020 実行開始 
2025/07/30 22:25:20.59 STEP020 終了 
2025/07/30 22:25:20.60 STEP030 実行開始 
564  [main] INFO  com.informatica.saas.utilities.plugins.EncryptTextPlugin  - Keystore : key-store.txt
754  [main] INFO  com.informatica.saas.plugins.RestClientPlugin  - Welcome to Informatica CLI tool
759  [main] INFO  com.informatica.saas.plugins.RestClientPlugin  - Based on your configuration CLI tool will assume you are working in Florence(IICS) mode
https://dm1-ap.informaticacloud.com/ma/api/v3/InternalLogin
6395 [main] INFO  com.informatica.saas.delegate.florence.FlorenceUserDelegate  - SaaS URL was not set. Using SaaS URL: https://apne1.dm1-ap.informaticacloud.com/saas
6399 [main] INFO  com.informatica.saas.delegate.florence.FlorenceUserDelegate  - Logged IN, IDS-SESSION-ID=4l8aT3H4hRSj5ekE6izusj
6403 [main] INFO  com.informatica.saas.utilities.plugins.UserHandler  - Logged in at Wed Jul 30 22:25:27 JST 2025
6405 [main] INFO  com.informatica.saas.utilities.task.ICRTTask  - Wed Jul 30 22:25:27 JST 2025 Running the task: wf_DNK_A130_130
https://apne1.dm1-ap.informaticacloud.com/active-bpel/tf/wf_DNK_A130_130
7189 [main] INFO  com.informatica.saas.utilities.task.ICRTTask  - Submitted run of the task: taskUrl=wf_DNK_A130_130, taskRunId=1135201494830632960
https://apne1.dm1-ap.informaticacloud.com/active-bpel/services/tf/status/1135201494830632960
7259 [main] INFO  com.informatica.saas.utilities.task.ICRTTask  - Wed Jul 30 22:25:27 JST 2025 Task wf_DNK_A130_130 with run Id 1135201494830632960 found in activity log
7261 [main] INFO  com.informatica.saas.utilities.task.ICRTTask  - Job Status:  Running
https://apne1.dm1-ap.informaticacloud.com/active-bpel/services/tf/status/1135201494830632960
22416 [main] INFO  com.informatica.saas.utilities.task.ICRTTask  - Wed Jul 30 22:25:43 JST 2025 Task wf_DNK_A130_130 with run Id 1135201494830632960 found in activity log
22416 [main] INFO  com.informatica.saas.utilities.task.ICRTTask  - Job Status:  Running
https://apne1.dm1-ap.informaticacloud.com/active-bpel/services/tf/status/1135201494830632960
37529 [main] INFO  com.informatica.saas.utilities.task.ICRTTask  - Wed Jul 30 22:25:58 JST 2025 Task wf_DNK_A130_130 with run Id 1135201494830632960 found in activity log
37529 [main] INFO  com.informatica.saas.utilities.task.ICRTTask  - Job Status:  Running
https://apne1.dm1-ap.informaticacloud.com/active-bpel/services/tf/status/1135201494830632960
52610 [main] INFO  com.informatica.saas.utilities.task.ICRTTask  - Wed Jul 30 22:26:13 JST 2025 Task wf_DNK_A130_130 with run Id 1135201494830632960 found in activity log
52610 [main] INFO  com.informatica.saas.utilities.task.ICRTTask  - Job Status:  Running
https://apne1.dm1-ap.informaticacloud.com/active-bpel/services/tf/status/1135201494830632960
67695 [main] INFO  com.informatica.saas.utilities.task.ICRTTask  - Wed Jul 30 22:26:28 JST 2025 Task wf_DNK_A130_130 with run Id 1135201494830632960 found in activity log
67695 [main] INFO  com.informatica.saas.utilities.task.ICRTTask  - Job Status:  Success
67695 [main] INFO  com.informatica.saas.utilities.task.ICRTTask  - Details: ID: runId: 1135201494830632960 Start Time: 2025-07-30T13:25:28Z End Time: 2025-07-30T13:26:14Z Subtask Count: 1
67695 [main] INFO  com.informatica.saas.utilities.plugins.RunAJobPlugin  - Wed Jul 30 22:26:28 JST 2025 Task null with run Id 1135201494830632960 exited from activity monitor
https://dm1-ap.informaticacloud.com/ma/api/v3/Logout
67833 [main] INFO  com.informatica.saas.delegate.florence.FlorenceUserDelegate  - Logged OUT, IDS-SESSION-ID=4l8aT3H4hRSj5ekE6izusj
67833 [main] INFO  com.informatica.saas.utilities.plugins.UserHandler  - Logged out at Wed Jul 30 22:26:28 JST 2025
67833 [main] INFO  com.informatica.saas.utilities.plugins.RunAJobPlugin  - Main returning: 0
2025/07/30 22:26:28.55 STEP030 実行終了 
2025/07/30 22:26:28.56 ジョブID: DNKA130S020 の正常終了 
