2025/08/08 23:09:33.03 ジョブID:  の実行開始 
2025/08/08 23:09:33.03 STEP010 開始 
2025/08/08 23:09:33.04 STEP010 終了 
2025/08/08 23:09:33.04 STEP020 開始 
2025/08/08 23:09:33.06 STEP020 終了 
2025/08/08 23:09:33.07 STEP030 実行開始 
574  [main] INFO  com.informatica.saas.utilities.plugins.EncryptTextPlugin  - Keystore : key-store.txt
770  [main] INFO  com.informatica.saas.plugins.RestClientPlugin  - Welcome to Informatica CLI tool
775  [main] INFO  com.informatica.saas.plugins.RestClientPlugin  - Based on your configuration CLI tool will assume you are working in Florence(IICS) mode
https://dm1-ap.informaticacloud.com/ma/api/v3/InternalLogin
6334 [main] INFO  com.informatica.saas.delegate.florence.FlorenceUserDelegate  - SaaS URL was not set. Using SaaS URL: https://apne1.dm1-ap.informaticacloud.com/saas
6339 [main] INFO  com.informatica.saas.delegate.florence.FlorenceUserDelegate  - Logged IN, IDS-SESSION-ID=0cYUNpmC77seM9IPnodPIe
6342 [main] INFO  com.informatica.saas.utilities.plugins.UserHandler  - Logged in at Fri Aug 08 23:09:39 JST 2025
6344 [main] INFO  com.informatica.saas.utilities.task.ICRTTask  - Fri Aug 08 23:09:39 JST 2025 Running the task: wf_SPT_A050_110
https://apne1.dm1-ap.informaticacloud.com/active-bpel/tf/wf_SPT_A050_110
6548 [main] INFO  com.informatica.saas.utilities.task.ICRTTask  - Submitted run of the task: taskUrl=wf_SPT_A050_110, taskRunId=1138474109779283968
https://apne1.dm1-ap.informaticacloud.com/active-bpel/services/tf/status/1138474109779283968
6621 [main] INFO  com.informatica.saas.utilities.task.ICRTTask  - Fri Aug 08 23:09:39 JST 2025 Task wf_SPT_A050_110 with run Id 1138474109779283968 found in activity log
6623 [main] INFO  com.informatica.saas.utilities.task.ICRTTask  - Job Status:  Running
https://apne1.dm1-ap.informaticacloud.com/active-bpel/services/tf/status/1138474109779283968
21717 [main] INFO  com.informatica.saas.utilities.task.ICRTTask  - Fri Aug 08 23:09:54 JST 2025 Task wf_SPT_A050_110 with run Id 1138474109779283968 found in activity log
21718 [main] INFO  com.informatica.saas.utilities.task.ICRTTask  - Job Status:  Success
21718 [main] INFO  com.informatica.saas.utilities.task.ICRTTask  - Details: ID: runId: 1138474109779283968 Start Time: 2025-08-08T14:09:40Z End Time: 2025-08-08T14:09:49Z Subtask Count: 1
21718 [main] INFO  com.informatica.saas.utilities.plugins.RunAJobPlugin  - Fri Aug 08 23:09:54 JST 2025 Task null with run Id 1138474109779283968 exited from activity monitor
https://dm1-ap.informaticacloud.com/ma/api/v3/Logout
21886 [main] INFO  com.informatica.saas.delegate.florence.FlorenceUserDelegate  - Logged OUT, IDS-SESSION-ID=0cYUNpmC77seM9IPnodPIe
21886 [main] INFO  com.informatica.saas.utilities.plugins.UserHandler  - Logged out at Fri Aug 08 23:09:55 JST 2025
21886 [main] INFO  com.informatica.saas.utilities.plugins.RunAJobPlugin  - Main returning: 0
2025/08/08 23:09:55.10 STEP030 実行終了 
2025/08/08 23:09:55.11 STEP040 実行開始 
2025/08/08 23:09:55.11 STEP040 ファイルサイズ=0 により終了コード10を返却 
